10.159539117669167
21.834849783464282
15.518950805845414
15.35976478974369
11.519829629966322
2.2169850000056384
7.071067811597781e-06
7.9934821120866975
8.867968008143128
19.95292500000063
23.35747090114103
13.845114984110822
21.14876210295652
13.485444357285747
7.9934823939538395
5.865610110828199
7.679889470197471
4.433985000002819
7.6798808099377425
5.865610110828198
11.731226076470014
11.084964462904244
17.59682729030577
24.984228294579168
19.327286978353946
22.500016713519347
11.084960802648334
11.084960802648334
18.146870877538365
16.737916516276748
11.084955802647569
15.35976478974369
7.071067811597781e-06
7.679894470189677
11.51984329022101
21.834840137675613
6.650975000001879
3.839945000003255
7.993475460201902
6.650983873897906
7.993475846179182
7.679895000001627
10.15954013042175
21.8348399232614
9.663646986663473
9.663651390838247
13.485431434153304
2.2169909644042307
11.519829629966322
7.679894470189677
17.315264092703003
21.148765926834834
22.500012150548937
16.73792529161395
11.084960802648334
12.343686281287694
9.663646986663473
12.343698501942196
4.4339824191408335
7.6798808099377425
5.865611697278468
11.51984329022101
7.9934821120866975
4.433987419135287
2.2169850000056384
17.31527133270657
7.9934821120866975
9.663646986663473
9.663653106007581
23.357459384805747
18.14686243929374
23.35746268119142
5.86561200065688
4.4339824191408335
3.8399369899062146
2.2169850000056384
3.8399506501581495
13.30196225740586
18.14686483321706
15.518941391655876
15.518950051909117
18.94199130159894
6.650975000001879
7.679895000001627
13.485441023676238
24.687381408732886
13.845116897825385
16.737927360765134
12.343686281287694
4.433987419135287
13.485431434153304
5.865611697278468
3.839945000003255
24.687381408732886
11.519834629969738
22.169923435421467
21.37989600342457
10.159530821167383
19.705059027479464
3.8399350000032553
10.159545138747601
11.084955000001129
3.839945000003255
14.537791701756152
18.14686243929374
18.94198815865563
10.15953409443809
14.537784262804632
7.993475846179183
21.14875756374946
3.839945000003255
16.737916844113247
19.95292500000063
24.68737543280472
9.663643172015924
10.159530821167383
4.433987419135287
10.159543248928566
9.663651390838247
2.2169946246326355
6.650975000001879
5.865612000656879
7.993475460201902
21.14876210295652
15.518941391655876
13.485439654102866
12.343686281287694
7.993478619678044
8.867968008143128
13.485431434153304
6.650985000001879
11.084955000001129
12.343695613852846
19.327287029933867
15.98695799016342
13.845111325888643
8.867968008143128
11.731216341643776
21.37989358413297
14.537786251649527
17.596835091835406
23.146073641316583
21.379897368655676
13.48543187951539
10.15953409443809
18.146857427087756
4.433987419135287
6.6509802136414455
7.679889470197471
4.4339824191408335
4.433985000002819
15.518950805845414
7.071067811597781e-06
19.327292938749856
6.650975000001879
7.993478619678043
8.867968008143128
13.30195725740577
16.73792048987717
9.663646986663473
15.518942001890785
5.865611697278469
2.216994624632636
4.433985000002819
5.865602673796616
3.8399506501581495
4.4339824191408335
4.4339824191408335
5.865610110828198
13.845117386033605
17.315263452516394
5.865610110828199
7.679885000001628
3.8399350000032553
4.433985000002819
11.731224431160202
7.071067811597781e-06
3.8399419899068783
5.865612000656879
13.485435315341139
16.737929666504456
15.518950051909117
4.4339824191408335
2.216994624632636
4.433985000002819
11.731223900934205
15.359775000000813
21.379897368655676
18.94199401071202
15.986960656449057
19.95293064091714
9.663646986663473
17.596824017033583
5.865611697278468
5.865610110828198
19.3272895904017
7.993475846179183
5.86561200065688
4.433987419135287
17.596820986009092
4.433985000002819
13.48543531534114
9.663642214209402
7.6798808099377425
5.865611697278468
13.485439654102864
3.839945000003255
16.737916844113247
15.518945000000807
9.663642214209402
9.663642024932939
15.51894825304376
13.845114984110822
23.980436629007613
10.15953409443809
11.731224431160202
8.867968008143128
3.839945650168762
11.731224431160202
13.845124103591488
13.301945000000941
9.663642024932939
11.519835000001086
15.986960656449057
10.159539117669167
13.301948597151096
16.73792792518387
9.663646986663473
2.216994624632636
3.8399369899062146
4.433987419135287
12.343687068224387
9.663646986663473
13.485441023676238
13.301953597154442
10.159530821167383
4.4339824191408335
17.315261693842515
11.084955000001129
8.86796500000141
17.735935000000705
15.518948187788048
18.941988158655626
10.159530821167383
6.6509802136414455
21.834840137675613
11.731216256665377
13.485439654102866
10.15953409443809
19.705059027479464
11.731214982048963
11.084960802648334
15.518948187788048
9.663646986663473
11.084955000001129
22.500006860226737
14.537795514219136
23.35747090114103
15.98695799016342
21.37990569151908
19.199717270029005
10.15953409443809
7.993475846179183
5.86561200065688
17.315257466149614
4.4339824191408335
13.84511409938719
11.731226076470014
13.485441845673801
21.83484238467615
12.343686281287694
3.8399350000032553
4.433985000002819
10.15953531894299
18.94199401071202
24.68738835747617
23.462436478321045
10.159539117669167
10.159539117669167
9.663646986663473
6.650975000001879
4.4339824191408335
15.986960656449055
19.3272895904017
14.537795514219136
10.159543248928566
2.2169909644042307
13.48543531534114
2.2169850000056384
2.2169946246326355
6.650983873897906
11.519835000001086
17.596840152290127
20.319065648637736
20.319071276794368
12.343686281287694
12.343689411867507
17.596833466145267
18.146857427087756
7.679885000001628
6.650988873893115
19.95293064091714
6.650975213639727
4.4339824191408335
13.84511409938719
3.8399369899062146
2.21699962463912
21.37989358413297
13.845101718198029
10.159533429122128
8.86796500000141
4.4339824191408335
7.993478619678043
9.663642214209402
8.867968008143128
11.731224186650342
18.14686483321706
21.148755940580756
23.35746022998755
20.31906800352442
9.663643172015924
11.731224431160202
7.9934821120866975
10.159545138747601
5.865602673796616
11.084955000001129
5.865611697278468
12.343697189005002
13.485435315341139
21.379902916698427
6.6509802136414455
8.867975000001408
18.146870877538365
7.9934821120866975
9.663642214209402
13.485439654102864
12.343688623650955
18.146857427087756
15.986950784394441
7.993475846179183
13.30195500000094
5.865611697278468
12.343689411867507
21.834840137675613
23.462436478321045
15.986960656449057
9.663646986663473
5.865610110828199
6.650985000001879
21.148766949168692
23.039657429806766
17.596828545299008
13.485444357285747
9.663651390838247
5.865612000656879
5.865612000656879
12.343697189005002
11.519835000001086
15.518950051909117
23.35746450120068
13.485441023676238
12.343686281287694
7.679889470197471
11.084965000001128
7.071067811597781e-06
11.731223900934205
5.865611697278468
4.4339824191408335
5.865610110828198
7.993475846179182
11.731224186650342
21.379897176241286
22.500017790482964
20.319064635884448
18.14686243929374
5.86561200065688
10.15954013042175
11.084964462904244
11.731224186650342
17.596833466145267
9.663643172015924
9.663646986663473
20.31905808934681
13.845109964072153
3.8399369899062146
7.071067811597781e-06
5.865605947065487
10.159543543548105
19.95292500000063
17.315265788547688
13.845109964072153
11.731223900934205
5.865612000656879
11.519835000001086
15.518945000000807
17.735945000000708
5.865610110828199
8.867975000001408
2.2169946246326355
11.51984329022101
12.343688623650955
15.518950051909117
13.845114984110822
23.146081502216525
15.518941391655876
16.73792529161395
18.94198815865563
7.679885000001628
19.327287029933867
2.2169946246326355
2.21699962463912
11.731223900934205
21.1487572235829
21.379897494376582
17.596828545299008
11.731223900934207
8.867968008143128
5.865610110828199
10.159543248928566
13.845109964072153
3.8399350000032553
4.433985000002819
7.071067811597781e-06
3.8399506501581495
3.839945000003255
11.731226076470014
18.94199130159894
11.519834629969738
22.169923435421467
18.146870877538365
23.462442501130397
19.19970860977452
7.679895000001627
10.15954013042175
21.834849783464282
13.845111325888643
20.31905808934681
5.86561539617541
2.216995000005638
9.663642214209402
19.199722270029064
13.845101718198029
5.865611697278468
12.343688623650955
10.15953531894299
18.941991435449705
14.537795514219136
14.537790362749423
9.663642024932939
5.865615396175409
2.2169850000056384
7.071067811597781e-06
15.986964923913794
15.518945000000807
15.359769789747828
5.86561539617541
17.315257466149614
7.9934754602019025
2.216995000005638
6.650975000001879
16.737925692906213
21.379895813227197
8.867968008143128
6.650975213639727
6.650985000001879
13.485444357285747
3.8399369899062146
13.301945000000941
12.343688623650955
21.148758562890873
16.73792529161395
15.359773449997562
7.9934821120866975
4.433987419135287
7.993482393953839
5.865611697278468
8.867968008143128
15.518945000000807
15.518945000000807
7.993475460201902
21.148755416436444
15.359773449997562
21.1487572235829
14.537794843381509
16.73792792518387
7.9934821120866975
6.650975000001879
5.865610110828198
9.663642024932939
18.146861103982967
11.731224186650342
13.30195725740577
17.596842042112275
15.518950805845414
17.596820986009092
4.433985000002819
21.148766949168692
18.941991435449705
13.301953597154442
7.679885000001628
7.9934754602019025
4.433987419135287
12.343687068224387
10.159533429122128
13.8451044916985
19.327287029933867
21.8348399232614
13.48543187951539
6.650975213639727
2.216994624632636
5.865602673796616
14.537786251649527
10.15953531894299
18.941991435449705
23.35747354314353
23.462436478321045
21.148755502923805
5.86561200065688
5.865611697278469
2.216995000005638
13.845101718198029
9.663642214209402
7.679885809935588
8.867968008143128
7.993475846179182
13.30195725740577
21.14875756374946
21.14875756374946
19.705059027479464
12.343686281287694
10.159539117669167
7.679885000001628
4.433985000002819
11.731223900934205
6.650988873893115
11.084960802648334
12.343697189005002
6.650983873897906
7.993475846179182
24.386915000000513
11.084964462904244
17.59682729030577
13.30195725740577
23.146073641316583
9.663643172015924
7.9934821120866975
7.9934821120866975
5.865602673796616
18.146871552536265
23.462447295490087
23.980434227082924
12.343689411867507
11.084964462904244
24.98423387931377
13.845117169841865
16.737916516276748
5.86561539617541
10.159545138747601
9.663642214209402
2.2169946246326355
6.650975000001879
8.867968008143128
18.146871552536265
13.301945000000941
18.94199401071202
13.30195725740577
17.596840152290127
22.500011385842672
6.650975213639727
13.48543531534114
7.071067811597781e-06
13.845124103591488
21.148755502923805
24.984228294579168
14.537790362749423
8.867968008143128
9.663651390838247
7.679885000001628
5.865611697278469
5.865615396175409
13.84511409938719
3.839945000003255
6.650988873893115
10.159530821167383
2.2169909644042307
3.8399506501581495
11.51984329022101
19.199722270029064
14.537786251649527
11.084964462904244
13.485441845673801
20.319065648637736
17.596833466145267
18.146857427087756
14.537784262804632
12.343689411867507
5.865611697278469
8.867975000001408
13.30195500000094
2.216994624632636
17.315261693842515
4.433985000002819
5.865611697278468
10.15953531894299
8.867968008143128
7.993475846179183
17.735935000000705
9.663642024932939
11.731216341643776
11.519835000001086
13.845114984110822
17.315264092703003
19.327292938749856
22.169923435421467
21.148761502122294
22.500012150548937
10.15953409443809
16.73791933121468
11.731224431160202
15.518950805845414
4.4339824191408335
5.865612000656879
9.663642214209402
10.15954013042175
21.37990724694684
15.518950805845414
9.663651390838247
14.537794843381509
5.86561200065688
10.159532571129933
4.4339824191408335
7.679894470189677
8.86796500000141
7.679895000001627
13.485441023676238
15.518950051909117
22.16991843542168
14.537790362749423
13.485441023676238
10.159545138747601
7.993482393953839
14.537798286805673
18.146861103982967
15.518941391655876
13.845117169841865
9.663646986663473
15.518942001890785
13.84511409938719
14.537786251649527
20.319062893250024
15.518948187788048
19.705057195081924
9.663646986663473
9.663651390838247
16.73791933121468
4.433987419135287
15.98695816958467
13.48543531534114
3.8399369899062146
4.433987419135287
12.343687068224387
5.865611697278468
13.845117386033605
19.199715000000648
15.986960656449057
11.731216256665377
7.993478619678044
8.867968008143128
12.343698501942196
4.4339824191408335
2.216995000005638
9.663642214209402
3.8399419899068783
5.865610110828198
3.839945000003255
7.993475460201902
7.993475460201902
7.679895000001627
11.084964462904244
18.941991435449705
22.500017790482964
15.359765000000813
14.537796164056298
19.705059027479464
13.485431434153304
15.35976478974369
9.663642214209402
7.9934821120866975
17.315264092703003
16.737925692906213
20.319064635884448
13.845109964072153
5.865615396175409
17.596836739415696
6.650988873893115
9.663642024932939
7.679895000001627
11.731226076470014
18.94199130159894
11.731216341643776
14.537791701756152
22.500021537070804
19.327292938749856
9.663643172015924
2.216995000005638
5.865615396175409
4.433987419135287
15.98695816958467
7.993478619678043
14.537798286805673
17.596835091835406
13.485435315341139
19.3272895904017
21.14875756374946
17.596832222307796
13.301953597154442
13.301948597151096
11.084955802647569
6.6509802136414455
6.650975213639727
2.216995000005638
4.433985000002819
5.865602673796616
23.039666090059765
24.386916229926445
11.084955802647569
5.865611697278469
10.159533429122128
8.86796500000141
11.731226076470014
22.169915000000568
11.084964462904244
24.687381408732886
14.537792186864207
11.731216256665377
8.867968008143128
12.343689411867507
13.485431434153304
9.663646986663473
5.865615396175409
5.865602673796616
4.433985000002819
2.2169946246326355
9.663646986663473
12.343688623650955
18.14686483321706
13.485444357285747
9.663651390838247
14.537784262804632
7.679885000001628
15.98695816958467
17.596820986009092
17.315261693842515
3.839945000003255
9.663642214209402
17.735942846413604
17.596830332484597
10.159539117669167
11.731224431160202
7.6798808099377425
5.865611697278468
8.867968008143128
15.98695799016342
17.596827532548303
15.518949859035242
22.16991843542168
12.343689411867507
10.159530821167383
2.216994624632636
5.865612000656879
9.663646986663473
16.737917991191434
15.518948187788048
19.32729620656366
11.731223900934207
14.537794843381509
14.537794843381509
10.159546676956113
12.343686281287694
11.084960802648334
24.386915000000513
17.735937846413705
7.993478619678044
12.343698501942196
5.865611697278469
11.084965000001128
11.731224431160202
7.6798808099377425
3.8399419899068783
7.993478619678043
12.343688623650955
9.663642024932939
19.705057195081924
22.500017790482964
17.596832222307796
11.731223900934207
23.35745698624424
3.8399350000032553
4.433985000002819
10.159545138747601
17.596824017033583
17.315263452516394
6.6509802136414455
7.993479710166906
8.867975000001408
11.084965000001128
19.705059027479464
7.9934821120866975
2.2169850000056384
11.51984329022101
7.679885809935588
18.94199401071202
13.8451044916985
19.705059027479464
13.845114984110822
10.159539117669167
5.86561200065688
23.146075695703797
5.865615396175409
7.071067811597781e-06
5.865611697278468
11.731216341643776
17.596828545299008
17.315261693842515
13.84510767878134
11.084960802648334
8.867968008143128
4.433985000002819
21.14875756374946
14.537786251649527
8.867968008143128
13.485431434153304
11.519834629969738
12.343695613852846
22.500006860226737
22.16991843542168
6.650975000001879
16.737917991191434
10.159540270280441
13.485441023676238
9.663643172015924
21.834849783464282
10.159546676956113
18.146865493529454
7.9934823939538395
13.30195500000094
6.650985000001879
5.865611697278468
5.865605947065487
5.865611697278468
17.735935000000705
14.537791701756152
21.148755940580756
18.146871552536265
2.216995000005638
10.159533429122128
8.86796500000141
5.865611697278468
10.159543543548105
13.485441845673801
11.084960802648334
13.845117169841865
18.94199130159894
3.8399419899068783
11.084964462904244
19.327288443324115
15.98695816958467
11.519825000001086
5.865611697278469
5.865615396175409
15.518949859035242
5.865611697278468
12.343688623650955
5.865610110828199
19.327287029933867
7.9934821120866975
3.8399506501581495
19.327292938749856
15.98695816958467
10.159533429122128
5.865611697278468
9.663646986663473
8.867968008143128
11.731224186650342
15.986960656449055
14.537791701756152
17.735945000000708
10.159530821167383
6.6509802136414455
9.663646986663473
4.4339824191408335
2.2169909644042307
15.518950805845414
11.731214982048963
4.433987419135287
15.986964923913794
15.518945000000807
13.485435315341139
13.845109964072153
7.071067811597781e-06
11.519834629969738
21.37990569151908
21.148761502122294
7.679889470197471
17.596820986009092
9.663642214209402
4.433987419135287
8.86796500000141
7.993478619678043
12.343697189005002
9.663646986663473
11.519835000001086
19.952939301171895
21.148755502923805
14.537795514219136
19.705057308621306
10.159530821167383
3.839945650168762
7.993482393953839
5.865612000656879
19.705064621691804
