9.663642024932939
9.663643172015924
9.663651390838247
11.084955802647569
5.865610110828199
2.21699962463912
4.433987419135287
11.51984329022101
19.327286978353946
13.301953597154442
11.084965000001128
2.216995000005638
11.519829629966322
7.679894470189677
14.537786251649527
5.865611697278468
6.650988873893115
15.986964923913794
7.993475460201902
11.731216341643776
15.986960656449055
13.301953597154442
7.9934823939538395
7.679885000001628
7.993479710166906
10.159543248928566
6.650985000001879
7.679894470189677
17.31527133270657
14.537786251649527
8.86796500000141
4.4339824191408335
9.663653106007581
17.315257466149614
15.518950051909117
18.941988158655626
14.537794843381509
2.216994624632636
9.663642214209402
13.845116897825385
15.518950051909117
21.14876210295652
19.199717270029005
5.865611697278469
4.433985000002819
3.8399369899062146
3.8399506501581495
7.993482393953839
11.731223900934205
13.845101718198029
7.679895000001627
13.30195725740577
11.519825000001086
11.731224431160202
7.993482393953839
7.9934821120866975
8.867968008143128
11.731226076470014
17.315263452516394
19.199715000000648
5.865611697278468
15.518948187788048
15.518948253043762
13.84510767878134
13.845105276856872
9.663646986663473
5.86561539617541
13.30195500000094
10.159532571129933
4.4339824191408335
2.21699962463912
7.679885809935588
9.663642024932939
12.343689411867507
19.705057195081924
18.146865493529454
11.519825000001086
3.8399350000032553
5.865611697278468
19.327292938749856
10.159533429122128
14.537798286805673
15.98695799016342
15.518946824473947
21.8348399232614
20.319080725905145
18.14686483321706
15.518941391655876
13.48543187951539
7.993475846179183
4.4339824191408335
2.216994624632636
9.663642214209402
5.865602673796616
5.865611697278468
14.537786251649527
5.865612000656879
8.867968008143128
10.159546676956113
20.319062893250024
18.146861103982967
13.485441845673801
16.737927360765134
11.084955802647569
8.867968008143128
18.146870877538365
10.159545138747601
3.8399369899062146
7.071067811597781e-06
5.865611697278468
5.865611697278468
5.865612000656879
12.343695613852846
13.845116897825385
24.984237841051904
7.9934823939538395
23.462439736200707
4.433987419135287
21.148753115842315
2.2169909644042307
2.2169909644042307
3.839945000003255
7.679895000001627
13.8451044916985
17.315264092703003
13.301948597151096
5.865610110828199
11.084965000001128
4.4339824191408335
9.663651390838247
19.327287029933867
13.30196225740586
15.518950051909117
18.94199401071202
13.485431434153304
21.8348399232614
15.518948253043762
16.737926778106363
11.084955802647569
5.865611697278469
4.433985000002819
14.537786251649527
13.845124103591488
7.679895000001627
15.986960656449055
15.98695799016342
15.518950051909117
18.146871552536265
14.537790362749423
7.679889470197471
4.4339824191408335
3.839945650168762
13.48543531534114
3.8399506501581495
5.865605947065487
5.865611697278468
18.941991435449705
16.73792048987717
11.731223900934207
13.845111325888643
11.731224431160202
2.2169850000056384
14.537786251649527
5.865612000656879
23.35745856281137
22.500017790482964
22.500012150548937
19.32729620656366
13.301953597154442
11.519825000001086
7.993475846179183
19.19970860977452
18.146861103982967
20.319064783071344
16.73791933121468
3.839945650168762
4.433985000002819
9.663642214209402
19.705057195081924
24.68737956921005
11.084965000001128
6.650985000001879
2.21699962463912
5.865605947065487
15.518950051909117
13.845114984110822
15.518946824473947
17.315263452516394
20.319077452636723
11.519825000001086
12.343698501942196
11.731216341643776
2.216995000005638
5.865611697278468
9.663642214209402
12.343695613852846
19.952935640918856
17.596832222307796
17.596832222307796
13.84510767878134
14.537796164056298
7.9934754602019025
5.865611697278469
6.650975213639727
6.650985000001879
23.039652429805663
7.071067811597781e-06
7.993475846179182
18.14686243929374
15.98695816958467
16.73791933121468
9.663646986663473
11.519829629966322
4.433987419135287
21.379903780561083
7.679895000001627
17.315264092703003
18.146871552536265
17.315261693842515
15.986960656449057
13.485439654102866
15.518945000000807
3.8399419899068783
7.993475846179182
13.30195725740577
13.485439654102866
3.8399350000032553
5.865602673796616
7.993482393953839
5.865611697278468
5.865610110828198
6.650988873893115
11.731216341643776
10.159540270280441
9.663643172015924
8.867968008143128
15.518945000000807
15.518942001890785
15.518941520131133
9.663642214209402
13.8451044916985
13.845114984110822
11.731216256665377
13.301953597154442
19.95293064091714
9.663651390838247
14.537794843381509
9.663646986663473
24.687381408732886
16.737916844113247
10.15953531894299
7.679885000001628
13.845109964072153
2.216995000005638
5.865602673796616
2.21699962463912
7.993482393953839
6.650983873897906
18.14686243929374
7.9934823939538395
9.663646986663473
3.8399350000032553
7.9934821120866975
3.8399506501581495
7.679894470189677
5.865605947065487
4.4339824191408335
6.650988873893115
13.485441845673801
15.518949859035242
13.485444357285747
18.146857427087756
2.216994624632636
9.663642214209402
3.8399369899062146
5.865611697278468
4.4339824191408335
17.59682729030577
13.845114984110822
24.984229616589143
16.73792529161395
8.867968008143128
8.867968008143128
7.993475846179183
13.845124103591488
7.679895000001627
21.148755940580756
11.731216256665377
11.731214366844126
7.993478619678044
8.867968008143128
13.845111325888643
7.993475846179183
2.216995000005638
5.865610110828198
13.845124103591488
9.663646986663473
4.433985000002819
17.31527133270657
6.650983873897906
15.986960656449055
13.845116897825385
18.941991435449705
6.6509802136414455
9.663646986663473
11.731214982048963
3.8399419899068783
14.537798286805673
13.845124103591488
12.343695613852846
13.485435315341139
10.159540270280441
19.19971360977684
20.319071276794368
7.993478619678044
5.865610110828199
5.86561200065688
5.865611697278469
7.6798808099377425
2.2169946246326355
5.865611697278468
8.867968008143128
11.519834629969738
20.319080725905145
16.73792048987717
13.845105276856872
19.705057308621306
7.993475846179183
8.867975000001408
7.9934754602019025
14.537786251649527
3.8399419899068783
17.735935000000705
9.663653106007581
13.845105276856872
7.9934823939538395
5.865611697278469
3.8399350000032553
13.84511409938719
2.2169946246326355
15.35977844999888
7.993475846179182
19.199715000000648
13.485441023676238
9.663643172015924
23.462439736200707
4.433985000002819
10.159533429122128
6.650988873893115
12.343697189005002
9.663646986663473
14.537795514219136
10.159540270280441
13.30195725740577
19.705057195081924
18.94199130159894
5.865611697278469
11.731214982048963
11.084955000001129
18.14686243929374
8.867968008143128
14.537794843381509
7.993475846179183
10.159532571129933
4.4339824191408335
3.839945000003255
16.73793332116155
21.14876210295652
18.14686483321706
18.941991435449705
15.986960656449057
11.731214366844126
11.731224431160202
12.343689411867507
5.865610110828199
5.86561539617541
10.159532571129933
2.216995000005638
6.650985000001879
3.8399419899068783
12.343686281287694
19.952935000000622
5.86561200065688
17.315261693842515
3.8399506501581495
17.315261693842515
22.500012150548937
11.084960802648334
7.9934823939538395
14.537794843381509
5.865611697278469
7.679889470197471
19.327286978353946
13.845109964072153
7.9934821120866975
12.343695613852846
11.731224186650342
23.35747354314353
17.596827532548303
17.315265788547688
15.359765000000813
4.4339824191408335
11.731224431160202
15.35976478974369
17.31527133270657
12.343688623650955
9.663642214209402
10.15954013042175
15.51894825304376
15.518950051909117
23.146073641316583
13.485439654102866
9.663651390838247
13.301948597151096
5.865610110828199
11.731214982048963
2.21699962463912
3.8399506501581495
13.485439654102864
10.159546676956113
18.941991435449705
12.343689411867507
2.2169909644042307
4.433985000002819
2.2169946246326355
7.071067811597781e-06
5.865611697278468
16.73792529161395
13.84510767878134
2.2169946246326355
7.679894470189677
3.8399419899068783
13.845117386033605
18.14686483321706
18.94199130159894
9.663646986663473
7.9934821120866975
9.663651390838247
3.8399369899062146
2.2169850000056384
7.993482393953839
20.319062893250024
9.663642024932939
15.518950051909117
10.159540270280441
24.6873790249117
16.737916516276748
9.663642024932939
9.663643172015924
12.343698501942196
13.30195725740577
19.3272895904017
21.37990569151908
13.485441023676238
9.663643172015924
10.159530821167383
7.6798808099377425
4.433987419135287
18.146861103982967
12.343687068224387
4.4339824191408335
6.650983873897906
7.679895000001627
11.731226076470014
21.148757103698788
24.984238284731635
21.8348399232614
19.327286978353946
8.867968008143128
10.159530821167383
7.679889470197471
5.865612000656879
7.679885809935588
7.993475846179182
18.146861103982967
21.148759696063735
18.94199401071202
5.865610110828199
4.4339824191408335
15.518941520131133
18.146865493529454
13.845116897825385
5.86561539617541
4.4339824191408335
2.2169946246326355
9.663646986663473
6.650983873897906
2.216995000005638
3.8399369899062146
3.8399506501581495
4.4339824191408335
11.084960802648334
15.986960656449055
23.35746450120068
17.596828545299008
12.343689411867507
15.518950805845414
13.301948597151096
7.679885000001628
5.86561539617541
11.084965000001128
9.663646986663473
19.19970860977452
13.845101718198029
7.679895000001627
18.14686243929374
19.705057195081924
12.343686281287694
11.519838290221353
12.343689411867507
12.343698501942196
13.845109964072153
13.48543531534114
10.159543543548105
14.537795514219136
14.537791701756152
17.315263452516394
17.315257466149614
13.84511409938719
3.8399369899062146
5.865610110828198
18.146871552536265
17.735937846413705
9.663651390838247
16.737926778106363
5.865611697278469
13.30195500000094
14.537796164056298
9.663651390838247
24.984238490153146
7.9934821120866975
12.343688623650955
11.73121498204896
9.663642024932939
7.679895000001627
21.379897494376582
13.845105276856872
9.663642024932939
7.9934823939538395
5.865602673796616
15.518941520131133
19.19972500000065
15.518949859035242
21.148766154564434
13.845111325888643
2.216994624632636
17.315261693842515
4.433987419135287
6.650983873897906
11.731226076470014
15.51894825304376
14.537792186864207
17.735945000000708
7.993475846179183
4.433987419135287
5.865611697278469
3.8399369899062146
13.845101718198029
3.839945000003255
12.343697189005002
14.537798286805673
7.993475460201902
17.315263452516394
15.986960656449057
13.845111325888643
16.737926778106363
2.216994624632636
4.433985000002819
3.8399369899062146
3.839945000003255
15.518950051909117
18.146870877538365
9.663646986663473
9.663651390838247
5.865610110828199
7.9934821120866975
10.159545138747601
3.8399369899062146
21.379903780561083
10.159540270280441
18.14686483321706
23.146081502216525
20.31907460287623
9.663642214209402
13.845114984110822
23.039661090060548
19.705059027479464
13.485439654102866
16.737916516276748
8.867968008143128
9.663642214209402
7.679894470189677
9.663646986663473
14.537786251649527
18.146865493529454
15.98695799016342
13.845114984110822
16.737925692906213
12.343698501942196
11.731223900934205
12.343695613852846
11.731224186650342
13.845116897825385
18.146865493529454
13.301953597154442
12.343689411867507
13.845105276856872
9.663642024932939
17.735945000000708
12.343698501942196
9.663651390838247
11.731224431160202
4.433987419135287
11.51984329022101
11.73121498204896
7.679895000001627
15.98695816958467
14.537791701756152
14.537795514219136
13.48543187951539
11.731224431160202
13.30195500000094
2.216994624632636
3.839945650168762
7.9934821120866975
9.663651390838247
14.537786251649527
20.319072195172936
18.14686243929374
12.343689411867507
9.663643172015924
5.865611697278469
9.663646986663473
3.8399419899068783
17.735937846413705
17.596840152290127
19.705057195081924
13.84510767878134
11.084955802647569
7.679889470197471
10.159532571129933
9.663642214209402
4.433985000002819
2.21699962463912
11.51984329022101
7.9934821120866975
6.650975000001879
6.650983873897906
7.993475846179182
21.148755502923805
17.315264092703003
12.343689411867507
11.731223900934207
18.94199130159894
8.867968008143128
4.4339824191408335
17.31527133270657
5.865611697278468
19.95292500000063
10.159540270280441
19.705059027479464
17.315261693842515
17.596840152290127
11.731214366844126
13.845111325888643
8.867968008143128
4.433987419135287
6.6509802136414455
8.867975000001408
16.73792792518387
6.650988873893115
17.596835091835406
17.315263452516394
11.731216256665377
23.980433314355476
13.301948597151096
2.216994624632636
11.731224431160202
19.32729620656366
13.48543531534114
3.8399369899062146
11.51984329022101
8.867968008143128
16.737916844113247
11.73121498204896
13.845116897825385
19.952939301171895
17.735937846413705
18.146857427087756
15.986950784394441
11.519829629966322
10.159533429122128
21.148757103698788
14.537792186864207
19.705057308621306
18.14686243929374
13.485441023676238
8.867968008143128
12.343698501942196
15.518949859035242
15.518950805845414
13.845111325888643
17.596820986009092
4.4339824191408335
2.2169909644042307
3.8399369899062146
19.705064621691804
20.319064783071344
20.319077452636723
24.386919890179858
12.343689411867507
14.537794843381509
13.301948597151096
10.159530821167383
4.433987419135287
19.327286978353946
3.8399350000032553
4.433987419135287
12.343697189005002
14.537786251649527
9.663642024932939
11.731216341643776
17.596840152290127
19.199715000000648
22.169925000000564
11.084955802647569
6.6509802136414455
17.596820986009092
7.993482393953839
17.596824017033583
10.159533429122128
8.86796500000141
7.9934821120866975
8.867968008143128
13.845116897825385
18.941991435449705
23.35746022998755
8.867968008143128
13.845111325888643
4.433987419135287
10.159545138747601
7.071067811597781e-06
7.679895000001627
13.485441845673801
13.845116897825385
17.596827532548303
12.343686281287694
8.867975000001408
17.315257466149614
7.9934821120866975
3.8399506501581495
9.663646986663473
7.679885809935588
10.159540270280441
13.485441845673801
21.37990724694684
7.9934823939538395
11.084955802647569
10.159530821167383
6.650975213639727
6.650985000001879
7.6798808099377425
5.865611697278468
4.4339824191408335
16.737916844113247
7.679895000001627
10.159543543548105
13.485441845673801
18.146865493529454
15.98695816958467
17.315257466149614
12.343697189005002
6.650983873897906
11.731226076470014
21.148755416436444
17.596832222307796
19.199717270029005
21.83484238467615
11.084955802647569
19.19970860977452
4.433985000002819
7.993482393953839
13.845124103591488
6.650983873897906
5.86561200065688
15.518950805845414
4.4339824191408335
9.663653106007581
17.735942846413604
15.98695816958467
18.146870877538365
5.865610110828199
6.650985000001879
17.596836739415696
2.2169946246326355
7.679885809935588
13.485441023676238
12.343698501942196
7.679889470197471
8.867975000001408
2.216994624632636
5.865611697278468
5.865611697278468
22.500012150548937
21.148755416436444
15.986960656449057
21.148767062404612
14.537796164056298
15.518950805845414
7.6798808099377425
5.865602673796616
2.2169850000056384
9.663653106007581
18.146861103982967
15.986960656449055
24.98423465845312
22.500017790482964
13.301953597154442
5.86561200065688
11.731216341643776
6.650975213639727
4.433985000002819
6.650975000001879
10.159546676956113
22.500012150548937
13.485441023676238
11.084960802648334
9.663646986663473
8.867975000001408
11.519829629966322
7.9934821120866975
7.993482393953839
7.679895000001627
17.315263452516394
20.319065648637736
23.357469271932054
21.379897494376582
18.14686243929374
14.537784262804632
18.146870877538365
17.596836739415696
11.084955000001129
14.537794843381509
5.86561200065688
8.867975000001408
2.2169909644042307
19.19970860977452
5.865611697278468
15.98695816958467
12.343687068224387
3.8399419899068783
7.993475846179182
13.48543187951539
13.845105276856872
11.519838290221353
5.865615396175409
7.9934821120866975
21.379906508805174
11.51984329022101
6.650975000001879
23.980435859034134
7.993478619678044
6.6509802136414455
16.73792792518387
11.731214982048963
3.8399419899068783
23.980440520124937
9.663642024932939
7.679889470197471
2.2169909644042307
5.865602673796616
2.2169850000056384
12.343695613852846
13.845116897825385
19.705057308621306
10.159539117669167
7.679885000001628
7.993479710166906
8.867975000001408
8.867975000001408
11.084965000001128
6.650975213639727
7.9934821120866975
17.596836739415696
15.986960656449057
7.9934823939538395
7.993475846179183
5.865610110828199
3.839945000003255
9.663653106007581
13.485431434153304
