19.327286978353946
13.301953597154442
7.993475846179183
5.865610110828199
21.834849783464282
17.315257466149614
13.845109964072153
9.663646986663473
17.596836739415696
14.537786251649527
11.731224186650342
10.159539117669167
12.343689411867507
5.865602673796616
4.433985000002819
15.98695816958467
16.737929666504456
19.705059027479464
16.737925692906213
15.518941391655876
12.343686281287694
16.73791933121468
13.301948597151096
10.159543248928566
11.084965000001128
11.731224431160202
7.6798808099377425
7.071067811597781e-06
11.519834629969738
14.537792186864207
20.319071276794368
5.865615396175409
7.9934821120866975
4.433985000002819
5.865611697278468
9.663642024932939
22.500012150548937
22.16991843542168
13.845105276856872
10.15953409443809
5.865615396175409
9.663646986663473
11.519825000001086
9.663643172015924
4.433985000002819
23.35747354314353
17.735942846413607
15.986960656449057
15.518949859035242
13.84510767878134
12.343686281287694
17.735937846413705
14.537782457020397
9.663643172015924
7.679885000001628
7.679889470197471
13.485431434153304
2.216994624632636
3.8399350000032553
4.433985000002819
5.865611697278468
13.485435315341139
11.084964462904244
22.169923435421467
23.35746450120068
7.679889470197471
4.433987419135287
5.865611697278468
8.867968008143128
11.519825000001086
23.357469350964585
15.518942001890785
10.159532571129933
7.679894470189677
13.845101718198029
8.867968008143128
20.319062893250024
12.343695613852846
24.687381408732886
22.500017790482964
15.518949859035242
18.14686243929374
13.301953597154442
13.485431434153304
7.9934754602019025
19.327287029933867
19.19970860977452
10.15954013042175
15.518948187788048
18.941991435449705
16.73792048987717
16.73792529161395
13.845117169841865
9.663646986663473
7.993475846179183
13.485431434153304
5.865602673796616
3.839945000003255
13.8451044916985
15.98695799016342
17.315264092703003
18.941991435449705
11.731214366844126
7.679889470197471
11.084955000001129
15.359773449997562
19.705057308621306
8.867968008143128
4.433987419135287
16.73792792518387
13.845109964072153
15.35977844999888
5.865612000656879
14.537791701756152
11.731223900934207
20.319072713055828
9.663643172015924
2.216994624632636
4.433985000002819
13.845116897825385
24.68737543280472
7.993478619678044
4.433987419135287
3.8399350000032553
13.8451044916985
15.359769789747828
13.30195725740577
17.315263452516394
18.14686243929374
10.15953409443809
3.8399419899068783
16.737916844113247
9.663653106007581
15.986960656449055
15.518945000000807
10.159530821167383
6.650985000001879
11.519829629966322
2.2169946246326355
4.433987419135287
13.485441023676238
17.315264092703003
23.35746022998755
19.952935000000622
2.2169850000056384
5.865610110828198
14.537798286805673
12.343688623650955
13.845117386033605
17.596842042112275
23.462442501130397
21.834837384895952
17.315257466149614
2.2169909644042307
5.865605947065487
21.14875756374946
11.519825000001086
3.839945650168762
4.433985000002819
15.35977844999888
7.9934821120866975
7.993478619678043
11.73121498204896
17.315263452516394
15.518941391655876
13.301953597154442
12.343689411867507
15.518945000000807
14.537784262804632
5.86561200065688
6.6509802136414455
4.4339824191408335
17.315261693842515
15.35977844999888
7.9934821120866975
11.73121498204896
9.663646986663473
17.315257466149614
15.518950051909117
5.86561539617541
21.148753115842315
7.9934821120866975
10.159533429122128
3.839945000003255
10.159546676956113
24.68737956921005
18.941991435449705
10.159539117669167
10.159543248928566
2.216995000005638
3.839945650168762
4.433985000002819
7.071067811597781e-06
2.21699962463912
12.343697189005002
14.537786251649527
12.343695613852846
15.986960656449055
17.315263452516394
7.9934823939538395
7.993475846179183
13.845114984110822
19.327288443324115
4.433985000002819
6.650988873893115
8.867968008143128
23.35747354314353
19.19971360977684
7.993478619678044
8.867968008143128
3.839945650168762
13.485444357285747
5.865605947065487
3.8399419899068783
13.301945000000941
23.357468528970557
5.86561539617541
7.679889470197471
7.993479710166906
7.9934754602019025
7.993482393953839
6.650975000001879
3.8399419899068783
9.663646986663473
7.679885809935588
22.500017790482964
19.952944301171446
21.148755940580756
21.834837384895952
11.731214366844126
9.663643172015924
7.993478619678044
17.315257466149614
11.519829629966322
19.705064621691804
13.485431434153304
17.315264092703003
23.462439736200707
19.327288443324115
13.485441023676238
20.319072713055828
24.68737956921005
14.537796164056298
2.21699962463912
5.865611697278468
11.519834629969738
15.51894825304376
11.731214366844126
11.519825000001086
7.993475460201902
11.519835000001086
15.986960656449055
15.518946824473947
21.148755940580756
13.48543187951539
12.343689411867507
12.343686281287694
20.31907460287623
17.596820986009092
2.21699962463912
13.845101718198029
3.8399419899068783
9.663642024932939
11.084960802648334
23.357468528970557
9.663642024932939
12.343689411867507
15.98695816958467
21.148753115842315
17.596836739415696
7.071067811597781e-06
7.679885809935588
21.379897176241286
20.319064635884448
15.986957718147941
12.343698501942196
18.146870877538365
17.315263452516394
17.596840152290127
15.518950805845414
9.663651390838247
10.159530821167383
5.865611697278469
17.315261693842515
7.6798808099377425
7.993482393953839
11.731223900934205
13.8451044916985
11.519834629969738
23.14608455316471
3.8399369899062146
7.071067811597781e-06
13.845101718198029
5.865612000656879
7.993475846179182
15.518950051909117
13.845114984110822
15.986960656449057
11.084960802648334
13.845117169841865
23.357468528970557
10.159543248928566
6.650975000001879
5.865611697278468
9.663646986663473
9.663653106007581
15.518946824473947
17.315264092703003
21.148759696063735
15.518941391655876
18.146870877538365
13.84511409938719
23.039652429805663
9.663653106007581
19.32729620656366
11.731223900934207
5.865611697278469
9.663646986663473
2.2169909644042307
4.433985000002819
10.159545138747601
6.650975000001879
7.993475846179182
16.737927360765134
24.6873790249117
18.146865493529454
15.98695816958467
16.737916516276748
13.845111325888643
3.8399506501581495
18.94199028799376
19.95292500000063
18.14686243929374
22.500012150548937
17.315261693842515
12.343689411867507
4.433985000002819
7.993478619678043
23.039655000000547
19.32729620656366
21.148766154564434
10.159539117669167
7.679885000001628
5.86561200065688
6.6509802136414455
14.537796164056298
7.993475846179182
13.485435315341139
20.319080725905145
10.159530821167383
7.9934754602019025
3.839945650168762
13.845101718198029
6.650988873893115
23.357459384805747
19.705057308621306
21.148755940580756
15.518941391655876
11.731223900934205
11.51984329022101
13.485439654102864
5.865611697278468
14.537798286805673
12.343695613852846
11.084964462904244
11.731214366844126
17.315257466149614
2.21699962463912
10.159546676956113
15.518948187788048
17.596827532548303
13.485441023676238
12.343686281287694
15.98695816958467
11.731214366844126
19.705057308621306
11.519834629969738
23.146081502216525
21.148755502923805
9.663646986663473
5.865611697278469
2.21699962463912
5.865605947065487
5.865612000656879
13.485441023676238
17.59682729030577
17.315261693842515
14.537794843381509
6.650975213639727
5.865615396175409
7.6798808099377425
4.433987419135287
12.343687068224387
12.343697189005002
12.343688623650955
6.650983873897906
23.14607459914208
20.31906800352442
8.867975000001408
7.071067811597781e-06
7.679894470189677
9.663642024932939
14.537796164056298
16.73792792518387
4.433987419135287
13.845124103591488
15.518945000000807
9.663653106007581
11.731226076470014
7.993478619678044
2.2169946246326355
8.867968008143128
19.95292500000063
7.993478619678044
3.8399350000032553
5.865605947065487
3.839945000003255
15.518950051909117
15.518948187788048
24.68737543280472
13.845117169841865
4.433987419135287
13.845109964072153
23.039652429805663
8.86796500000141
11.519835000001086
15.359769789747828
20.319071276794368
13.485439654102866
10.159543248928566
9.663646986663473
7.993475846179182
15.518950051909117
11.519834629969738
12.343689411867507
21.1487572235829
11.519835000001086
19.327287029933867
18.941988158655626
21.83484238467615
14.537790362749423
19.705059027479464
5.865611697278469
3.8399369899062146
4.433987419135287
10.159533429122128
11.73121498204896
21.148757103698788
15.518941520131133
11.519835000001086
17.315264092703003
19.705057195081924
6.650975000001879
9.663653106007581
16.73793332116155
10.15954013042175
13.485441023676238
15.518948253043762
10.159539117669167
16.73792792518387
9.663642214209402
5.865602673796616
7.071067811597781e-06
13.485435315341139
18.94198815865563
19.952935000000622
7.993479710166906
13.30195500000094
12.343688623650955
7.993475460201902
9.663651390838247
3.839945650168762
11.519829629966322
12.343687068224387
6.650975000001879
6.650983873897906
18.94199401071202
20.319064635884448
15.359773449997562
18.146870877538365
3.8399350000032553
2.2169909644042307
24.984238490153146
2.2169850000056384
8.867968008143128
9.663642214209402
22.500017790482964
15.359769789747828
12.343686281287694
11.731223900934207
16.73791933121468
14.537784262804632
7.679889470197471
2.2169909644042307
3.839945650168762
17.596836739415696
13.48543531534114
13.48543531534114
7.9934821120866975
8.867968008143128
16.73792529161395
13.30195500000094
11.731216341643776
5.865615396175409
10.159545138747601
7.9934821120866975
5.865611697278468
13.301945000000941
9.663642214209402
11.731226076470014
11.519835000001086
18.146870877538365
19.95293064091714
11.519825000001086
17.735945000000708
5.865611697278469
7.9934821120866975
10.159545138747601
19.32729620656366
5.865610110828198
9.663646986663473
7.679895000001627
7.679895000001627
11.731226076470014
15.518948187788048
14.537782457020397
11.519829629966322
7.993482393953839
12.343695613852846
7.993478619678044
13.845111325888643
10.159532571129933
2.2169850000056384
7.679894470189677
11.084955000001129
5.865605947065487
5.865611697278468
17.596835091835406
12.343688623650955
6.650983873897906
23.14608455316471
21.148767062404612
15.986950784394441
5.86561539617541
3.8399350000032553
6.650988873893115
15.518945000000807
18.146861103982967
13.485431434153304
16.737925692906213
21.379897368655676
13.845111325888643
6.6509802136414455
9.663646986663473
7.9934754602019025
3.839945650168762
11.731214982048963
7.071067811597781e-06
13.845117386033605
18.941991435449705
14.537782457020397
13.845105276856872
12.343689411867507
10.159532571129933
7.9934821120866975
15.98695816958467
13.485431434153304
11.731224186650342
20.319077452636723
17.315263452516394
19.199715000000648
17.596828545299008
9.663643172015924
7.679885000001628
5.86561200065688
23.980446336260087
2.2169909644042307
5.865611697278468
9.663646986663473
12.343687068224387
14.537786251649527
7.679885809935588
13.30196225740586
13.485435315341139
17.315264092703003
17.596840152290127
18.146871552536265
17.596833466145267
13.301948597151096
16.73792792518387
11.519829629966322
5.865612000656879
9.663642214209402
12.343689411867507
11.084960802648334
15.518945000000807
5.865610110828199
10.159532571129933
5.865611697278468
4.4339824191408335
8.867968008143128
11.731224186650342
17.315263452516394
14.537795514219136
13.845105276856872
7.679885000001628
11.084955000001129
5.865605947065487
17.596842042112275
16.73792529161395
11.731216256665377
11.731223900934207
14.537782457020397
15.518941520131133
5.865612000656879
21.834842384676147
7.679885809935588
10.159543543548105
13.845114984110822
15.986960656449057
14.537795514219136
9.663643172015924
4.433987419135287
7.993479710166906
4.433985000002819
13.84511409938719
4.433987419135287
15.518949859035242
13.845124103591488
19.3272895904017
19.705057308621306
23.357469271932054
14.537790362749423
15.359765000000813
13.485441023676238
13.30195725740577
16.737925692906213
11.731224431160202
9.663646986663473
5.865611697278468
13.845124103591488
6.650983873897906
15.98695816958467
12.343695613852846
18.146865493529454
18.146865493529454
7.679889470197471
2.2169909644042307
3.8399369899062146
11.51984329022101
21.148766949168692
5.865612000656879
7.9934823939538395
23.357469350964585
7.679885000001628
11.731224431160202
11.519829629966322
5.865605947065487
11.73121498204896
21.148757103698788
15.986960656449055
18.941991435449705
13.48543187951539
13.485439654102866
9.663651390838247
6.650975000001879
5.865605947065487
18.146871552536265
7.993475460201902
7.679895000001627
11.519834629969738
15.518945000000807
16.73791933121468
11.084955802647569
5.865610110828199
4.433987419135287
7.993482393953839
8.86796500000141
13.485435315341139
17.596830332484597
15.98695816958467
4.433985000002819
15.518941520131133
3.8399506501581495
6.650988873893115
15.518941520131133
6.6509802136414455
5.865611697278469
4.4339824191408335
6.650985000001879
11.731214982048963
7.679894470189677
23.4624330520185
6.650983873897906
21.37990569151908
21.379897494376582
15.518950051909117
5.86561539617541
9.663646986663473
5.865615396175409
21.148757103698788
12.343695613852846
13.485441845673801
15.51894825304376
12.343689411867507
11.731223900934207
2.216994624632636
6.650985000001879
12.343697189005002
8.867968008143128
13.485431434153304
19.327287029933867
21.37989600342457
24.984237841051904
24.687381408732886
5.86561539617541
2.21699962463912
15.35977844999888
23.039666090059765
10.159546676956113
6.650983873897906
12.343695613852846
23.35746268119142
18.941991435449705
13.485441023676238
14.537782457020397
13.845109964072153
2.21699962463912
3.839945000003255
8.867968008143128
11.731226076470014
11.519835000001086
11.519835000001086
11.519838290221353
19.705057308621306
9.663651390838247
15.35977844999888
8.86796500000141
9.663646986663473
11.731224186650342
7.9934823939538395
7.679889470197471
19.705059027479464
20.31907460287623
4.4339824191408335
2.2169909644042307
4.433985000002819
2.2169946246326355
4.433987419135287
7.993482393953839
3.8399419899068783
5.865612000656879
16.73791933121468
4.433987419135287
5.865612000656879
17.596835091835406
9.663646986663473
22.500017790482964
12.343689411867507
15.518950051909117
23.980442693220866
23.980433314355476
23.039666090059765
8.86796500000141
19.705057195081924
18.14686243929374
23.146083595339622
17.596830332484597
7.993478619678044
11.084965000001128
2.216994624632636
5.865611697278468
7.993482393953839
9.663642214209402
9.663653106007581
16.73793332116155
18.94199401071202
11.519835000001086
11.519838290221353
10.159543248928566
6.650985000001879
13.48543531534114
2.21699962463912
6.650975000001879
6.650988873893115
12.343688623650955
7.993475460201902
7.679895000001627
15.51894825304376
19.19972500000065
10.159543248928566
4.4339824191408335
7.9934821120866975
2.2169850000056384
6.650988873893115
7.679885809935588
8.867968008143128
12.343686281287694
7.9934823939538395
12.343689411867507
9.663646986663473
7.9934821120866975
15.518941520131133
9.663646986663473
7.993478619678043
11.519835000001086
14.537792186864207
