14.537790362749423
11.731223900934207
13.845117169841865
12.343686281287694
11.731214366844126
3.8399350000032553
13.84511409938719
5.865612000656879
11.084960802648334
13.845124103591488
7.679885809935588
6.650983873897906
23.14608455316471
19.705059027479464
15.359773449997562
9.663643172015924
21.148767062404612
19.705059027479464
10.159532571129933
15.518950805845414
4.433985000002819
11.51984329022101
15.986964923913794
10.15954013042175
19.3272895904017
2.2169909644042307
2.216995000005638
10.159545138747601
8.86796500000141
11.731216256665377
5.86561200065688
5.865611697278469
14.537786251649527
24.984237841051904
11.731223900934207
11.519838290221353
16.73791933121468
13.845109964072153
2.2169909644042307
3.8399369899062146
21.148757103698788
10.15953531894299
7.679895000001627
15.986960656449057
12.343686281287694
15.518945000000807
5.865611697278469
21.14875756374946
9.663642214209402
3.8399369899062146
11.51984329022101
6.650983873897906
19.705057801210582
9.663643172015924
11.084965000001128
9.663646986663473
4.4339824191408335
13.485439654102864
13.845101718198029
19.705057195081924
21.379897494376582
21.379895813227197
14.537795514219136
16.737916516276748
12.343698501942196
13.30195500000094
18.146870877538365
15.35976478974369
3.8399369899062146
7.071067811597781e-06
21.37989358413297
23.980435859034134
19.199715000000648
19.95293064091714
19.95293064091714
10.159539117669167
8.867975000001408
11.084965000001128
13.845109964072153
6.650983873897906
17.735942846413604
13.485431434153304
23.146083595339622
13.301953597154442
7.9934823939538395
11.731224431160202
4.433987419135287
7.071067811597781e-06
16.737916844113247
9.663642024932939
15.518946824473947
15.518941391655876
15.359765000000813
7.9934823939538395
12.343689411867507
13.485444357285747
11.519829629966322
4.433987419135287
14.537786251649527
9.663642214209402
6.650983873897906
7.679895000001627
18.941988158655626
23.146073641316583
20.319072713055828
4.4339824191408335
4.433985000002819
9.663651390838247
3.8399369899062146
6.650975000001879
4.4339824191408335
6.650988873893115
9.663653106007581
13.8451044916985
18.941991435449705
21.148765926834834
13.84510767878134
10.15953409443809
12.343689411867507
7.679885000001628
7.993479710166906
17.315257466149614
10.159545138747601
19.199722270029064
15.518948187788048
15.986960656449055
17.315261693842515
17.596830332484597
13.485439654102866
9.663643172015924
15.518949859035242
5.865610110828198
7.993475460201902
23.35746022998755
13.301953597154442
21.1487572235829
21.148767062404612
14.537784262804632
7.9934821120866975
4.433987419135287
11.084964462904244
18.14686243929374
21.148755940580756
9.663642024932939
13.845109964072153
3.8399369899062146
2.21699962463912
13.485439654102864
21.379897368655676
7.9934823939538395
15.518945000000807
10.159543248928566
2.216994624632636
6.650985000001879
4.433985000002819
23.146083595339622
11.731214366844126
15.518945000000807
5.865611697278469
3.839945650168762
10.159546676956113
19.705057308621306
16.737927360765134
18.146871552536265
13.84510767878134
14.537782457020397
7.9934823939538395
9.663646986663473
5.865615396175409
22.500006860226737
15.518945000000807
9.663642214209402
21.37989600342457
2.216995000005638
3.839945000003255
12.343688623650955
22.500006860226737
15.359775000000813
23.14608520420354
19.199717270029005
11.731214366844126
14.537784262804632
10.159530821167383
5.865611697278469
9.663646986663473
10.159543543548105
18.941991435449705
24.687381408732886
10.159539117669167
14.537794843381509
2.2169909644042307
10.159545138747601
15.98695816958467
8.86796500000141
8.867968008143128
12.343688623650955
7.993475460201902
13.485441023676238
11.519835000001086
13.845114984110822
15.518949859035242
13.30195500000094
2.2169909644042307
5.865602673796616
7.071067811597781e-06
12.343695613852846
19.199715000000648
11.731223900934207
14.537784262804632
11.084955802647569
4.433987419135287
11.731223900934205
9.663646986663473
10.159543543548105
18.14686483321706
9.663642024932939
10.15953409443809
4.433987419135287
4.4339824191408335
2.216995000005638
9.663651390838247
15.518949859035242
24.687381408732886
12.343689411867507
13.301948597151096
7.9934754602019025
11.084960802648334
7.993475460201902
19.705057195081924
7.679885000001628
2.2169909644042307
3.8399369899062146
2.2169946246326355
12.343697189005002
24.687381408732886
15.98695816958467
11.084964462904244
21.8348399232614
15.986960656449057
11.731214366844126
9.663642024932939
13.30195500000094
7.9934821120866975
10.159540270280441
17.315263452516394
16.73792048987717
4.433987419135287
11.731214982048963
8.867968008143128
15.518941520131133
11.731216256665377
21.14875756374946
2.2169850000056384
11.51984329022101
6.650988873893115
9.663653106007581
11.519834629969738
17.315261693842515
5.865611697278469
11.731216341643776
7.9934821120866975
9.663646986663473
10.159543543548105
14.537795514219136
18.94199401071202
19.327292938749856
17.596840152290127
22.500011385842672
19.199715000000648
12.343686281287694
9.663642024932939
9.663643172015924
7.993478619678044
21.14875756374946
8.86796500000141
10.159546676956113
20.319077452636723
23.146081502216525
20.31906800352442
13.845105276856872
5.86561200065688
4.433987419135287
3.839945650168762
13.485444357285747
2.2169850000056384
11.084960802648334
7.993475846179182
15.51894825304376
15.359775000000813
19.3272895904017
7.993478619678044
5.86561539617541
13.485444357285747
19.19970860977452
17.315261693842515
7.6798808099377425
7.9934821120866975
6.650983873897906
15.359765000000813
9.663643172015924
9.663643172015924
9.663646986663473
12.343698501942196
5.86561200065688
4.433987419135287
7.993479710166906
10.159543248928566
4.433985000002819
13.485439654102864
5.865605947065487
9.663646986663473
7.679889470197471
7.9934754602019025
2.216994624632636
13.485439654102864
7.993475460201902
8.867968008143128
12.343695613852846
18.14686243929374
15.518946824473948
15.518950051909117
5.865610110828199
5.86561200065688
9.663646986663473
4.4339824191408335
3.8399369899062146
2.2169946246326355
3.8399506501581495
5.865605947065487
4.4339824191408335
13.301945000000941
23.357459384805747
23.462436478321045
23.039661090060548
18.941991435449705
18.94199130159894
2.216995000005638
5.865611697278468
13.485435315341139
23.35747354314353
2.2169909644042307
7.6798808099377425
2.21699962463912
7.679894470189677
10.15953531894299
6.650983873897906
11.731226076470014
18.941991435449705
21.148766154564434
7.679889470197471
11.731216341643776
13.84511409938719
10.15953531894299
19.95293064091714
9.663646986663473
11.519838290221353
21.14875756374946
13.48543531534114
3.839945000003255
11.73121498204896
7.679895000001627
20.319064635884448
16.73792529161395
12.343689411867507
20.31907460287623
5.865611697278469
12.343687068224387
4.433987419135287
5.865611697278468
18.146861103982967
5.865611697278468
15.518950051909117
15.359775000000813
11.084960802648334
12.343698501942196
16.737926778106363
16.73791933121468
13.301948597151096
11.731224431160202
9.663642214209402
3.8399369899062146
11.084955000001129
12.343689411867507
17.315264092703003
23.462436478321045
12.343689411867507
10.15953409443809
9.663646986663473
17.735945000000708
13.48543531534114
11.084955000001129
11.084964462904244
15.359775000000813
12.343686281287694
12.343698501942196
3.839945650168762
2.2169850000056384
2.2169850000056384
4.433987419135287
3.8399419899068783
11.084960802648334
8.867968008143128
9.663653106007581
18.941991435449705
17.596830332484597
11.731224431160202
12.343687068224387
14.537794843381509
5.86561200065688
3.839945650168762
5.865615396175409
15.518941520131133
5.865612000656879
15.986964923913794
11.084964462904244
21.834842384676147
5.86561200065688
7.993479710166906
2.216995000005638
12.343688623650955
9.663642214209402
12.343689411867507
23.35747090114103
13.845114984110822
19.327286978353946
12.343689411867507
18.146870877538365
11.731214366844126
12.343698501942196
14.537794843381509
13.30195500000094
2.216995000005638
7.9934821120866975
7.6798808099377425
15.518945000000807
15.359769789747828
21.37989600342457
17.315263452516394
15.518941391655876
11.731216256665377
11.519825000001086
7.9934754602019025
10.15953531894299
9.663646986663473
7.993475460201902
14.537795514219136
11.731216341643776
17.315261693842515
15.98695799016342
17.315264092703003
17.315265788547688
9.663643172015924
7.679889470197471
6.650975213639727
5.865615396175409
4.433987419135287
4.433987419135287
3.8399506501581495
8.867968008143128
11.731216341643776
21.83484238467615
6.6509802136414455
5.865611697278469
3.8399369899062146
2.2169946246326355
9.663646986663473
7.9934821120866975
10.15953531894299
8.867968008143128
15.518948187788048
22.500012150548937
12.343689411867507
13.30195500000094
18.146870877538365
2.216994624632636
2.216995000005638
9.663646986663473
13.845101718198029
19.705064621691804
8.867968008143128
11.731226076470014
14.537795514219136
22.500017790482964
15.986960656449055
21.148755416436444
11.731216256665377
12.343686281287694
7.679889470197471
9.663646986663473
2.2169850000056384
12.343687068224387
5.865611697278468
6.650988873893115
6.650983873897906
15.359775000000813
17.596828545299008
17.735937846413705
11.519825000001086
7.993475846179183
6.6509802136414455
17.596820986009092
6.650975213639727
7.9934821120866975
19.19970860977452
5.865612000656879
9.663653106007581
18.941991435449705
17.735937846413705
7.679889470197471
2.216995000005638
7.6798808099377425
2.2169946246326355
10.159546676956113
7.679895000001627
5.86561200065688
5.865611697278469
11.731214982048963
7.679885809935588
13.8451044916985
18.941991435449705
2.2169946246326355
2.21699962463912
21.148766949168692
5.865611697278468
9.663646986663473
24.386916229926445
17.596840152290127
21.83484238467615
15.518948253043762
17.596830332484597
14.537794843381509
10.159530821167383
7.993479710166906
7.9934821120866975
13.301945000000941
7.993475460201902
11.519834629969738
21.148759696063735
13.845116897825385
7.993479710166906
4.433985000002819
13.84511409938719
11.731223900934205
19.705064621691804
9.663653106007581
15.518950051909117
7.6798808099377425
3.8399419899068783
16.737927360765134
19.952939301171895
15.359765000000813
7.993478619678044
4.433987419135287
11.731214982048963
4.4339824191408335
9.663642024932939
15.51894825304376
19.327288443324115
18.14686243929374
9.663642024932939
2.21699962463912
18.94199028799376
20.319072195172936
11.731216341643776
21.834849783464282
10.15953409443809
23.980446336260087
19.32729620656366
7.679894470189677
11.084955000001129
10.159532571129933
7.679894470189677
8.86796500000141
7.679895000001627
11.731224186650342
16.73792529161395
5.86561539617541
17.596820986009092
3.8399369899062146
19.199722270029064
5.865605947065487
10.159543543548105
21.834849783464282
13.845117169841865
12.343686281287694
11.519825000001086
7.993478619678044
4.433985000002819
5.865605947065487
15.518946824473947
17.596827532548303
16.737927360765134
24.386916229926445
12.343686281287694
7.9934823939538395
7.9934754602019025
6.650975213639727
7.9934821120866975
13.485444357285747
7.679894470189677
23.4624330520185
14.537790362749423
13.845105276856872
6.6509802136414455
4.433985000002819
14.537798286805673
7.679895000001627
21.834840137675613
17.315261693842515
22.500011385842672
22.169925000000564
4.433985000002819
2.21699962463912
12.343687068224387
3.839945000003255
6.650983873897906
12.343689411867507
21.1487572235829
14.537782457020397
9.663646986663473
15.518945000000807
2.2169909644042307
3.839945650168762
11.731224431160202
11.519829629966322
2.2169946246326355
21.834840137675613
7.993475846179182
13.30195725740577
23.039665000000543
23.039661090060548
19.705057195081924
12.343689411867507
5.865610110828198
11.084960802648334
23.14607459914208
13.48543187951539
9.663651390838247
2.2169909644042307
17.596836739415696
19.95292500000063
21.834849783464282
15.98695816958467
11.731214366844126
5.865610110828199
6.6509802136414455
14.537786251649527
8.86796500000141
3.839945000003255
7.679885809935588
7.993475460201902
15.518950051909117
21.148755502923805
13.485441023676238
5.865611697278469
5.865615396175409
3.839945000003255
7.679895000001627
18.94199401071202
15.98695816958467
15.98695799016342
23.980436629007613
15.518946824473948
13.301953597154442
11.519825000001086
11.519825000001086
15.518945000000807
5.86561539617541
6.650975213639727
9.663651390838247
11.084955000001129
6.650975000001879
11.084960802648334
11.084960802648334
10.159543543548105
15.98695816958467
11.519834629969738
19.705057195081924
13.845111325888643
5.86561200065688
9.663646986663473
10.159545138747601
2.21699962463912
11.51984329022101
8.867968008143128
7.679885809935588
13.485431434153304
19.19971360977684
15.518945000000807
9.663646986663473
7.6798808099377425
5.865602673796616
5.865605947065487
15.518945000000807
15.518950051909117
13.30195725740577
19.327292938749856
17.735937846413705
16.737926778106363
5.86561200065688
2.2169909644042307
7.6798808099377425
15.98695816958467
8.867968008143128
13.845124103591488
15.986964923913794
11.731224186650342
23.146076104853066
23.039661090060548
15.518941391655876
11.731216256665377
16.73791933121468
7.993479710166906
9.663646986663473
7.9934754602019025
3.839945650168762
18.146861103982967
15.98695816958467
15.518950051909117
10.15954013042175
13.301948597151096
4.4339824191408335
3.8399506501581495
23.980442693220866
23.980433085531423
23.980443934336368
9.663651390838247
5.865611697278469
11.731214982048963
6.650988873893115
10.159543543548105
13.8451044916985
9.663643172015924
7.9934823939538395
2.216995000005638
15.518941520131133
9.663646986663473
21.379903780561083
17.735935000000705
12.343688623650955
9.663653106007581
18.94199130159894
15.518950051909117
14.537791701756152
11.519825000001086
7.679885000001628
2.2169909644042307
13.485444357285747
3.8399506501581495
18.146861103982967
5.865605947065487
8.867968008143128
7.679885809935588
16.737927360765134
12.343686281287694
6.6509802136414455
23.146089351712313
7.6798808099377425
2.2169946246326355
5.865611697278468
11.519834629969738
20.319064783071344
15.518946824473947
22.500012150548937
13.845117169841865
9.663642024932939
18.146857427087756
7.993475846179183
7.993479710166906
15.98695816958467
2.216995000005638
7.9934821120866975
11.519829629966322
7.993478619678043
13.485431434153304
12.343695613852846
14.537791701756152
23.462436478321045
19.3272895904017
16.73792529161395
9.663642024932939
15.35977844999888
22.500006860226737
15.518945000000807
7.993475846179182
9.663653106007581
15.986957718147941
11.731216256665377
11.731223900934207
18.146870877538365
10.159539117669167
13.485431434153304
13.84511409938719
7.993475460201902
7.993475846179182
15.98695799016342
13.30195725740577
15.518946824473948
8.867975000001408
3.8399350000032553
9.663642214209402
13.485439654102864
10.159533429122128
10.15953531894299
7.679895000001627
19.327287029933867
22.500017790482964
15.518946824473948
10.15953409443809
5.86561200065688
13.30195500000094
19.32729620656366
15.518941520131133
4.433985000002819
15.98695816958467
13.301945000000941
22.500021537070804
15.986957718147941
19.199717270029005
11.731224431160202
4.4339824191408335
7.071067811597781e-06
2.21699962463912
10.159533429122128
5.865610110828199
10.159543248928566
3.8399350000032553
4.433985000002819
2.2169850000056384
12.343689411867507
17.315263452516394
19.705057801210582
9.663651390838247
5.865611697278469
13.485444357285747
4.433985000002819
12.343688623650955
11.731226076470014
14.537784262804632
5.865611697278469
15.518942001890785
11.519829629966322
7.993478619678043
