19.705059027479464
21.834849783464282
12.343697189005002
6.650983873897906
16.737925692906213
16.73792792518387
8.86796500000141
3.8399419899068783
9.663642214209402
23.980433085531423
11.731226076470014
24.984243088339703
11.731216341643776
19.327287029933867
15.518945000000807
20.319064635884448
12.343686281287694
19.199715000000648
8.867968008143128
11.731224431160202
10.15953531894299
15.986960656449055
23.146073641316583
21.834849783464282
23.35746022998755
13.485431434153304
21.148758562890873
20.319071276794368
20.319080725905145
20.31907460287623
3.839945000003255
21.148762989150214
23.146076104853066
19.327286978353946
19.327286978353946
17.315263452516394
24.98423465845312
18.146870877538365
5.86561539617541
19.19971360977684
23.14608455316471
21.83484238467615
24.98423770902867
7.9934821120866975
11.731216341643776
9.663646986663473
23.980446336260087
2.2169909644042307
19.705059027479464
9.663642214209402
10.15953531894299
7.679885809935588
18.94199401071202
15.359775000000813
24.98423465845312
24.386919890179858
24.984238490153146
17.315257466149614
9.663646986663473
7.679895000001627
12.343689411867507
24.68738835747617
23.980433085531423
22.500011385842672
21.148766949168692
9.663642214209402
8.867968008143128
20.319064635884448
13.301953597154442
19.199722270029064
15.986960656449057
13.845105276856872
10.15953409443809
9.663642214209402
7.9934821120866975
19.705064621691804
23.980436629007613
21.148753115842315
13.485441023676238
7.993478619678043
22.500021537070804
24.68737543280472
23.357469350964585
19.327286978353946
21.379906508805174
24.984237841051904
23.4624330520185
13.301945000000941
18.941988158655626
15.986960656449057
19.327286978353946
19.199715000000648
17.596833466145267
17.735937846413705
23.146081502216525
24.68737956921005
23.980443934336368
10.159543248928566
7.993482393953839
23.35745856281137
22.500021537070804
24.984229616589143
15.518948253043762
13.301948597151096
19.32729620656366
19.95292500000063
23.039657429806766
21.148767062404612
7.679885000001628
18.941991435449705
20.319064635884448
11.731223900934207
11.084955802647569
17.59682729030577
19.705057308621306
10.15953531894299
23.039665000000543
7.993478619678044
15.986950784394441
2.21699962463912
15.986960656449055
15.986960656449055
10.159545138747601
10.15954013042175
18.146865493529454
7.6798808099377425
15.986964923913794
13.84510767878134
13.485439654102866
7.993479710166906
23.980434227082924
17.596827532548303
12.343687068224387
22.500012150548937
13.301945000000941
24.6873790249117
10.159545138747601
21.148761502122294
16.737917991191434
7.9934821120866975
15.518946824473948
16.737927360765134
3.8399350000032553
14.537786251649527
13.845101718198029
10.15953531894299
11.519835000001086
13.845116897825385
23.146089351712313
11.731223900934205
15.518945000000807
11.731214366844126
21.379906508805174
21.379903780561083
23.462436478321045
13.845105276856872
6.6509802136414455
24.984238284731635
21.37990724694684
22.500017790482964
21.14875756374946
19.705057195081924
13.485439654102866
13.30195500000094
22.500006860226737
13.301948597151096
13.485431434153304
10.159545138747601
19.705057195081924
2.21699962463912
3.8399419899068783
17.315263452516394
16.73791933121468
24.687381408732886
19.199715000000648
20.319072713055828
11.731214366844126
16.737926778106363
19.19972500000065
21.148759696063735
23.35745698624424
15.98695816958467
19.95292500000063
19.705057308621306
23.357465206195855
11.731223900934205
23.35747354314353
20.319077452636723
19.95293064091714
11.73121498204896
24.38691122992516
18.94198815865563
5.86561200065688
4.433985000002819
6.650975000001879
22.16991843542168
23.35746450120068
5.86561200065688
5.865611697278469
17.735937846413705
17.315263452516394
20.31907460287623
12.343695613852846
17.315261693842515
15.518945000000807
15.518950805845414
14.537786251649527
4.4339824191408335
15.518950051909117
21.148766949168692
21.1487572235829
19.705057195081924
13.84511409938719
16.737925692906213
9.663646986663473
11.084960802648334
13.8451044916985
13.845105276856872
23.146075695703797
21.148764581337844
17.315264092703003
23.146081502216525
21.379895813227197
7.679889470197471
21.834842384676147
16.737929666504456
13.845114984110822
17.315264092703003
22.169923435421467
10.159530821167383
24.984237841051904
3.8399506501581495
7.679895000001627
24.386916229926445
12.343689411867507
15.518950051909117
8.867968008143128
17.596827532548303
17.315261693842515
12.343687068224387
14.537786251649527
7.679895000001627
24.98423465845312
14.537782457020397
11.731214982048963
19.327292938749856
21.148767062404612
22.500006860226737
15.518950051909117
21.148764581337844
23.146083595339622
24.984237841051904
18.941991435449705
17.315261693842515
5.865611697278468
22.500006860226737
23.357459384805747
16.737916516276748
19.327286978353946
19.19972500000065
22.16991843542168
24.687381408732886
21.8348399232614
14.537796164056298
3.8399350000032553
16.737917991191434
13.845116897825385
13.301945000000941
20.319080725905145
17.735942846413607
18.146857427087756
18.146857427087756
7.9934754602019025
17.596842042112275
19.95293064091714
19.19972500000065
19.327287029933867
15.518948253043762
16.73792792518387
18.94199028799376
24.68737956921005
10.159530821167383
20.319077452636723
24.386915000000513
14.537782457020397
24.98423387931377
15.98695816958467
9.663642024932939
22.500017790482964
19.199717270029005
14.537794843381509
16.73791933121468
23.4624330520185
21.148759696063735
