10.159545138747601
14.537795514219136
17.596840152290127
19.705059027479464
23.980445466722465
17.31527133270657
11.084965000001128
23.462442501130397
2.2169909644042307
23.14607459914208
15.518945000000807
9.663646986663473
23.146081502216525
20.319071276794368
18.14686483321706
19.952939301171895
15.518950051909117
23.146076104853066
7.9934821120866975
19.705057801210582
15.35977844999888
10.159543543548105
20.319065648637736
11.731223900934207
23.462447295490087
9.663651390838247
19.32729620656366
17.596824017033583
9.663642024932939
19.19970860977452
17.315261693842515
24.386916229926445
15.35977844999888
22.500017790482964
14.537798286805673
23.462439736200707
19.95293064091714
19.705057195081924
15.986957718147941
13.845124103591488
22.500011385842672
22.16991843542168
18.146871552536265
22.500006860226737
24.98423770902867
19.705059027479464
21.379902916698427
13.485439654102866
16.73792792518387
21.37989358413297
21.148757103698788
21.148761502122294
21.834840137675613
19.199715000000648
13.301948597151096
24.386915000000513
21.834840137675613
22.500016713519347
5.865610110828199
11.731216341643776
17.596836739415696
19.19970860977452
15.518942001890785
3.839945000003255
20.319062893250024
23.980442693220866
19.327288443324115
21.379897368655676
15.518945000000807
17.735937846413705
12.343686281287694
23.980433314355476
23.980434227082924
20.319062893250024
17.735937846413705
20.319080725905145
13.301948597151096
6.650975213639727
3.8399506501581495
12.343687068224387
3.8399419899068783
18.146871552536265
17.596830332484597
24.98422500574813
4.433987419135287
23.980440520124937
13.301948597151096
19.327287029933867
19.705064621691804
15.359769789747828
15.518950051909117
17.735937846413705
17.315263452516394
6.6509802136414455
17.596820986009092
7.679894470189677
15.35977844999888
23.462447295490087
19.327287029933867
5.865615396175409
22.500021537070804
15.98695816958467
21.148755416436444
2.216994624632636
11.731223900934205
12.343697189005002
9.663646986663473
17.315257466149614
23.462442501130397
4.4339824191408335
23.462442501130397
16.73791933121468
23.146089351712313
19.327287029933867
13.485439654102864
21.37989600342457
9.663651390838247
19.705064621691804
18.146861103982967
15.98695816958467
20.319064635884448
18.94198815865563
23.980446336260087
23.980440248107413
19.199715000000648
20.31905808934681
19.705059027479464
7.993475460201902
23.14607459914208
8.867968008143128
20.319064635884448
15.986964923913794
21.8348399232614
14.537790362749423
24.98423465845312
18.941991435449705
15.518946824473948
20.319071276794368
17.315265788547688
20.319072713055828
21.14876210295652
19.19970860977452
4.433987419135287
9.663653106007581
7.9934754602019025
15.35976478974369
15.986960656449055
18.146865493529454
13.84511409938719
23.35746450120068
11.731216341643776
20.319064635884448
22.169932095675215
22.500017790482964
19.705057801210582
17.315264092703003
13.845117169841865
11.731223900934205
21.834840137675613
10.159546676956113
17.315257466149614
24.98423465845312
13.84511409938719
15.518948253043762
19.327292938749856
21.379895813227197
13.845114984110822
18.941988158655626
23.462447295490087
11.731223900934207
3.8399350000032553
13.84511409938719
24.38691122992516
17.315261693842515
3.8399506501581495
20.319080725905145
19.705057195081924
17.315263452516394
18.146870877538365
24.984238490153146
19.705059027479464
19.705059027479464
13.48543187951539
21.148766154564434
9.663642024932939
13.485441023676238
21.379895813227197
21.379906508805174
24.386916229926445
23.14607459914208
21.379906508805174
21.14876210295652
7.679889470197471
14.537786251649527
9.663646986663473
18.146865493529454
19.705057195081924
24.386915000000513
15.359775000000813
13.485431434153304
15.35976478974369
12.343688623650955
9.663646986663473
16.73792792518387
23.357465206195855
21.148761502122294
16.737929666504456
13.301953597154442
12.343698501942196
2.2169850000056384
9.663651390838247
11.519834629969738
23.146075695703797
17.315257466149614
19.19970860977452
21.148759696063735
23.14608520420354
11.084960802648334
21.148762989150214
22.16991843542168
24.984238284731635
19.327288443324115
15.518950805845414
19.32729620656366
12.343687068224387
10.159546676956113
18.94199028799376
19.705059027479464
15.359773449997562
10.159532571129933
21.14875756374946
11.519834629969738
3.8399350000032553
22.169923435421467
23.146089351712313
13.845114984110822
19.327292938749856
11.731223900934207
20.31905808934681
19.19972500000065
18.146865493529454
20.319071276794368
16.73792048987717
23.357468528970557
3.8399369899062146
22.500016713519347
23.980435859034134
21.148761502122294
4.433987419135287
24.386915000000513
22.500011385842672
24.68737543280472
19.199715000000648
6.650985000001879
23.462439736200707
7.679885000001628
12.343695613852846
21.834840137675613
20.319064783071344
17.315265788547688
23.462442501130397
19.199722270029064
20.319062893250024
20.319065648637736
15.98695816958467
12.343695613852846
21.37989600342457
11.731216256665377
2.216995000005638
13.485439654102864
23.462447295490087
23.039652429805663
6.650975000001879
22.500006860226737
20.319072713055828
21.148767062404612
23.4624330520185
8.867975000001408
23.980446336260087
9.663651390838247
21.379897176241286
16.73793332116155
12.343689411867507
21.148766949168692
11.519834629969738
22.500006860226737
5.865612000656879
19.327286978353946
24.98422500574813
11.731224431160202
24.687381408732886
16.73792792518387
16.737929666504456
4.4339824191408335
