11.084964462904244
23.35747090114103
21.37990569151908
22.500006860226737
24.386916229926445
22.16991843542168
16.737926778106363
7.993475846179182
20.319072195172936
21.148755416436444
23.146089351712313
13.485435315341139
22.169932095675215
23.462446298126075
20.319065648637736
19.3272895904017
13.485444357285747
15.518945000000807
15.35977844999888
24.38691122992516
15.518941391655876
13.845105276856872
21.148757103698788
23.462442501130397
23.35746268119142
15.986960656449055
12.343697189005002
21.148766949168692
21.379903780561083
12.343689411867507
21.834842384676147
23.980446336260087
21.834842384676147
17.315261693842515
24.984237841051904
22.16991843542168
23.462439736200707
20.31905808934681
23.039657429806766
5.86561539617541
8.867968008143128
18.146870877538365
11.731214982048963
23.039665000000543
21.148767062404612
10.159546676956113
22.169932095675215
17.315264092703003
24.386915000000513
21.148753115842315
15.35976478974369
14.537786251649527
23.039657429806766
17.735937846413705
5.865605947065487
19.705057308621306
20.319064635884448
22.500011385842672
23.146075695703797
12.343686281287694
15.359775000000813
20.31905808934681
14.537795514219136
5.865612000656879
19.327287029933867
16.737925692906213
11.51984329022101
15.986960656449057
10.159543248928566
14.537798286805673
15.518950051909117
24.984237841051904
10.159543248928566
21.148762989150214
10.159540270280441
10.159530821167383
7.679885809935588
20.319071276794368
14.537796164056298
8.867968008143128
17.596835091835406
23.146076104853066
7.679889470197471
17.596824017033583
11.731216256665377
21.1487572235829
21.83484238467615
3.8399350000032553
24.984229616589143
18.94198815865563
6.6509802136414455
15.518942001890785
15.359769789747828
12.343686281287694
24.687384765370552
23.14607459914208
14.537790362749423
2.216994624632636
13.845114984110822
2.2169946246326355
13.845124103591488
23.35746450120068
21.148755416436444
24.68737956921005
12.343689411867507
16.737927360765134
19.705059027479464
21.148755416436444
14.537786251649527
5.865611697278468
24.68737956921005
15.359765000000813
17.735937846413705
10.159539117669167
22.500021537070804
16.737925692906213
23.4624330520185
19.327286978353946
13.301948597151096
23.980446336260087
5.865612000656879
21.834842384676147
11.731216341643776
22.500017790482964
23.980436629007613
13.845105276856872
5.865602673796616
16.737929666504456
24.98423387931377
24.687381408732886
13.845111325888643
22.500011385842672
8.867968008143128
17.315261693842515
17.315263452516394
21.14875756374946
15.98695816958467
13.485431434153304
5.865615396175409
11.519829629966322
8.867968008143128
23.35746022998755
15.518946824473948
19.3272895904017
23.462436478321045
22.169925000000564
13.301948597151096
24.386919890179858
19.3272895904017
19.70506693862901
21.37990724694684
16.737926778106363
2.2169946246326355
17.735937846413705
23.462446298126075
15.518950805845414
17.315261693842515
17.596836739415696
17.596836739415696
15.986964923913794
19.705059027479464
21.379906508805174
20.31905808934681
21.834840137675613
15.518945000000807
17.596827532548303
15.35976478974369
18.146861103982967
23.462439736200707
8.867968008143128
10.159533429122128
20.31905808934681
21.148757103698788
22.169925000000564
19.705057308621306
5.865602673796616
23.462436478321045
13.30195725740577
17.315264092703003
24.68737956921005
13.485441845673801
19.705059027479464
18.94199130159894
21.148753115842315
23.35747090114103
23.980442693220866
5.865611697278468
22.169915000000568
15.518941520131133
7.6798808099377425
6.650983873897906
20.319064783071344
23.146083595339622
24.68738734634854
7.679894470189677
6.650975000001879
11.731216256665377
17.596820986009092
4.4339824191408335
22.500011385842672
7.9934823939538395
19.327298377317252
15.51894825304376
21.148759696063735
23.4624330520185
19.705059027479464
19.70506693862901
19.705057195081924
19.705057801210582
21.83484238467615
20.319064635884448
23.980436629007613
15.986960656449055
10.15953409443809
24.68738835747617
24.687384765370552
15.518946824473948
21.834842384676147
19.952935000000622
19.327287029933867
15.518950051909117
13.845124103591488
23.146076104853066
23.35746268119142
17.735945000000708
3.8399506501581495
13.485439654102864
12.343697189005002
15.986960656449055
23.146089351712313
24.98423465845312
17.596830332484597
11.731224431160202
11.731214982048963
19.952935640918856
10.159540270280441
11.084965000001128
17.735942846413604
21.14876210295652
21.37990569151908
20.31907460287623
23.039652429805663
11.519835000001086
5.865611697278469
15.518941520131133
9.663642214209402
15.518948253043762
15.518946824473948
24.68738734634854
5.86561200065688
7.6798808099377425
23.462447295490087
11.73121498204896
19.3272895904017
19.199722270029064
6.650988873893115
23.980442693220866
23.980442693220866
12.343687068224387
13.485441845673801
23.4624330520185
22.500011385842672
17.596820986009092
17.31527133270657
7.9934821120866975
11.519829629966322
13.485441023676238
13.84511409938719
21.379906508805174
12.343688623650955
22.169932095675215
21.8348399232614
24.687381408732886
10.159543248928566
5.865611697278469
12.343689411867507
21.379895813227197
19.70506693862901
10.159539117669167
11.519829629966322
3.8399506501581495
24.687381408732886
11.73121498204896
13.845116897825385
21.14875756374946
3.839945650168762
15.986960656449055
17.735937846413705
10.159546676956113
21.37990724694684
24.687381408732886
21.83484238467615
5.86561539617541
14.537786251649527
