9.663646986663473
5.86561200065688
8.867975000001408
5.86561539617541
2.216994624632636
2.216995000005638
7.9934821120866975
5.865602673796616
2.2169850000056384
2.2169946246326355
7.9934821120866975
9.663651390838247
7.993475846179183
7.679885000001628
5.865611697278469
5.865611697278469
2.216995000005638
6.650985000001879
4.433985000002819
7.993482393953839
9.663646986663473
8.86796500000141
7.993475460201902
6.650983873897906
9.663653106007581
9.663642024932939
3.839945650168762
2.21699962463912
9.663646986663473
9.663651390838247
4.433987419135287
7.993479710166906
7.9934821120866975
8.867968008143128
7.993475460201902
8.867968008143128
8.867968008143128
5.86561539617541
9.663646986663473
7.6798808099377425
3.8399369899062146
5.865611697278468
7.993482393953839
3.839945000003255
8.867968008143128
9.663642024932939
9.663646986663473
7.679889470197471
2.2169909644042307
7.9934821120866975
7.6798808099377425
4.433985000002819
7.993482393953839
8.86796500000141
3.8399419899068783
5.865610110828198
8.867968008143128
8.867968008143128
7.9934823939538395
5.865610110828199
5.86561539617541
7.9934754602019025
4.433985000002819
2.2169850000056384
2.2169946246326355
2.2169946246326355
8.86796500000141
8.86796500000141
5.865605947065487
8.867968008143128
7.679885809935588
9.663642024932939
9.663642024932939
9.663646986663473
9.663651390838247
7.679894470189677
5.865611697278468
8.867968008143128
7.993478619678044
6.650975213639727
5.865615396175409
4.433987419135287
5.86561200065688
9.663651390838247
7.071067811597781e-06
7.993478619678043
8.867968008143128
9.663642024932939
9.663651390838247
9.663646986663473
3.839945650168762
5.865602673796616
3.8399506501581495
8.86796500000141
6.650975000001879
7.679895000001627
7.9934754602019025
4.4339824191408335
3.8399350000032553
3.839945650168762
7.6798808099377425
7.6798808099377425
2.2169850000056384
9.663646986663473
5.865605947065487
4.4339824191408335
5.865611697278469
2.216994624632636
9.663651390838247
4.433985000002819
4.433987419135287
8.867968008143128
5.865611697278469
8.867975000001408
9.663646986663473
7.9934754602019025
7.9934821120866975
5.865602673796616
7.993482393953839
7.679894470189677
9.663642024932939
7.9934823939538395
8.867968008143128
7.679889470197471
5.865611697278469
3.8399369899062146
5.865611697278468
3.8399419899068783
3.8399419899068783
3.839945000003255
7.679885809935588
6.6509802136414455
7.679889470197471
3.8399350000032553
2.2169946246326355
7.071067811597781e-06
5.865612000656879
8.867968008143128
9.663642214209402
9.663643172015924
7.9934823939538395
9.663646986663473
4.433987419135287
3.8399350000032553
2.2169909644042307
3.839945650168762
5.865615396175409
7.9934821120866975
7.9934821120866975
7.6798808099377425
5.865611697278468
6.650988873893115
8.867968008143128
7.993478619678044
4.433987419135287
5.86561539617541
5.865611697278469
4.4339824191408335
3.8399350000032553
5.865602673796616
4.433985000002819
3.8399369899062146
2.2169946246326355
7.9934821120866975
5.865611697278468
4.4339824191408335
5.865610110828198
8.867968008143128
8.867968008143128
7.679885000001628
5.865611697278469
5.865611697278469
7.9934821120866975
7.6798808099377425
2.21699962463912
3.8399506501581495
3.8399506501581495
7.679894470189677
7.993475846179182
8.867968008143128
7.9934754602019025
5.865611697278469
4.4339824191408335
7.9934821120866975
5.865611697278468
6.650988873893115
6.650983873897906
6.650983873897906
7.9934823939538395
9.663651390838247
4.433987419135287
6.650975213639727
4.4339824191408335
2.216994624632636
2.216995000005638
3.8399369899062146
6.650983873897906
7.993475846179182
7.679889470197471
3.8399350000032553
5.865615396175409
2.21699962463912
4.433987419135287
3.8399506501581495
7.9934821120866975
7.679885809935588
6.650983873897906
9.663646986663473
8.867968008143128
8.867975000001408
6.650985000001879
9.663651390838247
9.663642214209402
7.993482393953839
4.4339824191408335
3.839945000003255
9.663653106007581
3.8399369899062146
7.071067811597781e-06
4.433987419135287
5.865612000656879
9.663642214209402
7.993475460201902
6.650983873897906
4.4339824191408335
3.8399350000032553
2.21699962463912
7.993482393953839
7.9934821120866975
8.867968008143128
8.867968008143128
6.650983873897906
5.865610110828199
6.6509802136414455
5.865611697278469
3.839945650168762
3.8399369899062146
2.21699962463912
5.865605947065487
7.993475846179182
9.663642024932939
5.865610110828199
7.9934754602019025
6.650985000001879
9.663642214209402
3.8399369899062146
2.2169946246326355
7.071067811597781e-06
7.679895000001627
5.86561539617541
9.663646986663473
7.9934821120866975
9.663651390838247
5.865602673796616
2.2169850000056384
7.679894470189677
8.867968008143128
8.867968008143128
6.6509802136414455
7.679889470197471
7.993479710166906
2.216994624632636
2.2169909644042307
4.433985000002819
7.6798808099377425
7.6798808099377425
5.865602673796616
5.865602673796616
3.8399369899062146
9.663646986663473
9.663653106007581
9.663646986663473
3.839945650168762
7.9934821120866975
7.6798808099377425
7.071067811597781e-06
7.679894470189677
7.993475846179182
9.663643172015924
5.865610110828199
7.679889470197471
7.9934754602019025
4.433985000002819
9.663642214209402
4.4339824191408335
6.650988873893115
9.663646986663473
7.993475460201902
6.650983873897906
9.663642024932939
7.9934823939538395
4.433987419135287
4.4339824191408335
7.993475460201902
9.663646986663473
5.865611697278469
3.8399350000032553
7.9934821120866975
5.865611697278468
5.865612000656879
7.993475846179182
7.679895000001627
9.663643172015924
9.663651390838247
8.867975000001408
4.4339824191408335
2.216995000005638
6.650985000001879
7.993482393953839
9.663646986663473
7.993478619678043
8.867968008143128
9.663642024932939
7.993478619678044
9.663651390838247
6.6509802136414455
7.9934754602019025
3.8399350000032553
5.865605947065487
5.865610110828198
5.865612000656879
7.993475846179182
9.663653106007581
7.993479710166906
4.4339824191408335
2.2169909644042307
5.865615396175409
9.663651390838247
2.2169946246326355
7.679885809935588
7.993475846179183
7.679885000001628
5.86561539617541
7.679889470197471
8.867975000001408
2.2169909644042307
5.865611697278468
7.993475846179182
9.663646986663473
5.86561200065688
5.865611697278469
2.2169909644042307
7.6798808099377425
3.8399506501581495
9.663646986663473
3.839945000003255
7.679889470197471
4.4339824191408335
6.650985000001879
9.663646986663473
8.86796500000141
6.650988873893115
9.663642214209402
8.867968008143128
9.663651390838247
5.865610110828199
5.86561200065688
6.6509802136414455
8.867975000001408
4.433987419135287
3.839945000003255
9.663642024932939
8.867968008143128
7.679885000001628
4.433987419135287
7.9934754602019025
9.663642214209402
3.8399506501581495
7.679885809935588
8.867968008143128
5.865610110828199
6.6509802136414455
7.9934754602019025
4.4339824191408335
4.433985000002819
3.8399506501581495
6.650975000001879
6.650988873893115
7.993475846179182
7.993475846179182
8.867968008143128
8.867975000001408
4.4339824191408335
6.650975000001879
6.650975000001879
7.993475846179182
9.663651390838247
6.650975213639727
2.216994624632636
7.9934821120866975
7.9934821120866975
7.9934821120866975
2.2169850000056384
7.071067811597781e-06
7.993475460201902
9.663643172015924
7.679889470197471
2.216994624632636
9.663651390838247
4.433985000002819
2.2169946246326355
5.865611697278468
7.993482393953839
9.663646986663473
5.865611697278468
3.8399419899068783
7.993478619678043
8.867968008143128
6.6509802136414455
4.4339824191408335
3.8399350000032553
7.6798808099377425
3.8399369899062146
7.993482393953839
6.650975000001879
3.8399419899068783
9.663642024932939
9.663643172015924
6.650975213639727
4.4339824191408335
2.216994624632636
7.679894470189677
8.86796500000141
7.679885809935588
9.663642024932939
5.86561200065688
7.993479710166906
6.650975213639727
3.839945650168762
7.9934821120866975
6.650975000001879
5.865610110828198
7.679885809935588
5.86561200065688
7.679889470197471
3.8399369899062146
5.865611697278468
5.865605947065487
3.8399419899068783
3.839945000003255
9.663646986663473
7.993475460201902
8.867968008143128
8.867968008143128
5.865610110828199
5.865611697278468
5.865611697278468
7.993482393953839
9.663646986663473
9.663646986663473
5.865605947065487
4.4339824191408335
6.650988873893115
6.650988873893115
9.663642214209402
9.663653106007581
9.663646986663473
5.86561200065688
5.86561539617541
7.993479710166906
3.8399369899062146
3.8399419899068783
5.865610110828198
7.993478619678043
7.993475460201902
9.663653106007581
4.433987419135287
6.6509802136414455
5.865611697278469
9.663651390838247
7.6798808099377425
7.6798808099377425
2.2169946246326355
7.679894470189677
6.650975000001879
5.865605947065487
3.8399419899068783
7.993478619678043
6.650988873893115
8.867968008143128
7.679885809935588
9.663642024932939
7.679885000001628
2.2169909644042307
2.216995000005638
3.839945650168762
6.650983873897906
7.993475846179182
9.663642024932939
7.679885000001628
6.650975213639727
4.4339824191408335
3.8399350000032553
9.663651390838247
7.9934821120866975
2.2169946246326355
3.8399506501581495
7.679894470189677
8.867968008143128
7.679885809935588
7.993475846179182
5.865610110828199
5.865611697278469
2.2169909644042307
7.071067811597781e-06
5.865605947065487
5.865610110828198
6.650983873897906
9.663642024932939
7.9934823939538395
7.9934823939538395
9.663646986663473
9.663651390838247
7.679885000001628
5.86561539617541
7.679889470197471
3.839945650168762
2.2169946246326355
7.071067811597781e-06
3.8399506501581495
9.663646986663473
7.679885809935588
8.867968008143128
7.993475846179183
4.4339824191408335
4.433985000002819
7.9934821120866975
7.6798808099377425
8.86796500000141
6.650975000001879
8.867968008143128
7.993475846179182
5.865610110828199
4.433987419135287
5.86561539617541
9.663646986663473
4.4339824191408335
4.433987419135287
3.8399506501581495
6.650975000001879
5.865611697278468
5.865612000656879
7.679895000001627
9.663646986663473
6.650975213639727
2.216995000005638
9.663651390838247
9.663642214209402
3.8399369899062146
7.679894470189677
9.663646986663473
4.4339824191408335
9.663643172015924
9.663643172015924
9.663651390838247
5.86561539617541
4.4339824191408335
5.865602673796616
3.8399506501581495
5.865611697278468
9.663646986663473
3.839945000003255
6.650988873893115
7.993478619678044
9.663651390838247
8.867975000001408
9.663646986663473
4.433985000002819
5.865602673796616
2.2169946246326355
2.2169946246326355
3.839945000003255
6.650988873893115
7.679895000001627
5.865610110828199
5.86561539617541
2.216994624632636
7.6798808099377425
5.865611697278468
8.867968008143128
9.663651390838247
8.867968008143128
8.867975000001408
2.216994624632636
7.993482393953839
4.4339824191408335
9.663646986663473
9.663642024932939
7.993478619678044
8.867975000001408
7.9934754602019025
4.4339824191408335
9.663651390838247
8.86796500000141
3.8399419899068783
9.663642214209402
8.867968008143128
6.650983873897906
5.865611697278469
5.86561539617541
9.663646986663473
5.865611697278469
6.650975213639727
4.433985000002819
5.865615396175409
6.650985000001879
7.9934821120866975
2.2169850000056384
6.650975000001879
7.993478619678043
8.867968008143128
9.663646986663473
9.663642024932939
7.993478619678044
6.6509802136414455
4.433985000002819
5.865615396175409
7.9934821120866975
7.9934821120866975
4.433985000002819
7.993482393953839
8.867968008143128
8.867968008143128
7.679885000001628
6.6509802136414455
6.6509802136414455
4.433985000002819
5.865615396175409
3.8399506501581495
7.679894470189677
3.8399419899068783
4.4339824191408335
9.663646986663473
9.663651390838247
8.867968008143128
4.433987419135287
2.216994624632636
2.216995000005638
5.865615396175409
2.2169850000056384
2.2169946246326355
7.9934821120866975
6.650975000001879
5.865605947065487
7.993475846179182
7.679895000001627
9.663643172015924
7.993478619678044
4.433987419135287
6.650985000001879
7.9934821120866975
7.679885809935588
5.865611697278469
5.86561539617541
3.839945650168762
2.2169850000056384
4.433987419135287
6.650983873897906
9.663642024932939
7.993478619678044
7.679889470197471
4.433985000002819
7.9934821120866975
2.21699962463912
7.679894470189677
5.865611697278468
7.993475460201902
9.663653106007581
4.433987419135287
6.650975213639727
2.216994624632636
2.216995000005638
5.865615396175409
3.8399369899062146
9.663646986663473
9.663642024932939
9.663646986663473
4.433985000002819
7.071067811597781e-06
2.21699962463912
7.993482393953839
7.993478619678044
9.663646986663473
4.4339824191408335
5.865602673796616
4.433985000002819
9.663646986663473
8.867968008143128
7.679885000001628
6.6509802136414455
7.993479710166906
9.663646986663473
9.663651390838247
3.8399369899062146
2.21699962463912
7.679894470189677
9.663642024932939
8.867968008143128
8.867968008143128
5.865610110828199
5.86561200065688
4.433987419135287
2.216994624632636
2.216995000005638
7.6798808099377425
5.865602673796616
5.865611697278468
7.993482393953839
9.663646986663473
6.650985000001879
7.9934821120866975
4.4339824191408335
3.839945000003255
8.867968008143128
7.679885000001628
7.6798808099377425
2.21699962463912
4.433987419135287
3.8399506501581495
7.679895000001627
9.663643172015924
8.867968008143128
5.865611697278469
5.865611697278469
2.216994624632636
9.663651390838247
4.433985000002819
7.9934821120866975
4.4339824191408335
7.679885809935588
9.663642024932939
8.867968008143128
5.865610110828199
7.679885000001628
4.433987419135287
7.993479710166906
9.663646986663473
3.8399350000032553
2.21699962463912
3.8399506501581495
6.650975000001879
3.8399419899068783
3.839945000003255
8.867968008143128
7.993475846179183
8.867975000001408
6.650975213639727
2.216994624632636
6.650985000001879
7.9934821120866975
3.8399369899062146
7.679894470189677
6.650975000001879
9.663642024932939
8.867968008143128
5.865610110828199
4.4339824191408335
2.2169909644042307
3.839945650168762
7.6798808099377425
3.8399369899062146
7.071067811597781e-06
5.865605947065487
4.4339824191408335
9.663646986663473
7.993475846179182
9.663642024932939
7.993478619678044
5.865611697278469
3.839945650168762
3.8399506501581495
7.679894470189677
6.650975000001879
6.650988873893115
6.650988873893115
8.867968008143128
6.650983873897906
7.9934821120866975
2.2169850000056384
9.663646986663473
5.865611697278468
7.679885809935588
9.663642024932939
6.6509802136414455
8.867975000001408
2.216995000005638
7.993478619678043
9.663642214209402
7.679885809935588
8.867968008143128
4.4339824191408335
9.663642214209402
4.4339824191408335
3.839945000003255
5.865612000656879
7.993475846179182
5.86561200065688
6.650975213639727
4.433985000002819
7.9934821120866975
9.663651390838247
7.071067811597781e-06
5.865611697278468
3.8399419899068783
6.650988873893115
7.679895000001627
9.663651390838247
6.6509802136414455
5.865611697278469
8.867975000001408
2.216994624632636
2.216995000005638
3.839945650168762
7.6798808099377425
5.865605947065487
3.839945000003255
7.679895000001627
7.993478619678044
7.993475846179183
8.867975000001408
3.8399350000032553
4.433985000002819
3.8399369899062146
7.071067811597781e-06
4.433987419135287
7.993482393953839
5.865610110828198
7.9934823939538395
7.071067811597781e-06
5.865611697278468
3.839945000003255
9.663646986663473
5.86561200065688
3.8399350000032553
2.2169909644042307
5.865615396175409
5.865611697278468
3.8399419899068783
5.865612000656879
7.993475460201902
9.663642024932939
9.663642024932939
7.993478619678044
5.865611697278469
5.865611697278469
5.865615396175409
5.865611697278468
3.839945000003255
3.839945000003255
7.679885809935588
6.650983873897906
7.993475846179182
9.663642024932939
9.663643172015924
9.663646986663473
7.679889470197471
8.867975000001408
6.650985000001879
6.650975000001879
5.865605947065487
9.663653106007581
9.663642024932939
9.663646986663473
6.6509802136414455
2.216994624632636
5.865602673796616
3.8399369899062146
4.433987419135287
3.8399506501581495
7.9934821120866975
9.663653106007581
