24.6873790249117
24.98423387931377
23.462436478321045
18.941991435449705
19.952935640918856
19.327288443324115
15.518941391655876
16.73792529161395
19.32729620656366
22.16991843542168
20.31906800352442
12.343689411867507
15.518945000000807
16.737926778106363
24.687381408732886
23.462439736200707
14.537796164056298
5.865611697278469
17.315261693842515
21.14875756374946
15.518941520131133
15.35976478974369
13.48543531534114
5.865611697278468
5.865611697278468
12.343687068224387
21.379903780561083
24.687381408732886
10.159543543548105
21.148757103698788
19.95292500000063
18.146861103982967
13.485431434153304
19.952944301171446
22.169923435421467
21.379897176241286
17.596827532548303
19.327288443324115
19.19972500000065
23.462439736200707
21.1487572235829
24.68737956921005
24.386919890179858
24.98423770902867
21.834837384895952
15.518941391655876
14.537790362749423
21.379902916698427
13.301953597154442
15.359773449997562
23.357469350964585
20.31905808934681
10.159530821167383
5.865610110828199
14.537796164056298
21.148753115842315
17.596820986009092
10.159532571129933
2.216994624632636
3.839945650168762
5.865615396175409
11.731224431160202
24.98422500574813
9.663642214209402
7.993482393953839
21.37989358413297
19.705059027479464
5.865612000656879
15.986964923913794
18.146871552536265
19.705064621691804
22.500006860226737
22.500006860226737
21.148757103698788
18.94199028799376
12.343695613852846
16.73793332116155
23.35745856281137
13.485431434153304
11.084964462904244
19.19971360977684
19.705057308621306
17.596827532548303
19.327288443324115
19.19972500000065
23.980440520124937
24.6873790249117
24.984228294579168
19.705057801210582
24.68737543280472
21.379895813227197
19.199717270029005
22.500016713519347
13.485441023676238
12.343686281287694
13.485444357285747
15.518950805845414
11.519838290221353
24.687381408732886
18.146857427087756
8.867968008143128
19.705059027479464
23.146075695703797
9.663646986663473
3.8399350000032553
3.8399369899062146
2.2169850000056384
3.8399506501581495
19.327292938749856
23.4624330520185
19.705059027479464
7.9934821120866975
8.867968008143128
12.343697189005002
15.518945000000807
10.15953531894299
8.867968008143128
8.867968008143128
13.485441845673801
19.327292938749856
21.148765926834834
23.462446298126075
24.984238284731635
24.984237841051904
22.169923435421467
18.941991435449705
19.705057801210582
21.834837384895952
19.199717270029005
23.357468528970557
11.731214366844126
18.94199130159894
19.952935000000622
7.993475846179183
5.865610110828199
14.537796164056298
23.146075695703797
13.485431434153304
7.9934754602019025
3.839945650168762
19.327287029933867
15.518949859035242
3.8399419899068783
10.159546676956113
7.679885809935588
15.518950051909117
21.148762989150214
21.148757103698788
18.146861103982967
11.519834629969738
15.51894825304376
15.986960656449055
13.845114984110822
23.146076104853066
21.148758562890873
19.19971360977684
17.596827532548303
18.941991435449705
19.705057195081924
19.19972500000065
23.039657429806766
23.462439736200707
21.37989600342457
19.952939301171895
24.386916229926445
23.980435859034134
21.148755940580756
18.146865493529454
20.319064635884448
20.319064635884448
23.462442501130397
21.379895813227197
19.199715000000648
21.379902916698427
18.941991435449705
18.94198815865563
15.986950784394441
7.993475846179183
8.867975000001408
10.159543248928566
13.30195500000094
11.731216341643776
13.485444357285747
23.146076104853066
3.8399506501581495
5.865611697278468
9.663646986663473
15.98695816958467
5.865605947065487
11.084960802648334
13.845124103591488
14.537786251649527
8.867968008143128
6.650983873897906
11.731226076470014
20.319072195172936
24.68737956921005
19.95292500000063
15.518941520131133
11.731216341643776
19.705059027479464
13.845116897825385
14.537791701756152
15.518946824473947
17.735937846413705
18.941991435449705
23.462439736200707
21.834847057367956
21.37990569151908
23.357469271932054
18.941991435449705
23.039661090060548
15.986960656449057
17.596830332484597
13.485441023676238
13.48543187951539
15.98695816958467
15.98695816958467
22.169925000000564
7.993478619678044
7.9934823939538395
13.845111325888643
9.663646986663473
2.216995000005638
7.9934821120866975
10.159545138747601
17.315261693842515
4.433985000002819
7.071067811597781e-06
7.993482393953839
10.159533429122128
7.9934821120866975
7.9934821120866975
10.159546676956113
17.596835091835406
23.980434227082924
22.169915000000568
13.8451044916985
15.51894825304376
22.500006860226737
17.315261693842515
13.845116897825385
19.3272895904017
21.8348399232614
21.14876210295652
18.941991435449705
19.327288443324115
23.039657429806766
21.148759696063735
21.148755416436444
20.319064635884448
21.379897494376582
15.986957718147941
22.16991843542168
23.35746022998755
18.14686243929374
13.301953597154442
21.1487572235829
21.1487572235829
17.735937846413705
12.343686281287694
13.301948597151096
7.993475846179183
5.865611697278469
5.86561539617541
7.679889470197471
7.993479710166906
20.31907460287623
13.845109964072153
7.9934754602019025
3.839945650168762
5.865615396175409
7.9934821120866975
9.663642214209402
2.2169850000056384
5.865611697278468
19.705059027479464
17.596824017033583
3.8399419899068783
5.865610110828198
7.993478619678043
15.986964923913794
7.993475460201902
9.663653106007581
13.30196225740586
20.319072195172936
24.386916229926445
17.59682729030577
15.98695799016342
13.845116897825385
14.537792186864207
22.500021537070804
21.379897176241286
19.19971360977684
18.14686483321706
16.737925692906213
19.327288443324115
21.834842384676147
21.148755502923805
24.984238284731635
23.357469271932054
24.98423770902867
24.98423387931377
19.3272895904017
20.319071276794368
18.941991435449705
21.148761502122294
13.485441023676238
11.084960802648334
13.485444357285747
18.146870877538365
10.15953409443809
14.537794843381509
15.518945000000807
18.94199130159894
19.952935000000622
21.83484238467615
23.980446336260087
7.9934821120866975
21.14875756374946
17.31527133270657
5.865605947065487
16.73793332116155
16.737917991191434
11.084964462904244
13.845117386033605
22.169923435421467
23.35747090114103
17.315257466149614
15.359769789747828
16.737927360765134
16.737925692906213
21.148755416436444
20.319065648637736
21.1487572235829
21.148755502923805
20.319077452636723
23.146083595339622
23.039665000000543
24.68737956921005
21.834837384895952
19.327288443324115
19.327288443324115
19.199715000000648
14.537795514219136
16.73792529161395
13.84510767878134
12.343686281287694
15.359773449997562
24.386915000000513
17.735937846413705
16.737916516276748
11.519825000001086
7.993478619678044
19.952935000000622
10.159530821167383
5.865611697278469
10.159543248928566
10.159543248928566
11.084965000001128
12.343698501942196
15.98695816958467
13.84511409938719
7.9934821120866975
17.31527133270657
19.327292938749856
11.084955000001129
18.94199028799376
7.993475460201902
24.68737956921005
15.98695816958467
12.343689411867507
13.845117386033605
15.98695799016342
15.518946824473947
17.315264092703003
21.8348399232614
21.8348399232614
18.941991435449705
23.980445466722465
24.98423465845312
21.834842384676147
23.039665000000543
24.984228294579168
23.462436478321045
21.148755940580756
17.735942846413607
19.952935640918856
18.94199401071202
22.500012150548937
24.68737956921005
9.663643172015924
10.15953409443809
12.343689411867507
5.865611697278469
21.834849783464282
24.98423465845312
17.596820986009092
13.845109964072153
4.4339824191408335
2.216994624632636
17.596836739415696
2.2169946246326355
15.518949859035242
19.327292938749856
5.865611697278468
7.993478619678043
7.679885809935588
7.993475460201902
24.68737956921005
24.68737956921005
18.146861103982967
16.737917991191434
16.737929666504456
22.169923435421467
24.386916229926445
23.35747090114103
19.705059027479464
13.30195725740577
15.518946824473947
19.19972500000065
21.834842384676147
19.952939301171895
21.148755502923805
21.37990569151908
23.14607459914208
23.462436478321045
21.14875756374946
23.462442501130397
21.379895813227197
16.73792048987717
15.518941391655876
19.705059027479464
15.986960656449057
15.518946824473948
13.48543187951539
13.84510767878134
12.343689411867507
24.386915000000513
21.1487572235829
19.95293064091714
21.148767062404612
21.83484238467615
11.084955802647569
7.679885000001628
3.839945650168762
6.650985000001879
23.146076104853066
15.35976478974369
23.4624330520185
8.867968008143128
12.343688623650955
8.867968008143128
7.679895000001627
23.980447453874792
24.386915000000513
16.737917991191434
13.485431434153304
11.731216341643776
13.30195725740577
15.518946824473947
21.148758562890873
19.327288443324115
22.500011385842672
23.980440520124937
22.169923435421467
24.98423770902867
19.952935640918856
23.14608520420354
15.986960656449057
15.518949859035242
19.199717270029005
13.84510767878134
12.343686281287694
20.319072713055828
21.1487572235829
10.159539117669167
16.73791933121468
7.993479710166906
17.315257466149614
17.315257466149614
13.84511409938719
19.32729620656366
21.14875756374946
9.663642214209402
4.433985000002819
13.485439654102864
15.35977844999888
14.537786251649527
7.993478619678043
19.705064621691804
23.462447295490087
14.537786251649527
13.301945000000941
9.663642214209402
7.993475846179182
16.73793332116155
21.148762989150214
24.386915000000513
24.386916229926445
21.834840137675613
19.705059027479464
15.359775000000813
23.980436629007613
23.980440520124937
24.68737956921005
23.357469271932054
22.500017790482964
21.83484238467615
19.705057801210582
21.14875756374946
21.834837384895952
19.327288443324115
19.199715000000648
14.537795514219136
19.199717270029005
13.485441023676238
13.84510767878134
13.485444357285747
24.386915000000513
21.1487572235829
10.159539117669167
14.537794843381509
18.146857427087756
11.084955802647569
11.084955802647569
5.86561539617541
14.537796164056298
2.216994624632636
9.663651390838247
24.98422500574813
15.518941520131133
15.35976478974369
5.865602673796616
3.8399369899062146
7.993482393953839
23.4624330520185
15.98695816958467
3.839945000003255
5.865612000656879
20.319062893250024
9.663642214209402
9.663646986663473
19.95292500000063
19.95292500000063
11.519835000001086
16.737929666504456
24.687381408732886
15.986960656449055
17.315264092703003
19.19971360977684
21.148755416436444
24.68737956921005
22.169923435421467
19.3272895904017
21.148761502122294
16.73792048987717
24.687381408732886
18.941991435449705
12.343686281287694
13.301953597154442
7.9934823939538395
23.980433314355476
18.146857427087756
7.679885000001628
5.86561539617541
11.084965000001128
21.148753115842315
21.148753115842315
17.315257466149614
4.4339824191408335
19.32729620656366
24.984238490153146
7.993482393953839
19.199722270029064
7.9934821120866975
6.650975000001879
12.343697189005002
16.737916844113247
10.15953531894299
11.731226076470014
19.95292500000063
15.518941520131133
13.485435315341139
11.731224186650342
15.51894825304376
13.845117386033605
15.359769789747828
13.30195725740577
21.379897176241286
23.039657429806766
23.039665000000543
24.984228294579168
23.35746450120068
22.500017790482964
23.462447295490087
21.148755940580756
23.039661090060548
15.986960656449057
15.518950805845414
21.148766154564434
24.68737956921005
10.15953409443809
9.663646986663473
7.993479710166906
3.8399350000032553
21.14875756374946
17.315261693842515
15.518941520131133
9.663642214209402
3.8399369899062146
7.071067811597781e-06
9.663646986663473
15.35977844999888
21.37989358413297
17.596824017033583
5.865611697278468
3.8399419899068783
13.845124103591488
20.319062893250024
11.73121498204896
13.485431434153304
13.845117386033605
23.357459384805747
22.500006860226737
15.518948187788048
14.537791701756152
23.4624330520185
21.14876210295652
19.19972500000065
24.984229616589143
22.500012150548937
24.68737956921005
24.68737956921005
24.984237841051904
21.148759696063735
24.98423770902867
21.148755416436444
18.14686243929374
17.596830332484597
13.485441023676238
11.731216256665377
13.84510767878134
11.084960802648334
13.845117169841865
16.737916516276748
7.993478619678044
12.343698501942196
11.084955802647569
3.839945650168762
9.663651390838247
19.327287029933867
13.485439654102864
15.35977844999888
5.865611697278468
5.865610110828198
12.343697189005002
21.148762989150214
16.737917991191434
11.519835000001086
15.986960656449055
18.146865493529454
19.327287029933867
13.845114984110822
19.705057195081924
23.4624330520185
23.039657429806766
23.980435859034134
23.980435859034134
21.148759696063735
21.148755416436444
23.039655000000547
21.379897368655676
17.735942846413607
18.94199401071202
17.596828545299008
17.596828545299008
19.199717270029005
13.485441023676238
12.343686281287694
11.731223900934207
14.537794843381509
18.94199130159894
11.084955802647569
5.86561539617541
10.159543248928566
11.084965000001128
20.31907460287623
5.865615396175409
10.159545138747601
19.32729620656366
11.731214982048963
4.433987419135287
17.31527133270657
17.31527133270657
21.834840137675613
17.596824017033583
16.737916844113247
13.301945000000941
6.650983873897906
15.518950051909117
17.735942846413604
18.94199130159894
12.343695613852846
19.705059027479464
15.98695799016342
15.518950051909117
19.327292938749856
21.37990724694684
22.500011385842672
23.146083595339622
24.68737956921005
21.148755940580756
19.3272895904017
20.319071276794368
18.94199401071202
18.94199401071202
23.462442501130397
24.68737543280472
17.315263452516394
22.500016713519347
15.518950805845414
15.98695816958467
21.148767062404612
23.357469350964585
10.159530821167383
6.6509802136414455
7.993479710166906
23.980446336260087
21.379889717237784
11.731216341643776
10.159545138747601
21.14875756374946
23.146089351712313
15.518949859035242
15.35977844999888
19.327292938749856
7.993478619678043
10.159546676956113
21.148757103698788
9.663642214209402
10.159543543548105
21.148762989150214
21.148757103698788
16.737929666504456
13.845116897825385
15.518946824473947
19.705057195081924
19.19971360977684
18.941988158655626
23.980445466722465
24.98423465845312
24.386919890179858
21.379897494376582
14.537795514219136
22.16991843542168
15.518946824473948
15.518950805845414
18.94199130159894
22.500011385842672
11.084955802647569
6.6509802136414455
8.867975000001408
23.146075695703797
19.327286978353946
9.663651390838247
19.32729620656366
19.32729620656366
15.35976478974369
2.21699962463912
3.8399506501581495
7.993482393953839
21.834840137675613
12.343687068224387
17.596835091835406
24.687381408732886
17.735942846413604
20.319072195172936
21.834840137675613
19.327287029933867
17.596842042112275
24.68738835747617
23.4624330520185
23.462446298126075
23.980445466722465
21.834847057367956
23.462436478321045
23.35746450120068
21.148762989150214
21.379897368655676
20.319071276794368
17.735942846413607
24.68737543280472
15.986960656449057
20.319072713055828
23.357468528970557
24.386915000000513
10.15953409443809
11.519838290221353
11.519838290221353
24.687381408732886
8.867968008143128
13.30195500000094
18.146870877538365
15.518941520131133
13.48543531534114
5.865611697278468
17.596835091835406
11.73121498204896
6.650983873897906
15.518941520131133
17.315257466149614
15.359775000000813
19.3272895904017
19.705057308621306
18.941988158655626
18.14686243929374
21.148755416436444
21.148765926834834
21.37990569151908
23.980440520124937
24.984228294579168
23.980435859034134
23.146081502216525
24.98423770902867
24.98423387931377
19.705057195081924
20.319071276794368
18.941991435449705
19.952935640918856
20.319064635884448
21.14875756374946
19.327288443324115
15.518948253043762
14.537795514219136
18.14686243929374
18.94198815865563
11.519825000001086
7.9934823939538395
13.845111325888643
7.993479710166906
8.867975000001408
13.485431434153304
3.8399350000032553
11.731224431160202
3.8399506501581495
11.51984329022101
14.537786251649527
23.462447295490087
16.737916844113247
21.148762989150214
20.319072195172936
23.35745856281137
13.485435315341139
19.952944301171446
21.834840137675613
17.315257466149614
23.35747354314353
23.462446298126075
20.319077452636723
23.980442693220866
19.952935640918856
23.039661090060548
13.48543187951539
12.343698501942196
23.462439736200707
21.83484238467615
16.73791933121468
19.327286978353946
4.4339824191408335
4.433985000002819
7.9934821120866975
23.146089351712313
9.663642214209402
11.51984329022101
21.834840137675613
5.865610110828198
3.839945000003255
11.084960802648334
14.537798286805673
9.663646986663473
24.386915000000513
19.95292500000063
16.737917991191434
15.51894825304376
18.941991435449705
14.537791701756152
15.986960656449055
13.845114984110822
15.518946824473947
20.319080725905145
16.737925692906213
23.14608455316471
24.984238284731635
23.980442693220866
24.386916229926445
23.462436478321045
22.169923435421467
22.500017790482964
23.980440248107413
20.319064635884448
17.315264092703003
14.537795514219136
16.73792048987717
15.518941391655876
15.518949859035242
19.32729620656366
15.359765000000813
23.357468528970557
17.735937846413705
21.148767062404612
23.462439736200707
16.73792792518387
18.146870877538365
23.980446336260087
15.518942001890785
3.839945650168762
10.159545138747601
11.731214982048963
3.8399369899062146
15.35977844999888
15.35977844999888
21.834840137675613
15.98695816958467
13.845101718198029
11.73121498204896
10.15953531894299
9.663646986663473
12.343695613852846
24.68737956921005
23.35745856281137
21.148757103698788
11.731216341643776
15.359769789747828
17.596842042112275
21.8348399232614
18.941991435449705
23.35746268119142
19.705057801210582
19.705057195081924
17.315261693842515
22.500016713519347
11.731216256665377
13.84510767878134
12.343686281287694
17.596833466145267
20.319072713055828
16.737916516276748
7.9934823939538395
21.148767062404612
21.83484238467615
12.343689411867507
6.6509802136414455
18.146870877538365
19.705059027479464
4.4339824191408335
2.216994624632636
3.839945650168762
21.379906508805174
3.8399369899062146
21.37989358413297
10.159533429122128
10.159546676956113
18.94199130159894
13.8451044916985
13.485441023676238
18.146865493529454
16.737929666504456
18.941991435449705
19.327287029933867
15.518948187788048
21.8348399232614
19.705057308621306
18.14686483321706
19.327288443324115
22.500011385842672
22.500012150548937
24.386916229926445
23.35746450120068
21.148761502122294
23.14608520420354
15.986957718147941
15.518949859035242
18.941991435449705
15.986960656449057
15.359765000000813
15.518950051909117
13.845105276856872
10.15953409443809
17.735945000000708
18.94199130159894
23.462439736200707
16.73791933121468
12.343689411867507
10.159543248928566
23.146075695703797
7.9934754602019025
11.731224431160202
23.146076104853066
3.8399506501581495
13.485439654102864
15.98695816958467
6.650975000001879
7.993478619678043
18.94199028799376
10.15953531894299
14.537795514219136
16.73793332116155
18.94199130159894
11.731224186650342
18.146865493529454
24.386916229926445
13.845114984110822
19.327292938749856
22.500011385842672
22.500011385842672
23.35746450120068
21.148762989150214
23.462442501130397
23.980433085531423
21.379895813227197
17.315265788547688
17.315261693842515
19.32729620656366
13.485439654102866
18.146870877538365
10.15953409443809
12.343698501942196
14.537794843381509
15.518945000000807
24.687381408732886
14.537796164056298
17.315257466149614
13.845109964072153
17.596836739415696
21.14875756374946
7.9934821120866975
2.2169850000056384
2.2169946246326355
4.433987419135287
3.8399506501581495
11.731223900934205
19.199722270029064
21.148766949168692
4.4339824191408335
6.650988873893115
13.30196225740586
17.735942846413604
17.596842042112275
21.8348399232614
21.148758562890873
19.705057308621306
16.737927360765134
20.319065648637736
24.68737956921005
24.687384765370552
24.984237841051904
23.462436478321045
23.980440248107413
23.462447295490087
23.462436478321045
19.705057195081924
24.68737543280472
23.980433085531423
17.596828545299008
23.35746022998755
21.148755502923805
12.343686281287694
12.343686281287694
15.518950805845414
10.15953409443809
8.867968008143128
7.9934823939538395
9.663646986663473
24.687381408732886
20.31905808934681
13.301948597151096
13.301948597151096
10.159530821167383
23.146075695703797
21.379889717237784
19.327286978353946
19.327286978353946
9.663651390838247
11.731224431160202
17.315261693842515
21.14875756374946
23.462447295490087
6.650983873897906
9.663642024932939
13.485435315341139
18.941991435449705
23.35747090114103
24.687381408732886
23.4624330520185
21.379897176241286
18.941991435449705
17.596840152290127
19.19972500000065
23.462446298126075
24.386919890179858
23.35746268119142
21.148761502122294
22.500012150548937
24.687381408732886
23.35746022998755
17.735937846413705
15.518950051909117
14.537782457020397
12.343686281287694
16.737926778106363
17.735945000000708
23.980433314355476
5.86561200065688
11.731216341643776
4.4339824191408335
19.32729620656366
23.146076104853066
19.327287029933867
13.48543531534114
4.433985000002819
9.663646986663473
11.731223900934205
13.845101718198029
11.084955000001129
6.650975000001879
5.865611697278468
6.650988873893115
17.735942846413604
18.94199401071202
20.319072195172936
17.59682729030577
17.315264092703003
19.705057195081924
18.941991435449705
23.146081502216525
20.319065648637736
21.1487572235829
19.952939301171895
22.500012150548937
23.357469271932054
23.357469271932054
23.980442693220866
24.6873790249117
22.500017790482964
21.379897368655676
18.146865493529454
18.94199401071202
18.146871552536265
22.500012150548937
21.379895813227197
21.148755502923805
11.731216256665377
13.301953597154442
22.169925000000564
23.35745698624424
11.731214366844126
12.343698501942196
7.993475846179183
7.679885000001628
5.86561200065688
7.679889470197471
12.343698501942196
13.845109964072153
13.485444357285747
19.199722270029064
23.146081502216525
13.845101718198029
5.865605947065487
12.343697189005002
18.146871552536265
17.596835091835406
21.379903780561083
23.980434227082924
21.148757103698788
7.993475846179182
7.679895000001627
18.146861103982967
15.51894825304376
13.845117386033605
18.941991435449705
23.35747090114103
20.319064783071344
19.327287029933867
15.518948187788048
15.98695799016342
17.315264092703003
16.737925692906213
23.14608455316471
23.039657429806766
21.37990569151908
21.37990569151908
22.500012150548937
21.379895813227197
17.315263452516394
15.518941391655876
22.500011385842672
15.518950051909117
10.159539117669167
16.737926778106363
15.986950784394441
11.084955802647569
4.433987419135287
6.6509802136414455
7.993479710166906
21.834849783464282
15.518942001890785
4.4339824191408335
3.839945650168762
7.9934821120866975
17.315261693842515
17.596836739415696
4.433985000002819
7.071067811597781e-06
17.31527133270657
6.650988873893115
15.986964923913794
7.993475846179182
14.537795514219136
14.537795514219136
16.737917991191434
10.159540270280441
21.148759696063735
15.518948187788048
15.518950051909117
16.737925692906213
19.19972500000065
24.98423465845312
21.148759696063735
23.35746450120068
17.735942846413607
21.14875756374946
19.327288443324115
15.986960656449057
14.537795514219136
21.834849783464282
21.148755502923805
18.941991435449705
18.14686243929374
15.986960656449057
12.343689411867507
13.485439654102866
23.35745698624424
21.1487572235829
7.9934823939538395
13.845111325888643
21.148767062404612
21.148767062404612
18.146857427087756
13.301948597151096
11.084955802647569
11.731216341643776
9.663646986663473
7.9934754602019025
21.14875756374946
23.146089351712313
4.433987419135287
13.845101718198029
10.159533429122128
8.86796500000141
17.596835091835406
15.518945000000807
8.867968008143128
7.993475846179182
11.084964462904244
18.146865493529454
17.315264092703003
24.68738835747617
20.319065648637736
20.319065648637736
21.1487572235829
23.462446298126075
23.146083595339622
24.386919890179858
23.462436478321045
21.148759696063735
22.169923435421467
23.462447295490087
16.73792048987717
23.980443934336368
21.148755502923805
13.845117169841865
13.485439654102866
9.663642024932939
8.867968008143128
10.159539117669167
19.952935000000622
22.500016713519347
5.86561539617541
17.315257466149614
17.596820986009092
23.146076104853066
19.19970860977452
9.663642214209402
21.148766949168692
21.37989358413297
21.37989358413297
13.845101718198029
8.867968008143128
14.537798286805673
11.73121498204896
10.159543543548105
14.537795514219136
24.68737956921005
23.980447453874792
15.518948187788048
13.30195725740577
19.3272895904017
23.980436629007613
19.19971360977684
23.14608455316471
21.37990724694684
21.37990724694684
19.3272895904017
18.941991435449705
17.315263452516394
16.73792529161395
15.518949859035242
17.596828545299008
18.941991435449705
12.343686281287694
12.343689411867507
7.9934823939538395
9.663646986663473
21.148767062404612
18.146857427087756
8.867975000001408
21.148753115842315
19.327286978353946
10.159532571129933
6.650975213639727
6.650985000001879
23.146089351712313
7.6798808099377425
4.433985000002819
13.485439654102864
19.705059027479464
12.343687068224387
21.379903780561083
22.500006860226737
21.148757103698788
20.319062893250024
12.343695613852846
22.169915000000568
16.737917991191434
13.8451044916985
11.519834629969738
11.084964462904244
12.343695613852846
13.485441023676238
15.51894825304376
24.386916229926445
15.98695799016342
21.379897176241286
21.379897176241286
18.941988158655626
16.737925692906213
23.980445466722465
24.984238284731635
21.148762989150214
23.146081502216525
21.148755940580756
18.94199401071202
19.327286978353946
21.379897494376582
22.500016713519347
11.731216256665377
11.084960802648334
13.485439654102866
7.9934823939538395
9.663646986663473
21.148767062404612
16.73791933121468
6.6509802136414455
19.705059027479464
24.98423465845312
2.216995000005638
10.159545138747601
10.159545138747601
19.327292938749856
23.039666090059765
6.650975000001879
3.8399419899068783
7.993478619678043
6.650988873893115
21.148757103698788
16.737916844113247
10.15953531894299
17.735942846413604
22.500006860226737
17.315261693842515
17.315263452516394
17.315264092703003
19.3272895904017
23.980436629007613
23.146076104853066
19.705057308621306
18.14686243929374
23.980445466722465
21.37989600342457
23.462446298126075
23.462446298126075
23.980435859034134
21.148759696063735
23.35746268119142
23.35746268119142
22.500017790482964
21.379895813227197
16.73792048987717
14.537790362749423
17.596828545299008
23.980443934336368
15.986960656449057
15.98695816958467
20.319072713055828
22.169925000000564
24.386915000000513
16.737926778106363
16.73791933121468
20.31907460287623
21.148753115842315
21.148753115842315
9.663646986663473
2.216994624632636
3.839945650168762
15.518950805845414
19.19970860977452
23.4624330520185
11.084955000001129
5.865610110828198
5.865612000656879
17.735935000000705
7.993475846179182
24.386915000000513
10.159540270280441
15.51894825304376
15.986960656449055
17.315261693842515
23.980436629007613
17.735937846413705
21.148765926834834
22.500012150548937
24.984238284731635
23.980440520124937
24.386919890179858
21.148762989150214
19.327286978353946
21.379895813227197
15.518948253043762
23.35746022998755
20.319072713055828
21.1487572235829
17.735937846413705
15.518950051909117
18.94199130159894
11.084955802647569
21.379889717237784
10.159545138747601
11.731224431160202
21.14875756374946
17.315261693842515
23.146081502216525
18.146861103982967
3.839945000003255
15.986964923913794
19.705064621691804
22.500017790482964
18.94199130159894
13.485441023676238
15.986960656449055
17.315261693842515
14.537792186864207
13.845114984110822
17.315264092703003
23.4624330520185
19.705057195081924
24.98423465845312
21.37989600342457
20.319077452636723
24.984238284731635
23.980442693220866
24.386916229926445
24.68737956921005
21.83484238467615
21.148755416436444
21.148755940580756
20.319071276794368
21.379897494376582
23.039661090060548
21.834837384895952
17.315264092703003
17.596832222307796
24.38691122992516
15.518946824473948
24.68737956921005
23.35745698624424
7.993478619678044
10.159539117669167
9.663651390838247
17.735945000000708
18.146857427087756
10.159530821167383
23.146075695703797
3.839945650168762
17.315261693842515
19.19970860977452
7.071067811597781e-06
6.650975000001879
11.084960802648334
17.735942846413604
13.8451044916985
12.343689411867507
12.343695613852846
13.845117386033605
13.845117386033605
23.35747090114103
13.845116897825385
17.596842042112275
21.8348399232614
21.379897176241286
23.039657429806766
23.462446298126075
24.68737956921005
21.148762989150214
23.980440248107413
19.705057801210582
21.834837384895952
14.537790362749423
24.687381408732886
12.343689411867507
15.98695816958467
20.319072713055828
22.500011385842672
10.15953409443809
17.735945000000708
23.357469350964585
19.705057308621306
19.705057308621306
15.986950784394441
10.159530821167383
5.865611697278469
23.146075695703797
2.216995000005638
17.315261693842515
13.48543531534114
4.433987419135287
9.663646986663473
15.518949859035242
21.148766949168692
14.537786251649527
7.9934821120866975
23.462447295490087
6.650983873897906
14.537795514219136
17.735942846413604
23.35745856281137
13.485431434153304
17.315257466149614
15.359769789747828
13.845114984110822
17.315263452516394
17.315263452516394
17.596842042112275
21.14876210295652
19.705057195081924
17.596840152290127
24.98423465845312
22.500011385842672
22.500012150548937
21.379897368655676
18.941991435449705
18.94199401071202
21.379897494376582
23.039661090060548
16.73792048987717
19.705059027479464
19.705059027479464
15.986960656449057
15.359765000000813
13.485444357285747
13.845105276856872
13.845111325888643
7.679885000001628
11.084965000001128
14.537796164056298
19.705059027479464
24.98423465845312
6.650975213639727
3.8399350000032553
3.8399350000032553
2.2169909644042307
4.433985000002819
2.2169850000056384
11.084955000001129
7.9934821120866975
5.865610110828198
12.343688623650955
11.73121498204896
13.485435315341139
13.485431434153304
10.15954013042175
19.327287029933867
13.845116897825385
17.315263452516394
21.148758562890873
19.705057195081924
19.705057195081924
21.148755416436444
21.37989600342457
23.462446298126075
23.462446298126075
24.984237841051904
23.357465206195855
23.14607459914208
22.500012150548937
19.3272895904017
19.3272895904017
21.14875756374946
17.315263452516394
16.73792048987717
19.32729620656366
18.14686243929374
15.359773449997562
18.146870877538365
18.94199130159894
23.357468528970557
14.537782457020397
13.845105276856872
11.731214366844126
11.519825000001086
16.737926778106363
21.83484238467615
13.301948597151096
7.679885000001628
5.865611697278469
7.993479710166906
15.98695816958467
7.9934754602019025
15.35976478974369
11.731214982048963
2.2169850000056384
2.21699962463912
23.4624330520185
7.993478619678043
14.537798286805673
15.986964923913794
23.462447295490087
24.687381408732886
15.518945000000807
6.650983873897906
9.663642024932939
9.663642024932939
7.679895000001627
23.35745856281137
18.94199130159894
12.343689411867507
10.15954013042175
21.834840137675613
19.327287029933867
17.315257466149614
13.845116897825385
15.359775000000813
18.941988158655626
23.980442693220866
23.35746268119142
23.980440248107413
23.039655000000547
21.148755940580756
19.952935640918856
21.148761502122294
23.14608520420354
24.68737543280472
14.537790362749423
21.379902916698427
18.941991435449705
15.518946824473948
11.731216256665377
13.485444357285747
15.98695816958467
18.146870877538365
24.386915000000513
24.386915000000513
11.731214366844126
11.519825000001086
11.519838290221353
13.845111325888643
13.845111325888643
18.94199130159894
10.159543248928566
2.2169909644042307
6.650985000001879
15.35976478974369
11.51984329022101
21.148766949168692
23.4624330520185
19.705059027479464
10.159546676956113
17.596835091835406
16.737916844113247
7.993475460201902
7.993475846179182
14.537795514219136
13.485435315341139
11.519834629969738
18.146865493529454
18.146865493529454
23.357465206195855
24.6873790249117
21.148762989150214
23.146081502216525
21.148755416436444
20.319064635884448
21.379897494376582
21.834837384895952
17.596832222307796
16.73792048987717
24.687381408732886
15.359765000000813
13.845117169841865
18.94199130159894
9.663651390838247
22.500016713519347
7.993475846179183
5.865610110828199
6.6509802136414455
21.379889717237784
4.4339824191408335
15.518950805845414
21.379906508805174
23.039652429805663
4.433985000002819
3.8399369899062146
9.663646986663473
15.35977844999888
23.039666090059765
24.984243088339703
21.834840137675613
13.845101718198029
15.518945000000807
14.537786251649527
7.993475460201902
18.94199130159894
11.731216341643776
15.986960656449055
24.687381408732886
19.327287029933867
13.30195725740577
23.146076104853066
23.146076104853066
17.596827532548303
20.319065648637736
21.834847057367956
24.984238284731635
23.462436478321045
22.169923435421467
19.705057195081924
18.94199401071202
14.537795514219136
15.986957718147941
13.485441023676238
13.485439654102866
11.731214366844126
9.663646986663473
12.343698501942196
19.705057308621306
7.679889470197471
8.867975000001408
2.216995000005638
13.485444357285747
17.596836739415696
21.14875756374946
23.146081502216525
12.343687068224387
5.865605947065487
12.343697189005002
18.146871552536265
21.148757103698788
15.518945000000807
11.73121498204896
8.867968008143128
6.650983873897906
7.993475846179182
15.98695816958467
15.518941520131133
19.705059027479464
15.518950051909117
17.315263452516394
24.68738835747617
23.980436629007613
21.14876210295652
18.941991435449705
19.952939301171895
23.146083595339622
23.980440520124937
23.357465206195855
24.6873790249117
23.462447295490087
24.68737543280472
14.537795514219136
15.518949859035242
18.941991435449705
18.14686243929374
13.301953597154442
11.084955802647569
8.867968008143128
10.159530821167383
5.865611697278469
17.315257466149614
5.865611697278469
17.315261693842515
23.146089351712313
23.146089351712313
21.14875756374946
6.650975000001879
3.8399419899068783
10.159546676956113
15.986964923913794
15.986964923913794
10.159543543548105
14.537795514219136
11.519834629969738
11.731216341643776
10.159540270280441
15.51894825304376
19.705057195081924
23.146076104853066
21.14876210295652
19.705057308621306
16.737927360765134
21.37989600342457
20.319077452636723
23.039665000000543
24.687384765370552
23.980442693220866
23.462436478321045
21.14875756374946
21.379895813227197
17.596828545299008
19.705059027479464
23.980443934336368
18.941991435449705
15.986960656449057
11.731216256665377
13.84510767878134
15.518950051909117
14.537782457020397
10.15953409443809
22.500016713519347
18.146857427087756
15.986950784394441
11.084955802647569
5.86561200065688
5.865611697278469
2.216995000005638
6.650985000001879
11.731224431160202
19.32729620656366
21.379906508805174
4.433987419135287
12.343697189005002
17.596835091835406
19.705064621691804
17.735942846413604
20.319072195172936
22.169915000000568
13.8451044916985
13.485441023676238
16.737929666504456
15.98695799016342
22.500021537070804
24.984229616589143
22.500011385842672
23.146083595339622
23.357465206195855
24.984228294579168
21.83484238467615
21.83484238467615
20.319071276794368
20.319064635884448
19.705057801210582
21.148761502122294
14.537795514219136
19.199717270029005
23.980443934336368
24.38691122992516
11.084960802648334
24.386915000000513
9.663643172015924
10.159539117669167
11.731224431160202
23.357469350964585
14.537784262804632
12.343689411867507
13.301948597151096
11.084955802647569
7.679885000001628
5.86561200065688
12.343698501942196
21.834849783464282
23.146075695703797
4.4339824191408335
24.984238490153146
24.984238490153146
24.98422500574813
11.731214982048963
9.663642214209402
17.31527133270657
5.865612000656879
13.845124103591488
23.462447295490087
17.735935000000705
12.343688623650955
10.15953531894299
10.159543543548105
13.30196225740586
21.148757103698788
19.952944301171446
23.357459384805747
22.500006860226737
14.537791701756152
17.596842042112275
18.941988158655626
23.357465206195855
24.687384765370552
23.14607459914208
18.941991435449705
20.319064635884448
21.14875756374946
23.462442501130397
23.980433085531423
15.986957718147941
19.199717270029005
19.705059027479464
18.14686243929374
23.357468528970557
22.500016713519347
4.433987419135287
24.98423465845312
15.518942001890785
13.485444357285747
15.35976478974369
13.845124103591488
21.148757103698788
7.679885809935588
12.343695613852846
15.518950051909117
18.94199130159894
18.94199130159894
18.146861103982967
10.159540270280441
13.485441023676238
23.357459384805747
19.327287029933867
19.327287029933867
17.315263452516394
21.8348399232614
21.379897176241286
17.596827532548303
17.735937846413705
18.941991435449705
16.737925692906213
19.705057195081924
21.148755416436444
23.462446298126075
21.1487572235829
21.834847057367956
23.357465206195855
23.462436478321045
23.146073641316583
21.834837384895952
19.199715000000648
14.537790362749423
17.315261693842515
22.16991843542168
18.941991435449705
15.518946824473948
15.518946824473948
13.485444357285747
15.359773449997562
14.537784262804632
7.993475846179183
5.865611697278469
7.993479710166906
8.867975000001408
19.327286978353946
2.216994624632636
13.485444357285747
11.731214982048963
9.663642214209402
11.731223900934205
3.839945000003255
18.146871552536265
6.650983873897906
14.537795514219136
23.35745856281137
15.98695816958467
13.485441845673801
24.687381408732886
14.537792186864207
24.68738835747617
19.327292938749856
18.14686483321706
18.941988158655626
16.737925692906213
21.148755416436444
23.039657429806766
22.16991843542168
24.68737956921005
18.94199401071202
19.327288443324115
16.73792529161395
18.941991435449705
13.48543187951539
13.845117169841865
15.98695816958467
18.94198815865563
17.735937846413705
15.518945000000807
18.94199130159894
21.148767062404612
14.537784262804632
6.6509802136414455
5.865611697278469
15.98695816958467
7.9934754602019025
7.9934821120866975
23.146076104853066
23.039652429805663
11.731214982048963
3.8399369899062146
7.071067811597781e-06
21.148766949168692
21.37989358413297
18.146861103982967
15.98695816958467
5.865605947065487
18.146871552536265
21.834842384676147
12.343688623650955
7.993475846179182
10.159543543548105
24.386915000000513
18.94199130159894
15.518941520131133
21.834840137675613
15.359769789747828
15.518948187788048
13.845114984110822
23.146076104853066
23.462446298126075
24.984237841051904
22.500012150548937
21.379902916698427
22.500016713519347
17.596830332484597
13.301953597154442
15.518950051909117
7.993478619678044
21.148767062404612
22.500016713519347
5.86561539617541
19.705059027479464
24.98423465845312
7.9934754602019025
3.839945650168762
23.146089351712313
13.845101718198029
11.084960802648334
13.845124103591488
19.705064621691804
21.148757103698788
7.679895000001627
22.169915000000568
21.148757103698788
13.485441023676238
18.941991435449705
21.834840137675613
13.30195725740577
19.3272895904017
19.19971360977684
17.596827532548303
18.941988158655626
23.146081502216525
20.319065648637736
23.462446298126075
24.984237841051904
24.68737956921005
23.35746268119142
19.3272895904017
19.705057801210582
19.327286978353946
17.315264092703003
16.73792048987717
19.199717270029005
23.35746022998755
9.663643172015924
9.663651390838247
17.735945000000708
10.159530821167383
8.867975000001408
11.084965000001128
11.084965000001128
15.98695816958467
16.73792792518387
17.315257466149614
19.32729620656366
7.9934821120866975
7.071067811597781e-06
7.679894470189677
23.039666090059765
14.537786251649527
3.8399419899068783
5.865610110828198
13.845124103591488
15.986964923913794
24.687381408732886
9.663653106007581
23.35745856281137
16.737917991191434
12.343689411867507
11.731224186650342
13.485441845673801
19.3272895904017
23.462446298126075
22.500011385842672
24.984228294579168
21.148755416436444
19.705057801210582
14.537790362749423
15.986957718147941
22.16991843542168
23.35746022998755
21.148755502923805
13.845117169841865
16.737916516276748
11.519825000001086
15.518945000000807
21.148767062404612
23.462439736200707
7.679885000001628
7.679885000001628
16.73792792518387
20.31907460287623
5.865615396175409
21.14875756374946
19.19970860977452
12.343687068224387
8.86796500000141
12.343697189005002
21.834842384676147
22.500006860226737
18.94199028799376
9.663642214209402
7.993475460201902
12.343695613852846
16.73793332116155
24.386915000000513
18.941991435449705
17.596827532548303
19.705057195081924
24.984229616589143
23.146083595339622
23.357465206195855
24.984228294579168
23.462436478321045
17.735942846413607
18.146871552536265
21.14875756374946
17.315263452516394
17.596832222307796
16.73792048987717
16.73792529161395
17.315265788547688
21.379902916698427
22.16991843542168
18.14686243929374
15.359765000000813
13.845117169841865
15.518950805845414
24.68737956921005
14.537782457020397
7.9934823939538395
11.731224431160202
24.687381408732886
8.867968008143128
7.993479710166906
8.867975000001408
13.30195500000094
17.596820986009092
3.8399350000032553
2.2169909644042307
13.485444357285747
13.84511409938719
21.14875756374946
13.48543531534114
14.537786251649527
5.865605947065487
17.596835091835406
11.73121498204896
17.315257466149614
15.986960656449055
19.705057195081924
24.68738835747617
19.19972500000065
23.146083595339622
24.6873790249117
23.462447295490087
23.146073641316583
21.379897368655676
17.735942846413607
18.94199401071202
12.343686281287694
18.146870877538365
9.663643172015924
8.867968008143128
7.9934823939538395
3.8399350000032553
5.865615396175409
19.327287029933867
17.315261693842515
15.518941520131133
13.48543531534114
11.519829629966322
2.2169946246326355
7.679894470189677
11.731223900934205
23.146081502216525
4.4339824191408335
10.159546676956113
12.343688623650955
9.663646986663473
14.537795514219136
15.518950051909117
22.500017790482964
21.148757103698788
19.95292500000063
18.94199130159894
13.485441023676238
11.519835000001086
19.952944301171446
22.500006860226737
21.834840137675613
16.737925692906213
22.500012150548937
24.687384765370552
24.984237841051904
23.980435859034134
23.980440248107413
18.146865493529454
20.319071276794368
19.705057801210582
24.68737543280472
22.500012150548937
14.537795514219136
13.845117169841865
17.596833466145267
21.148766154564434
23.35745698624424
11.519838290221353
16.737926778106363
24.687381408732886
13.301948597151096
11.084955802647569
12.343698501942196
23.462442501130397
19.327286978353946
21.14875756374946
19.327287029933867
15.35976478974369
7.6798808099377425
5.865602673796616
24.984243088339703
11.084960802648334
21.834842384676147
11.73121498204896
7.993475460201902
17.735942846413604
21.148757103698788
13.485435315341139
11.084964462904244
19.952944301171446
17.315257466149614
15.359769789747828
13.845116897825385
13.845114984110822
23.146076104853066
19.327288443324115
24.687384765370552
18.94199401071202
15.986960656449057
11.731223900934207
18.94199130159894
11.731214366844126
11.519825000001086
15.986950784394441
19.327286978353946
9.663646986663473
2.216995000005638
24.984238490153146
24.98422500574813
15.518941520131133
19.705059027479464
5.865612000656879
11.084960802648334
15.986964923913794
23.462447295490087
23.980434227082924
9.663646986663473
11.731226076470014
10.159543543548105
14.537795514219136
18.94199401071202
24.386915000000513
21.148757103698788
13.485435315341139
12.343695613852846
18.941991435449705
19.705059027479464
15.986960656449055
17.596840152290127
19.19972500000065
21.37990724694684
23.146081502216525
22.500012150548937
23.462446298126075
23.039665000000543
23.14607459914208
23.462436478321045
23.146073641316583
18.146865493529454
19.952935640918856
22.500012150548937
22.500016713519347
23.35746022998755
20.31906800352442
13.301953597154442
17.596833466145267
12.343686281287694
9.663643172015924
9.663646986663473
19.952935000000622
22.500016713519347
24.687381408732886
15.986950784394441
7.679885000001628
7.679885000001628
7.679889470197471
21.148753115842315
10.159532571129933
3.839945650168762
13.485444357285747
11.731214982048963
5.865602673796616
7.071067811597781e-06
5.865611697278468
15.98695816958467
11.084955000001129
5.865611697278468
12.343697189005002
9.663646986663473
11.731226076470014
10.159543543548105
18.94199130159894
18.146861103982967
13.8451044916985
13.8451044916985
17.315261693842515
17.315257466149614
15.359769789747828
15.518950051909117
17.315264092703003
18.941988158655626
18.941988158655626
23.462446298126075
23.980445466722465
24.98423465845312
24.386916229926445
21.148755416436444
18.146871552536265
17.315263452516394
15.518948253043762
17.596832222307796
16.73792048987717
14.537790362749423
16.73792529161395
15.518949859035242
19.199717270029005
13.485441023676238
15.518950805845414
21.148766154564434
24.68737956921005
21.1487572235829
16.737916516276748
10.159539117669167
23.357469350964585
24.687381408732886
15.986950784394441
8.867975000001408
18.146870877538365
11.731216341643776
13.84511409938719
13.48543531534114
2.2169850000056384
7.679894470189677
9.663646986663473
15.35977844999888
11.084955000001129
23.462447295490087
23.980434227082924
17.735935000000705
6.650983873897906
7.993475846179182
11.731226076470014
22.169915000000568
16.737929666504456
15.98695799016342
13.30195725740577
15.359775000000813
19.3272895904017
17.596840152290127
19.952939301171895
21.148755502923805
23.357465206195855
23.357469271932054
23.462436478321045
23.35746268119142
22.500017790482964
21.83484238467615
19.3272895904017
15.518948253043762
15.986957718147941
17.315265788547688
24.687381408732886
24.38691122992516
12.343686281287694
13.485439654102866
20.319072713055828
19.95293064091714
12.343698501942196
13.845111325888643
23.462439736200707
13.845109964072153
13.845109964072153
9.663646986663473
4.4339824191408335
3.8399350000032553
24.98422500574813
15.518941520131133
15.35977844999888
3.8399419899068783
10.159546676956113
15.986964923913794
18.94199028799376
12.343688623650955
9.663642024932939
18.94199401071202
12.343695613852846
13.485441023676238
15.51894825304376
13.845117386033605
16.737929666504456
23.35747354314353
21.379897176241286
18.941988158655626
18.941991435449705
23.039657429806766
21.834842384676147
21.148755502923805
23.146083595339622
24.68737956921005
21.83484238467615
21.834837384895952
14.537790362749423
21.379902916698427
21.379902916698427
24.38691122992516
18.14686243929374
24.68737956921005
21.1487572235829
9.663643172015924
7.993478619678044
9.663646986663473
18.94199130159894
22.500016713519347
14.537784262804632
14.537784262804632
17.596820986009092
2.2169909644042307
24.98422500574813
2.2169850000056384
15.35977844999888
15.98695816958467
5.865605947065487
15.986964923913794
18.146871552536265
17.596835091835406
19.705064621691804
19.705064621691804
11.73121498204896
7.993475846179182
22.500017790482964
21.148757103698788
16.737917991191434
11.731216341643776
22.169923435421467
22.169923435421467
23.35747090114103
17.59682729030577
14.537792186864207
17.315263452516394
24.68738835747617
19.19972500000065
23.14608455316471
21.37990724694684
21.148755502923805
23.462447295490087
19.705057195081924
18.146865493529454
20.319071276794368
23.039661090060548
19.327288443324115
14.537790362749423
16.73792529161395
19.32729620656366
15.359765000000813
17.596833466145267
13.845105276856872
10.15953409443809
12.343698501942196
11.731216341643776
24.984238490153146
5.865602673796616
7.993482393953839
15.518949859035242
17.31527133270657
24.984243088339703
11.084955000001129
5.865610110828198
23.980434227082924
9.663653106007581
15.518950051909117
21.148757103698788
18.146861103982967
13.485431434153304
19.327287029933867
15.359769789747828
23.146076104853066
21.379897176241286
21.1487572235829
24.68737956921005
23.35746450120068
24.98423770902867
23.146073641316583
19.3272895904017
18.941991435449705
19.32729620656366
18.14686243929374
11.731216256665377
17.596833466145267
24.68737956921005
22.500011385842672
14.537782457020397
18.146857427087756
14.537796164056298
16.73792792518387
7.6798808099377425
4.433985000002819
15.518949859035242
19.199722270029064
19.705059027479464
18.146861103982967
11.084955000001129
14.537798286805673
24.687381408732886
7.679885809935588
23.980447453874792
22.169915000000568
11.519834629969738
11.084964462904244
11.084964462904244
13.485441845673801
15.518950051909117
15.986960656449055
23.980436629007613
23.14608455316471
19.952939301171895
23.146083595339622
23.14607459914208
19.705057801210582
22.500012150548937
23.980433085531423
14.537790362749423
22.500016713519347
13.485439654102866
15.98695816958467
24.68737956921005
14.537782457020397
8.867968008143128
12.343698501942196
16.737926778106363
23.462439736200707
5.865610110828199
5.86561200065688
19.327286978353946
17.315257466149614
13.485431434153304
11.731216341643776
5.865611697278469
6.650975213639727
5.865615396175409
9.663651390838247
2.2169946246326355
21.148766949168692
23.146081502216525
23.039666090059765
18.146861103982967
17.596824017033583
8.86796500000141
5.865612000656879
17.596835091835406
17.596835091835406
18.94199401071202
20.319072195172936
13.845114984110822
19.3272895904017
20.319080725905145
18.14686243929374
19.705057195081924
20.319065648637736
22.16991843542168
22.500012150548937
23.980440520124937
23.980435859034134
18.941991435449705
18.94199401071202
19.327288443324115
17.596832222307796
19.199717270029005
23.35746022998755
11.084960802648334
13.301953597154442
13.485439654102866
13.485444357285747
9.663643172015924
14.537784262804632
10.159530821167383
5.865610110828199
5.86561200065688
6.6509802136414455
10.159532571129933
13.485444357285747
17.315261693842515
5.865611697278468
5.865611697278468
10.159533429122128
7.993478619678043
14.537798286805673
13.845124103591488
21.379903780561083
17.735935000000705
14.537795514219136
15.518950051909117
18.94199401071202
23.35747090114103
19.705057195081924
21.8348399232614
24.98423465845312
21.37989600342457
21.37989600342457
20.319077452636723
23.146083595339622
23.357465206195855
24.386919890179858
24.687384765370552
23.980435859034134
23.35746450120068
23.146081502216525
19.705057195081924
21.379895813227197
19.705059027479464
23.35746022998755
15.518950051909117
16.737916516276748
9.663643172015924
16.737926778106363
21.83484238467615
18.146857427087756
13.845109964072153
3.8399350000032553
3.8399350000032553
4.433985000002819
15.518950805845414
24.984238490153146
11.731214982048963
3.8399369899062146
7.071067811597781e-06
13.845101718198029
10.159533429122128
3.839945000003255
15.986964923913794
22.500006860226737
21.148757103698788
17.735935000000705
15.518945000000807
14.537795514219136
20.319072195172936
19.95292500000063
11.519834629969738
13.845116897825385
14.537791701756152
21.14876210295652
17.596827532548303
17.735937846413705
17.596840152290127
17.596840152290127
19.19972500000065
23.14608455316471
24.98423465845312
24.98423465845312
23.039665000000543
23.980442693220866
23.980435859034134
21.148759696063735
23.35746450120068
19.3272895904017
21.148761502122294
23.039661090060548
19.199717270029005
22.16991843542168
17.596830332484597
13.48543187951539
15.518950805845414
22.169925000000564
23.357468528970557
24.386915000000513
17.735937846413705
16.737916516276748
12.343686281287694
10.15953409443809
7.9934823939538395
5.865610110828199
11.084965000001128
17.596820986009092
2.2169909644042307
24.984238490153146
13.48543531534114
2.2169946246326355
7.071067811597781e-06
4.433987419135287
7.679894470189677
23.039666090059765
15.98695816958467
12.343687068224387
21.148757103698788
7.679885809935588
19.95292500000063
11.731216341643776
24.386916229926445
23.357459384805747
19.705057195081924
21.379897176241286
19.327292938749856
23.14608455316471
23.980442693220866
23.462436478321045
23.039655000000547
21.148755940580756
17.315263452516394
19.199715000000648
14.537795514219136
15.518949859035242
23.35746022998755
13.84510767878134
13.301953597154442
17.596833466145267
11.519825000001086
16.737926778106363
19.705057308621306
13.485431434153304
13.845109964072153
4.433985000002819
17.596836739415696
19.32729620656366
19.327287029933867
15.35976478974369
17.31527133270657
23.4624330520185
11.084955000001129
19.705064621691804
9.663653106007581
24.68737956921005
22.169915000000568
13.485435315341139
22.169923435421467
17.315257466149614
13.845116897825385
18.941991435449705
20.319065648637736
20.319065648637736
21.148755502923805
23.980442693220866
17.315263452516394
16.73792048987717
15.518949859035242
19.199717270029005
21.379902916698427
18.14686243929374
18.94199130159894
7.993478619678044
10.159539117669167
24.687381408732886
23.980433314355476
19.705057308621306
5.865611697278469
24.984238490153146
15.35976478974369
11.519829629966322
12.343695613852846
24.386915000000513
12.343689411867507
12.343695613852846
11.731224186650342
17.315261693842515
23.980436629007613
24.98423465845312
23.039665000000543
24.68737956921005
19.327286978353946
15.986960656449057
22.500016713519347
15.359765000000813
13.301953597154442
15.98695816958467
10.15953409443809
10.15953409443809
14.537784262804632
7.993475846179183
5.865611697278469
8.867975000001408
11.084965000001128
21.148753115842315
9.663651390838247
24.984238490153146
23.039652429805663
19.19970860977452
2.2169946246326355
17.31527133270657
19.199722270029064
21.148766949168692
23.039666090059765
19.705064621691804
15.518945000000807
9.663646986663473
20.319072195172936
13.8451044916985
12.343689411867507
10.15954013042175
12.343695613852846
13.845117386033605
17.315257466149614
19.3272895904017
18.14686483321706
18.941991435449705
21.37990724694684
21.37990724694684
22.16991843542168
19.952939301171895
22.500017790482964
23.462447295490087
17.735942846413607
15.518949859035242
21.834849783464282
15.518950805845414
9.663646986663473
19.705057308621306
4.433987419135287
9.663646986663473
4.433985000002819
11.731214982048963
7.9934821120866975
9.663646986663473
21.148762989150214
23.980447453874792
18.146861103982967
16.737917991191434
12.343695613852846
15.51894825304376
13.845117386033605
15.359769789747828
14.537792186864207
23.146076104853066
18.14686243929374
19.327288443324115
21.37990724694684
23.462439736200707
23.039665000000543
24.68737956921005
24.386919890179858
23.357469271932054
24.984237841051904
23.462447295490087
19.952935640918856
19.705057195081924
19.327288443324115
17.315263452516394
22.500016713519347
21.148755502923805
13.48543187951539
13.485444357285747
24.68737956921005
7.993478619678044
24.687381408732886
20.31905808934681
14.537784262804632
19.705059027479464
21.834849783464282
15.518942001890785
6.650975213639727
3.839945650168762
21.14875756374946
15.35977844999888
12.343687068224387
7.9934821120866975
4.4339824191408335
18.146871552536265
17.735935000000705
7.993475460201902
16.73793332116155
23.35745856281137
13.485431434153304
12.343695613852846
13.485441845673801
18.146865493529454
20.319064783071344
20.319080725905145
19.327292938749856
21.37990724694684
24.984238284731635
24.386919890179858
23.357469271932054
24.386916229926445
24.984237841051904
22.169923435421467
24.98423387931377
19.705057195081924
21.834837384895952
21.148755502923805
13.48543187951539
11.084960802648334
13.485444357285747
9.663651390838247
13.301948597151096
8.867968008143128
21.379889717237784
21.379889717237784
23.039652429805663
3.8399506501581495
5.865611697278468
7.679894470189677
19.199722270029064
24.984243088339703
14.537786251649527
13.301945000000941
11.73121498204896
9.663646986663473
11.731226076470014
22.500017790482964
24.386915000000513
16.737917991191434
12.343695613852846
23.35747090114103
23.357459384805747
19.327287029933867
15.518946824473947
23.35747354314353
23.980436629007613
21.379897176241286
23.462446298126075
21.148759696063735
23.462447295490087
23.146081502216525
23.462436478321045
16.73792048987717
14.537790362749423
19.705059027479464
21.834849783464282
20.31906800352442
13.48543187951539
15.359773449997562
15.518950805845414
22.500011385842672
17.735937846413705
11.731224431160202
24.687381408732886
16.73791933121468
11.084955802647569
13.30195500000094
13.30195500000094
19.705059027479464
23.980446336260087
15.518942001890785
3.8399350000032553
3.839945650168762
4.433985000002819
15.518950805845414
24.984243088339703
23.4624330520185
14.537786251649527
6.650975000001879
11.084960802648334
23.462447295490087
18.94199401071202
22.169915000000568
10.15954013042175
21.834840137675613
13.845116897825385
13.30195725740577
16.737925692906213
23.14608455316471
23.462439736200707
22.500011385842672
24.984237841051904
23.980440520124937
24.68737956921005
24.98423387931377
23.462436478321045
19.952935640918856
21.148761502122294
23.980433085531423
15.986960656449057
21.834849783464282
15.359765000000813
22.169925000000564
12.343686281287694
9.663642024932939
24.687381408732886
18.146857427087756
14.537784262804632
6.6509802136414455
24.98423465845312
13.845109964072153
7.9934821120866975
7.9934821120866975
13.84511409938719
24.98422500574813
23.4624330520185
8.86796500000141
6.650975000001879
5.865610110828198
23.462447295490087
12.343688623650955
9.663646986663473
11.731226076470014
16.73793332116155
22.500017790482964
24.68737956921005
18.94199130159894
11.084964462904244
13.845117386033605
17.315257466149614
13.30195725740577
21.37990724694684
21.148755502923805
23.980440520124937
21.379897494376582
15.518949859035242
17.315261693842515
21.834849783464282
23.35746022998755
13.84510767878134
11.084960802648334
20.319072713055828
16.737916516276748
12.343698501942196
15.518945000000807
22.500016713519347
14.537784262804632
23.980446336260087
23.146075695703797
21.379889717237784
17.315257466149614
15.518942001890785
2.216995000005638
17.315261693842515
23.146089351712313
23.146076104853066
21.148766949168692
23.039666090059765
5.865612000656879
10.159546676956113
17.596835091835406
21.379903780561083
18.94199130159894
11.084964462904244
15.51894825304376
15.51894825304376
22.500006860226737
22.500006860226737
21.834840137675613
20.319080725905145
19.705057195081924
23.146081502216525
23.980435859034134
24.98423770902867
20.319064635884448
19.327286978353946
23.039661090060548
23.462442501130397
15.986957718147941
23.35746022998755
15.518946824473948
13.48543187951539
11.731216256665377
13.84510767878134
15.518950805845414
15.518950805845414
11.731214366844126
11.519825000001086
7.993478619678044
18.94199130159894
23.357469350964585
23.462439736200707
23.980433314355476
7.993475846179183
7.993479710166906
24.98423465845312
19.32729620656366
23.146089351712313
23.039652429805663
5.865602673796616
24.984243088339703
3.839945000003255
17.596835091835406
17.596835091835406
23.462447295490087
24.687381408732886
11.73121498204896
13.30196225740586
24.68737956921005
13.845117386033605
18.146865493529454
16.737929666504456
19.705059027479464
17.315257466149614
19.3272895904017
17.596842042112275
23.4624330520185
23.4624330520185
17.596827532548303
19.705057195081924
23.14608455316471
24.984229616589143
21.1487572235829
24.984228294579168
23.35746268119142
18.146871552536265
19.327286978353946
23.14608520420354
24.68737543280472
16.73792529161395
22.16991843542168
13.485441023676238
13.48543187951539
11.084960802648334
20.319072713055828
23.357468528970557
12.343686281287694
10.159539117669167
21.148767062404612
18.146857427087756
5.86561200065688
4.433987419135287
19.705059027479464
13.845109964072153
11.731216341643776
15.518950805845414
17.315261693842515
21.148766949168692
21.148766949168692
23.4624330520185
19.705059027479464
24.687381408732886
22.500006860226737
18.94199028799376
7.679885809935588
7.993475460201902
9.663642024932939
16.73793332116155
22.169915000000568
15.98695816958467
13.8451044916985
12.343695613852846
13.845117386033605
15.986960656449055
15.986960656449055
19.705057195081924
23.462446298126075
20.319065648637736
21.37990569151908
19.3272895904017
24.68737543280472
19.199715000000648
17.596828545299008
21.834849783464282
23.980443934336368
23.35746022998755
11.084960802648334
13.301953597154442
15.518950805845414
17.596833466145267
18.146870877538365
10.159539117669167
18.94199130159894
19.705057308621306
14.537796164056298
20.31907460287623
15.518942001890785
3.8399350000032553
23.146076104853066
5.865602673796616
7.071067811597781e-06
11.51984329022101
19.327292938749856
24.984243088339703
18.146861103982967
7.993478619678043
6.650988873893115
12.343697189005002
9.663646986663473
7.993475460201902
7.993475460201902
20.319072195172936
24.68737956921005
12.343689411867507
11.519835000001086
21.148759696063735
23.357459384805747
19.327287029933867
22.500021537070804
21.379897176241286
21.14876210295652
18.14686483321706
17.596840152290127
23.462446298126075
21.148755502923805
21.834847057367956
23.980440520124937
23.357465206195855
24.386916229926445
24.984228294579168
23.462436478321045
19.327286978353946
24.68737543280472
17.315264092703003
19.199717270029005
21.148755502923805
18.14686243929374
15.986960656449057
13.48543187951539
10.15953409443809
7.9934823939538395
10.159539117669167
12.343698501942196
22.500016713519347
8.867975000001408
11.731224431160202
24.98422500574813
7.6798808099377425
2.2169946246326355
13.485439654102864
17.31527133270657
5.865610110828198
11.084960802648334
21.379903780561083
21.148757103698788
15.518945000000807
13.301945000000941
7.679885809935588
7.993475460201902
8.867968008143128
7.679895000001627
24.386915000000513
18.146861103982967
13.845117386033605
20.319080725905145
20.319080725905145
24.68738835747617
21.148758562890873
21.148765926834834
23.462446298126075
23.980440520124937
23.980442693220866
23.462436478321045
23.462447295490087
23.462447295490087
24.98423387931377
21.379897368655676
21.14875756374946
17.315263452516394
15.518948253043762
15.518941391655876
14.537790362749423
17.596828545299008
24.687381408732886
11.731223900934207
22.169925000000564
24.386915000000513
22.500011385842672
12.343698501942196
16.73791933121468
14.537784262804632
18.146870877538365
18.146870877538365
4.433985000002819
5.865615396175409
6.650985000001879
17.315261693842515
11.731214982048963
2.21699962463912
18.146861103982967
23.462447295490087
10.159543543548105
12.343695613852846
15.986960656449055
19.952944301171446
21.834840137675613
21.148765926834834
21.37990724694684
20.319065648637736
24.386919890179858
24.687384765370552
23.35746268119142
21.148755416436444
24.68737543280472
19.199715000000648
15.986960656449057
16.73792529161395
19.32729620656366
23.35746022998755
18.941991435449705
15.359765000000813
13.485439654102866
15.518950051909117
18.94199130159894
12.343698501942196
14.537796164056298
7.993478619678043
18.146871552536265
7.679885809935588
15.518950051909117
15.518950051909117
24.386915000000513
15.98695816958467
12.343689411867507
13.845117386033605
23.35747090114103
15.98695799016342
13.845114984110822
18.941988158655626
21.834847057367956
23.980440520124937
21.8348399232614
22.500012150548937
23.35746450120068
23.462436478321045
21.148755940580756
17.596832222307796
16.73792048987717
16.73792529161395
13.84510767878134
12.343686281287694
22.169925000000564
7.993478619678044
18.94199130159894
4.433987419135287
5.865611697278469
5.86561539617541
11.084965000001128
12.343698501942196
13.845109964072153
10.159532571129933
4.4339824191408335
17.315261693842515
21.14875756374946
23.146089351712313
13.485439654102864
21.37989358413297
12.343687068224387
13.30196225740586
17.735942846413604
15.98695816958467
15.51894825304376
17.59682729030577
17.315263452516394
19.705057195081924
21.14876210295652
19.19971360977684
19.19971360977684
17.735937846413705
18.941991435449705
16.737925692906213
19.705057195081924
21.834842384676147
19.952939301171895
20.319077452636723
24.6873790249117
22.169923435421467
23.146073641316583
19.705059027479464
21.834849783464282
21.148766154564434
23.35745698624424
7.9934823939538395
9.663646986663473
17.735945000000708
7.993475846179183
7.993479710166906
20.31907460287623
20.31907460287623
19.327286978353946
11.731216341643776
19.327287029933867
15.35976478974369
2.2169850000056384
15.35977844999888
21.148766949168692
23.146081502216525
18.146861103982967
10.159533429122128
6.650988873893115
19.705064621691804
18.94199028799376
6.650983873897906
20.319072195172936
11.519834629969738
15.986960656449055
15.98695799016342
15.518950051909117
18.941991435449705
19.705057195081924
21.37989600342457
24.386919890179858
24.687384765370552
24.6873790249117
24.386916229926445
21.8348399232614
23.35746268119142
23.146081502216525
21.148755940580756
21.379897368655676
23.462442501130397
17.315264092703003
14.537795514219136
16.73792048987717
19.32729620656366
23.980443934336368
18.941991435449705
11.731223900934207
18.94198815865563
9.663642024932939
11.519825000001086
8.867968008143128
11.731224431160202
23.980433314355476
8.867968008143128
21.834849783464282
23.146075695703797
9.663651390838247
21.379906508805174
15.518941520131133
5.865602673796616
11.51984329022101
13.485439654102864
19.327292938749856
21.834840137675613
21.37989358413297
5.865610110828198
17.596835091835406
11.519835000001086
18.146865493529454
23.357459384805747
17.315261693842515
15.518950051909117
17.596842042112275
19.327292938749856
24.68737956921005
21.148759696063735
14.537795514219136
23.35746022998755
11.084960802648334
24.386915000000513
19.95293064091714
8.867968008143128
10.159530821167383
7.993475846179183
7.679889470197471
20.31907460287623
10.159532571129933
4.433985000002819
7.9934821120866975
17.596836739415696
7.679894470189677
17.31527133270657
21.834840137675613
11.084955000001129
6.650975000001879
6.650983873897906
9.663653106007581
21.148762989150214
21.148757103698788
19.95292500000063
18.94199130159894
13.485441845673801
24.687381408732886
23.357459384805747
19.705059027479464
17.315263452516394
16.737927360765134
17.735937846413705
19.327288443324115
21.8348399232614
23.35746450120068
19.705057195081924
23.039661090060548
15.986957718147941
23.980443934336368
18.941991435449705
22.169925000000564
23.35745698624424
12.343686281287694
11.731214366844126
15.518945000000807
15.518945000000807
13.485444357285747
13.84511409938719
19.32729620656366
3.8399369899062146
7.993482393953839
11.731223900934205
23.039666090059765
12.343687068224387
22.500006860226737
17.735935000000705
17.735935000000705
10.15953531894299
9.663653106007581
11.731226076470014
24.68737956921005
21.148757103698788
15.518941520131133
11.519834629969738
21.148759696063735
21.148759696063735
24.386916229926445
22.500006860226737
13.30195725740577
17.315263452516394
19.705057195081924
23.980436629007613
18.941988158655626
23.980445466722465
24.98423465845312
23.039657429806766
23.357469271932054
23.980435859034134
24.98423387931377
24.68737543280472
15.986957718147941
17.596833466145267
23.357468528970557
23.462439736200707
15.986950784394441
16.73791933121468
11.084955802647569
7.993475846179183
7.679889470197471
24.98423465845312
23.146075695703797
15.518942001890785
13.845109964072153
11.731224431160202
11.51984329022101
19.705059027479464
14.537786251649527
18.146871552536265
13.301945000000941
7.993475460201902
16.73793332116155
15.986960656449055
21.834840137675613
15.359775000000813
23.146076104853066
23.14608455316471
22.500011385842672
20.319077452636723
24.984237841051904
23.35746450120068
18.941991435449705
18.146871552536265
16.73792529161395
21.148755502923805
13.845117169841865
15.359773449997562
22.169925000000564
16.737916516276748
14.537782457020397
9.663642024932939
14.537796164056298
5.865611697278469
6.650985000001879
23.039652429805663
23.039666090059765
15.98695816958467
11.084955000001129
8.86796500000141
13.301945000000941
13.30196225740586
23.980447453874792
24.386915000000513
23.35745856281137
13.485435315341139
13.485441023676238
18.146865493529454
17.315261693842515
13.30195725740577
15.359775000000813
20.319065648637736
24.68737956921005
23.357469271932054
22.169923435421467
23.35746268119142
23.146073641316583
23.039655000000547
20.319071276794368
21.379895813227197
16.73792529161395
17.315265788547688
21.834849783464282
11.731216256665377
15.98695816958467
18.94199130159894
21.1487572235829
11.519825000001086
9.663643172015924
10.159539117669167
11.519838290221353
11.731224431160202
18.94199130159894
7.679885000001628
12.343698501942196
18.146870877538365
23.462442501130397
11.731216341643776
4.433985000002819
5.865615396175409
23.146089351712313
24.984238490153146
17.315261693842515
7.9934821120866975
2.2169850000056384
11.51984329022101
17.31527133270657
21.148766949168692
19.705059027479464
7.9934821120866975
21.834842384676147
11.731226076470014
10.159543543548105
16.73793332116155
12.343689411867507
12.343695613852846
16.737929666504456
19.705059027479464
21.379897176241286
19.705057308621306
23.462446298126075
19.3272895904017
18.941991435449705
19.952935640918856
21.379897494376582
14.537790362749423
24.38691122992516
23.35746022998755
21.148755502923805
11.731216256665377
11.731223900934207
11.731223900934207
9.663651390838247
15.518945000000807
16.737926778106363
10.159530821167383
9.663646986663473
13.48543531534114
11.519829629966322
4.433985000002819
6.650975000001879
6.650988873893115
13.845124103591488
18.94199028799376
9.663653106007581
9.663653106007581
13.30196225740586
23.980447453874792
18.94199130159894
11.519835000001086
18.146865493529454
24.386916229926445
18.941988158655626
22.500017790482964
24.98423770902867
21.379897368655676
19.705057195081924
15.986960656449057
21.379902916698427
22.16991843542168
23.35746022998755
20.31906800352442
11.731216256665377
11.731223900934207
15.518950805845414
20.319072713055828
22.500011385842672
12.343686281287694
13.845105276856872
8.867968008143128
11.084965000001128
15.518942001890785
7.9934821120866975
7.6798808099377425
3.8399369899062146
23.039666090059765
4.4339824191408335
5.865610110828198
8.867968008143128
21.379903780561083
23.462447295490087
14.537786251649527
9.663642214209402
7.679895000001627
7.679895000001627
11.731226076470014
13.30196225740586
24.68737956921005
22.169915000000568
18.94199130159894
15.986960656449055
21.148759696063735
22.169923435421467
15.359769789747828
13.845116897825385
19.19971360977684
19.705057195081924
17.596840152290127
23.980435859034134
23.980440248107413
24.68737543280472
19.705057195081924
18.14686243929374
15.986960656449057
23.357469350964585
7.993475846179183
8.867975000001408
12.343698501942196
21.379889717237784
10.159532571129933
9.663651390838247
2.2169850000056384
3.8399506501581495
7.993482393953839
13.485439654102864
23.039666090059765
13.845101718198029
13.845101718198029
6.650975000001879
5.865611697278468
8.867968008143128
10.159546676956113
21.379903780561083
11.73121498204896
10.15953531894299
9.663642214209402
7.679885809935588
18.94199401071202
10.15954013042175
13.845117386033605
23.357459384805747
19.327287029933867
24.68738835747617
23.146076104853066
19.19971360977684
17.735937846413705
18.14686243929374
19.705057195081924
24.984237841051904
24.687384765370552
24.68737956921005
23.462436478321045
20.319071276794368
18.94199401071202
19.199717270029005
23.35746022998755
15.518950051909117
14.537782457020397
9.663646986663473
13.845111325888643
20.31905808934681
16.73791933121468
14.537784262804632
12.343689411867507
5.86561200065688
7.993479710166906
11.084965000001128
10.159532571129933
2.2169909644042307
6.650985000001879
15.518950805845414
19.32729620656366
21.14875756374946
23.039652429805663
11.519829629966322
4.433985000002819
4.433985000002819
2.2169946246326355
15.98695816958467
5.865605947065487
18.146871552536265
9.663646986663473
6.650983873897906
21.148762989150214
19.705059027479464
19.3272895904017
21.148758562890873
23.462446298126075
24.984237841051904
21.148759696063735
19.952935640918856
19.952935640918856
17.315264092703003
17.315264092703003
14.537790362749423
8.867968008143128
10.159530821167383
7.679889470197471
23.980446336260087
17.315257466149614
17.596820986009092
13.485444357285747
15.518950805845414
11.731214982048963
17.31527133270657
19.199722270029064
10.159533429122128
4.4339824191408335
16.737917991191434
18.146865493529454
16.737929666504456
24.386916229926445
23.039657429806766
24.68737956921005
23.357465206195855
23.146081502216525
18.146865493529454
19.952935640918856
22.500012150548937
17.315263452516394
14.537790362749423
16.73792529161395
22.500016713519347
18.14686243929374
13.84510767878134
13.485444357285747
11.519838290221353
15.518945000000807
19.952935000000622
13.845109964072153
4.433985000002819
11.731224431160202
21.379906508805174
23.146076104853066
7.071067811597781e-06
23.039666090059765
23.039666090059765
9.663653106007581
23.980447453874792
22.169915000000568
19.95292500000063
18.146861103982967
15.518946824473947
23.146076104853066
19.705057308621306
16.737927360765134
19.327288443324115
21.148765926834834
24.984229616589143
21.834842384676147
22.500011385842672
20.319077452636723
23.146083595339622
24.984238284731635
24.68737956921005
23.357465206195855
24.386919890179858
