22.500016713519347
15.518950805845414
5.865611697278468
15.986957718147941
19.705059027479464
10.15953409443809
23.146076104853066
18.14686483321706
20.319077452636723
22.500012150548937
24.98423770902867
18.94199130159894
23.146081502216525
18.94199130159894
4.433987419135287
5.86561539617541
2.21699962463912
23.462436478321045
21.8348399232614
6.6509802136414455
17.596827532548303
10.159533429122128
13.301945000000941
6.650983873897906
13.485435315341139
13.84510767878134
23.039652429805663
13.845101718198029
13.30195725740577
14.537795514219136
20.31907460287623
14.537792186864207
15.986957718147941
22.500016713519347
20.319071276794368
24.687381408732886
13.30195500000094
21.148764581337844
14.537784262804632
21.379903780561083
21.379895813227197
22.500021537070804
22.500012150548937
10.159545138747601
11.084955000001129
13.84511409938719
7.9934821120866975
11.731226076470014
24.68737956921005
9.663646986663473
23.4624330520185
9.663646986663473
21.37989600342457
18.146871552536265
18.94198815865563
21.37989358413297
16.73792792518387
17.315261693842515
11.731223900934205
23.980442693220866
19.705059027479464
15.518950805845414
10.15954013042175
17.596832222307796
16.73791933121468
5.865610110828198
7.993478619678044
17.315257466149614
6.650985000001879
23.980447453874792
16.737927360765134
12.343698501942196
16.737927360765134
21.148755940580756
7.993475846179183
15.98695816958467
2.2169909644042307
23.980447453874792
22.500012150548937
15.518942001890785
12.343695613852846
24.68738835747617
21.148755940580756
5.865602673796616
13.845114984110822
24.687381408732886
24.984228294579168
12.343686281287694
16.737929666504456
14.537782457020397
8.867975000001408
9.663642214209402
23.4624330520185
12.343687068224387
15.518950051909117
24.68737956921005
17.315263452516394
21.14875756374946
11.519825000001086
16.737926778106363
18.146857427087756
5.86561200065688
11.73121498204896
20.319071276794368
13.485435315341139
19.19972500000065
9.663651390838247
9.663651390838247
2.2169946246326355
24.6873790249117
17.735945000000708
6.650985000001879
23.146081502216525
22.500017790482964
18.146870877538365
13.84511409938719
21.834842384676147
22.169915000000568
23.980440520124937
17.315261693842515
17.59682729030577
19.70506693862901
23.146083595339622
23.980440520124937
22.169923435421467
17.735945000000708
14.537790362749423
21.148757103698788
11.731223900934205
15.35977844999888
18.94199401071202
23.35745698624424
5.86561539617541
2.216994624632636
9.663642214209402
10.159546676956113
15.359769789747828
18.14686483321706
23.039657429806766
24.68737543280472
15.98695816958467
22.169932095675215
16.737916516276748
23.146089351712313
23.980445466722465
21.14875756374946
11.731214982048963
3.8399506501581495
19.327286978353946
16.73791933121468
14.537786251649527
17.735942846413604
21.379897368655676
15.986960656449057
4.433985000002819
23.462436478321045
12.343698501942196
7.993479710166906
9.663642214209402
21.148762989150214
11.731216341643776
9.663643172015924
23.146076104853066
20.319077452636723
7.679894470189677
9.663646986663473
9.663642024932939
7.9934823939538395
14.537796164056298
24.98423465845312
21.379897176241286
20.31906800352442
3.8399506501581495
6.650985000001879
21.379906508805174
15.35977844999888
19.327288443324115
24.687381408732886
21.834840137675613
17.735937846413705
24.68737956921005
17.315261693842515
18.14686243929374
13.30195500000094
16.737926778106363
18.941991435449705
18.94199130159894
24.68737956921005
8.867975000001408
5.86561200065688
17.596833466145267
18.146870877538365
18.94199130159894
19.952935640918856
24.68738734634854
23.146089351712313
12.343695613852846
21.148759696063735
17.315261693842515
19.19971360977684
7.071067811597781e-06
15.98695816958467
17.59682729030577
22.500012150548937
12.343689411867507
17.596820986009092
23.039666090059765
13.48543187951539
12.343698501942196
15.98695816958467
19.32729620656366
24.687381408732886
20.319080725905145
18.941988158655626
15.518949859035242
19.32729620656366
23.980435859034134
19.327292938749856
23.039665000000543
19.32729620656366
24.386916229926445
19.952939301171895
23.4624330520185
19.705057195081924
10.159539117669167
4.4339824191408335
23.35746268119142
19.705059027479464
15.986964923913794
16.737916844113247
21.148755502923805
12.343688623650955
2.216994624632636
10.15953409443809
18.941991435449705
19.705059027479464
7.9934823939538395
10.159543248928566
23.039657429806766
24.68738835747617
19.952935640918856
7.679889470197471
23.146076104853066
7.993475460201902
19.32729620656366
15.518942001890785
3.8399350000032553
19.705057801210582
21.14875756374946
13.301953597154442
21.379897368655676
9.663642214209402
15.518945000000807
21.37989600342457
19.327287029933867
14.537790362749423
19.32729620656366
21.14876210295652
20.319065648637736
14.537790362749423
21.148753115842315
24.984228294579168
9.663646986663473
19.705057801210582
11.731216256665377
5.865611697278469
7.993478619678043
17.315264092703003
16.73792792518387
15.986960656449055
11.731226076470014
12.343695613852846
9.663646986663473
2.2169850000056384
18.146861103982967
19.19970860977452
16.737917991191434
23.462446298126075
8.867968008143128
15.518950805845414
11.084955000001129
12.343689411867507
21.8348399232614
24.687381408732886
20.319064635884448
12.343695613852846
21.148765926834834
18.146871552536265
19.327287029933867
14.537786251649527
15.518942001890785
19.705059027479464
7.9934823939538395
9.663651390838247
