11.084955802647569
17.735937846413705
24.687384765370552
4.4339824191408335
11.519835000001086
21.148759696063735
21.834842384676147
2.21699962463912
18.94199028799376
21.148764581337844
7.679885000001628
10.159532571129933
24.68737543280472
13.30195725740577
23.35746022998755
9.663646986663473
21.148762989150214
19.705059027479464
6.6509802136414455
23.039665000000543
10.159545138747601
13.845105276856872
4.433985000002819
12.343695613852846
19.19972500000065
24.984237841051904
16.737926778106363
11.084955802647569
20.319077452636723
15.98695816958467
24.687381408732886
15.518941520131133
21.379895813227197
14.537798286805673
14.537786251649527
18.94198815865563
10.159530821167383
23.462442501130397
21.83484238467615
17.315263452516394
23.14608520420354
11.519835000001086
23.980445466722465
22.500012150548937
21.148767062404612
17.315261693842515
17.315261693842515
21.8348399232614
10.15953531894299
13.485435315341139
16.737929666504456
23.35746268119142
17.596828545299008
13.845124103591488
17.315265788547688
21.834849783464282
20.319064783071344
15.986960656449057
16.73792048987717
15.518950051909117
17.596827532548303
3.8399506501581495
23.146081502216525
23.146081502216525
21.148761502122294
3.839945000003255
13.845105276856872
12.343689411867507
17.315261693842515
23.462436478321045
18.14686243929374
23.146075695703797
22.169915000000568
21.379897176241286
24.687381408732886
12.343689411867507
10.159532571129933
12.343697189005002
14.537795514219136
17.315261693842515
22.500016713519347
10.159533429122128
14.537795514219136
23.146081502216525
19.705059027479464
21.148755416436444
24.386916229926445
11.519838290221353
21.83484238467615
17.596824017033583
13.485431434153304
11.084960802648334
24.386915000000513
13.485439654102864
7.993478619678044
24.68737956921005
23.35746450120068
11.731224186650342
17.596840152290127
16.737917991191434
13.485441845673801
19.705059027479464
18.146861103982967
15.986964923913794
23.980447453874792
21.834849783464282
23.980434227082924
20.319065648637736
23.146076104853066
19.705059027479464
16.737929666504456
9.663642214209402
9.663643172015924
17.735942846413604
11.519835000001086
19.19971360977684
15.51894825304376
24.386916229926445
19.705059027479464
24.984229616589143
21.148764581337844
17.315261693842515
22.500017790482964
11.084964462904244
6.650983873897906
24.687381408732886
13.845124103591488
11.731224186650342
13.845117386033605
22.169923435421467
21.834840137675613
15.986960656449055
23.146081502216525
17.315261693842515
11.73121498204896
23.357465206195855
15.518946824473948
2.216995000005638
10.15953531894299
17.596830332484597
18.94199401071202
19.19971360977684
19.952935640918856
15.518941520131133
14.537795514219136
23.980447453874792
18.146861103982967
15.986960656449055
19.327298377317252
13.84510767878134
11.731214366844126
18.146857427087756
24.98422500574813
9.663642214209402
7.9934821120866975
18.941991435449705
17.596828545299008
4.433985000002819
17.315257466149614
21.834840137675613
7.9934821120866975
13.8451044916985
23.146075695703797
11.731224186650342
23.35747354314353
20.319071276794368
15.986960656449057
13.485435315341139
17.315261693842515
11.731224431160202
10.159545138747601
24.6873790249117
23.146073641316583
21.834837384895952
10.159546676956113
24.386916229926445
13.845109964072153
19.705057308621306
10.159533429122128
3.839945650168762
7.679895000001627
23.980447453874792
15.518946824473948
10.159540270280441
23.039657429806766
17.31527133270657
23.14607459914208
22.16991843542168
13.845109964072153
19.327287029933867
16.737925692906213
22.500011385842672
14.537794843381509
17.596836739415696
5.865611697278468
19.70506693862901
13.485431434153304
15.518941520131133
13.485431434153304
12.343686281287694
24.984238490153146
22.500006860226737
15.518945000000807
13.485441023676238
17.315265788547688
21.14875756374946
19.95292500000063
11.519825000001086
17.735945000000708
8.867968008143128
7.993475460201902
19.705059027479464
19.327298377317252
21.379897494376582
23.039666090059765
18.94199130159894
15.98695816958467
14.537786251649527
19.19972500000065
16.73792529161395
17.596836739415696
7.679894470189677
11.51984329022101
13.485444357285747
6.650975213639727
13.485435315341139
18.941991435449705
11.731216256665377
13.845109964072153
7.6798808099377425
12.343695613852846
17.315261693842515
2.21699962463912
20.31906800352442
7.9934821120866975
21.148755416436444
23.980440248107413
15.986960656449057
21.148767062404612
24.98422500574813
10.15953531894299
9.663642024932939
22.500012150548937
2.216994624632636
19.19970860977452
7.9934821120866975
21.148755416436444
15.98695816958467
13.845124103591488
18.146861103982967
21.379903780561083
10.15953531894299
4.433987419135287
19.705064621691804
16.737916844113247
9.663646986663473
5.865611697278468
12.343695613852846
21.148762989150214
23.039655000000547
12.343686281287694
20.319072713055828
23.146089351712313
15.35976478974369
23.35747090114103
15.518950805845414
21.148753115842315
5.865611697278469
11.731214982048963
14.537790362749423
7.993478619678044
23.35747090114103
18.941991435449705
11.731223900934207
15.359769789747828
24.984238284731635
11.731216341643776
11.519835000001086
6.650975213639727
18.94199401071202
20.319072195172936
15.98695816958467
6.650988873893115
7.679889470197471
11.519835000001086
19.705057308621306
24.984229616589143
19.327292938749856
13.485439654102866
13.485439654102866
13.485441845673801
20.319064783071344
20.319065648637736
19.19970860977452
