24.98423465845312
23.980436629007613
21.37989600342457
23.462447295490087
11.084964462904244
13.845105276856872
15.518941391655876
11.731214366844126
17.596836739415696
15.359769789747828
7.9934754602019025
15.518950051909117
19.19971360977684
23.357469271932054
24.6873790249117
23.462436478321045
7.993475846179183
5.86561539617541
23.4624330520185
19.327286978353946
14.537796164056298
23.4624330520185
10.159546676956113
19.199717270029005
20.319072713055828
6.650988873893115
17.315261693842515
14.537786251649527
17.315263452516394
5.865611697278468
9.663651390838247
23.980447453874792
15.98695816958467
19.199722270029064
15.518945000000807
12.343689411867507
15.98695816958467
5.865610110828199
11.73121498204896
17.735942846413604
17.315263452516394
14.537784262804632
12.343689411867507
21.37989358413297
8.86796500000141
24.68737956921005
19.327292938749856
17.596820986009092
11.731216341643776
24.98423465845312
4.433985000002819
5.865610110828198
20.319062893250024
17.596830332484597
21.148759696063735
15.98695799016342
11.51984329022101
4.4339824191408335
20.319062893250024
10.159545138747601
20.319062893250024
23.35745856281137
19.3272895904017
21.37990724694684
23.462447295490087
22.500011385842672
21.834837384895952
13.845111325888643
2.21699962463912
11.731226076470014
19.327287029933867
23.146076104853066
23.462439736200707
21.379889717237784
11.51984329022101
23.14607459914208
18.941991435449705
24.98422500574813
21.834842384676147
7.679885809935588
7.9934821120866975
23.357459384805747
5.865615396175409
13.845117386033605
20.319080725905145
20.319080725905145
9.663651390838247
14.537795514219136
23.357465206195855
23.35745698624424
9.663651390838247
18.146857427087756
22.169915000000568
13.485431434153304
21.379902916698427
11.084955000001129
11.731216256665377
24.98423465845312
6.650975000001879
22.500021537070804
23.980442693220866
22.169923435421467
12.343689411867507
11.731224431160202
24.687381408732886
19.32729620656366
24.687381408732886
16.73792529161395
23.35745698624424
7.993475846179183
5.865611697278469
23.462447295490087
7.9934821120866975
11.731216341643776
11.731216341643776
14.537790362749423
19.705057195081924
20.31905808934681
19.327286978353946
11.51984329022101
13.845116897825385
23.980442693220866
21.14875756374946
15.98695816958467
22.500011385842672
17.735942846413604
19.327287029933867
23.980440520124937
24.386915000000513
24.687381408732886
20.319065648637736
15.518949859035242
18.94199028799376
21.148762989150214
21.379902916698427
20.319080725905145
18.14686243929374
14.537790362749423
11.731223900934205
15.986964923913794
24.38691122992516
22.500006860226737
19.705059027479464
21.148759696063735
23.980443934336368
15.986960656449055
12.343689411867507
12.343687068224387
11.73121498204896
20.319064783071344
19.199715000000648
3.8399369899062146
24.6873790249117
21.8348399232614
20.319072713055828
24.687384765370552
23.14607459914208
13.485441023676238
11.731216256665377
20.31907460287623
20.319064783071344
23.35746022998755
21.148755502923805
15.98695816958467
23.35746450120068
24.98423387931377
7.679889470197471
11.084955000001129
23.35745856281137
21.148755416436444
17.315264092703003
8.867968008143128
22.500011385842672
11.731224186650342
21.148755416436444
19.32729620656366
6.650975000001879
23.980436629007613
24.38691122992516
14.537786251649527
23.35746450120068
22.169923435421467
18.941991435449705
13.30195500000094
3.8399350000032553
19.95292500000063
18.94199401071202
7.071067811597781e-06
6.650983873897906
11.084964462904244
20.319077452636723
23.146073641316583
24.68737543280472
13.485444357285747
9.663646986663473
18.146870877538365
5.865611697278468
21.834847057367956
7.993475460201902
13.485435315341139
15.518941391655876
15.518941391655876
16.737929666504456
21.8348399232614
23.146076104853066
21.14876210295652
18.146865493529454
17.735942846413604
24.68737956921005
23.146076104853066
11.731214982048963
3.8399419899068783
11.084964462904244
15.359775000000813
9.663643172015924
23.462447295490087
22.500016713519347
11.731226076470014
19.19972500000065
19.705059027479464
4.433987419135287
14.537798286805673
23.039655000000547
15.518941391655876
14.537782457020397
21.14875756374946
21.379902916698427
23.35746022998755
21.14876210295652
18.14686483321706
19.199717270029005
22.500011385842672
7.993482393953839
6.6509802136414455
17.735942846413604
15.518949859035242
24.687381408732886
19.327292938749856
7.9934754602019025
18.941991435449705
6.650983873897906
24.386915000000513
24.68737956921005
23.14608520420354
24.984243088339703
13.30196225740586
22.500017790482964
21.14875756374946
21.834840137675613
18.146861103982967
7.993478619678043
15.518950051909117
16.737925692906213
5.865612000656879
22.500012150548937
21.8348399232614
16.737925692906213
13.485441845673801
23.14607459914208
18.94198815865563
20.319064635884448
2.216994624632636
14.537786251649527
23.980433314355476
4.433985000002819
21.379889717237784
15.518950051909117
10.15954013042175
14.537795514219136
5.865611697278468
16.737916844113247
13.845114984110822
17.735937846413705
20.31906800352442
10.159530821167383
22.169923435421467
16.737916516276748
14.537784262804632
17.596842042112275
2.216995000005638
15.98695816958467
21.83484238467615
2.21699962463912
22.500017790482964
11.731224431160202
20.31905808934681
10.159532571129933
19.705064621691804
23.357459384805747
9.663646986663473
23.980434227082924
3.8399506501581495
21.379903780561083
24.68738835747617
