9.663651390838247
3.8399350000032553
2.216995000005638
3.839945650168762
5.865611697278468
12.343695613852846
13.8451044916985
3.8399350000032553
2.216995000005638
7.6798808099377425
7.679894470189677
13.485431434153304
11.731224186650342
14.537790362749423
13.48543187951539
11.519838290221353
12.343698501942196
7.679894470189677
5.865605947065487
14.537786251649527
11.731216341643776
13.84510767878134
9.663646986663473
7.679885000001628
10.159533429122128
13.301953597154442
11.519825000001086
10.159530821167383
5.865611697278469
6.650975213639727
9.663651390838247
2.2169946246326355
9.663646986663473
8.867968008143128
10.159543543548105
13.485431434153304
11.519834629969738
11.084955802647569
3.8399419899068783
10.15953531894299
11.731216256665377
11.731216341643776
2.216994624632636
11.731224431160202
2.2169946246326355
12.343687068224387
7.9934821120866975
11.731226076470014
12.343695613852846
14.537795514219136
11.731224186650342
11.519838290221353
14.537794843381509
5.865610110828199
5.86561200065688
14.537786251649527
11.084960802648334
13.30196225740586
13.485431434153304
11.519835000001086
11.519835000001086
2.2169909644042307
4.433985000002819
11.731214982048963
11.731214982048963
9.663642214209402
14.537786251649527
12.343697189005002
13.845124103591488
13.485435315341139
8.867975000001408
13.30195500000094
13.845109964072153
6.650985000001879
10.159545138747601
11.084955000001129
12.343697189005002
12.343695613852846
13.485431434153304
12.343695613852846
11.731216256665377
5.86561200065688
5.865611697278469
4.4339824191408335
13.485444357285747
4.433985000002819
14.537786251649527
9.663642214209402
12.343695613852846
13.8451044916985
13.845105276856872
14.537794843381509
5.865611697278469
3.839945650168762
10.159545138747601
11.731224431160202
13.48543531534114
5.865605947065487
5.865611697278468
13.8451044916985
11.519834629969738
11.731216256665377
12.343689411867507
12.343689411867507
13.301948597151096
6.6509802136414455
11.731216341643776
9.663651390838247
11.51984329022101
11.084960802648334
11.73121498204896
10.159543543548105
13.30196225740586
13.30195725740577
13.84510767878134
9.663646986663473
8.867975000001408
12.343698501942196
6.650975213639727
2.216994624632636
9.663646986663473
14.537786251649527
8.86796500000141
8.867968008143128
11.731226076470014
13.30195725740577
4.433985000002819
11.084955000001129
7.9934821120866975
3.8399419899068783
14.537786251649527
7.993475846179182
9.663642024932939
11.731224186650342
12.343689411867507
13.485431434153304
2.21699962463912
13.485439654102864
10.159533429122128
13.30196225740586
13.485431434153304
12.343689411867507
8.867968008143128
12.343698501942196
7.679885000001628
11.731216341643776
4.4339824191408335
2.216995000005638
5.865615396175409
11.519829629966322
13.845101718198029
5.865612000656879
9.663646986663473
9.663653106007581
10.15954013042175
13.485441023676238
12.343686281287694
9.663646986663473
11.084955802647569
3.839945650168762
9.663646986663473
12.343688623650955
9.663642214209402
11.084964462904244
14.537792186864207
13.485441023676238
9.663643172015924
13.845111325888643
5.865610110828199
5.86561200065688
13.485431434153304
3.839945650168762
9.663651390838247
11.731216341643776
10.159540270280441
13.30195725740577
13.301953597154442
11.519825000001086
9.663651390838247
13.485431434153304
9.663646986663473
4.4339824191408335
7.9934821120866975
9.663646986663473
13.485431434153304
13.485431434153304
13.845114984110822
14.537795514219136
13.301948597151096
5.86561539617541
7.993479710166906
11.084965000001128
13.30195500000094
11.731223900934205
13.485439654102864
5.865605947065487
13.845114984110822
13.845117169841865
7.679889470197471
7.9934754602019025
2.2169850000056384
10.15954013042175
11.519835000001086
9.663642024932939
9.663646986663473
7.6798808099377425
14.537786251649527
9.663642024932939
13.485435315341139
13.845116897825385
12.343686281287694
13.845105276856872
8.867968008143128
13.845111325888643
5.865611697278469
3.8399350000032553
3.839945650168762
4.433987419135287
13.845101718198029
9.663646986663473
9.663646986663473
5.86561539617541
10.159532571129933
7.9934821120866975
11.731223900934205
10.159543543548105
10.159540270280441
13.845117386033605
14.537792186864207
13.30195725740577
7.9934823939538395
9.663646986663473
5.865610110828199
12.343698501942196
3.839945650168762
9.663651390838247
7.993475460201902
12.343695613852846
11.731224186650342
14.537792186864207
12.343686281287694
9.663646986663473
5.865611697278469
7.9934821120866975
10.15953531894299
7.993475460201902
13.485435315341139
14.537795514219136
12.343686281287694
9.663643172015924
14.537794843381509
2.2169909644042307
7.071067811597781e-06
3.8399419899068783
11.084960802648334
14.537795514219136
10.159540270280441
13.485439654102866
13.485439654102866
11.731214366844126
2.216994624632636
5.865615396175409
3.8399506501581495
13.845101718198029
7.993475460201902
7.679895000001627
13.485435315341139
11.084964462904244
13.845114984110822
13.301953597154442
13.485439654102866
9.663642024932939
5.86561200065688
11.084965000001128
13.84511409938719
2.2169850000056384
2.2169946246326355
6.650975000001879
14.537798286805673
14.537791701756152
13.485441023676238
13.845105276856872
13.485431434153304
3.839945650168762
11.731224431160202
11.731224431160202
5.865611697278468
12.343687068224387
6.650975000001879
14.537786251649527
14.537782457020397
11.519838290221353
10.159530821167383
5.86561200065688
10.159532571129933
7.993482393953839
5.865605947065487
6.650983873897906
13.485435315341139
13.845114984110822
14.537795514219136
7.679889470197471
13.485444357285747
13.48543531534114
9.663642214209402
2.2169946246326355
2.21699962463912
10.159533429122128
10.159546676956113
12.343697189005002
6.6509802136414455
5.865602673796616
5.865605947065487
3.839945000003255
10.159543543548105
11.519835000001086
11.084960802648334
12.343689411867507
11.084955802647569
10.159543248928566
13.84511409938719
10.15954013042175
13.30195725740577
11.731214366844126
2.2169909644042307
14.537786251649527
10.159533429122128
14.537798286805673
10.159540270280441
13.485444357285747
12.343686281287694
7.9934823939538395
5.865610110828199
6.6509802136414455
5.86561539617541
5.865611697278469
2.2169909644042307
13.485444357285747
5.865611697278468
12.343687068224387
12.343687068224387
5.865611697278468
3.8399419899068783
5.865610110828198
12.343695613852846
12.343695613852846
14.537782457020397
8.867968008143128
9.663646986663473
7.993475846179183
5.865611697278469
6.650975213639727
2.2169909644042307
11.519829629966322
3.8399369899062146
7.071067811597781e-06
14.537786251649527
9.663646986663473
11.519835000001086
9.663643172015924
10.159539117669167
11.084965000001128
11.731224431160202
12.343697189005002
7.679885809935588
11.084964462904244
14.537795514219136
9.663643172015924
3.8399350000032553
6.650985000001879
11.731214982048963
5.865612000656879
12.343697189005002
10.15953531894299
9.663642024932939
14.537784262804632
13.301948597151096
5.86561539617541
4.4339824191408335
13.845101718198029
13.845124103591488
11.084964462904244
13.30195725740577
12.343698501942196
5.865610110828199
13.30195500000094
9.663646986663473
3.8399369899062146
4.4339824191408335
7.679885809935588
11.731216341643776
13.485441023676238
13.485439654102866
5.86561200065688
6.6509802136414455
11.084960802648334
14.537795514219136
5.865611697278469
2.216995000005638
13.48543531534114
2.21699962463912
11.731223900934205
9.663646986663473
14.537795514219136
10.159540270280441
11.731223900934207
14.537782457020397
11.084965000001128
7.6798808099377425
2.2169946246326355
13.30196225740586
12.343695613852846
9.663646986663473
14.537784262804632
14.537796164056298
9.663646986663473
3.839945650168762
9.663642214209402
7.993475460201902
13.845117386033605
9.663643172015924
13.301948597151096
2.2169909644042307
13.485444357285747
7.679894470189677
5.865605947065487
8.867968008143128
8.867968008143128
13.845117169841865
12.343686281287694
11.519825000001086
10.159530821167383
11.731214982048963
6.650983873897906
13.485431434153304
13.301953597154442
11.731224431160202
2.2169850000056384
4.4339824191408335
13.485435315341139
14.537792186864207
13.845114984110822
14.537790362749423
9.663642024932939
11.519838290221353
12.343698501942196
5.865611697278468
5.865610110828198
9.663642214209402
13.485431434153304
11.519834629969738
13.485441023676238
14.537792186864207
13.485439654102866
9.663646986663473
12.343698501942196
14.537794843381509
7.679889470197471
7.993482393953839
5.865605947065487
12.343695613852846
12.343686281287694
9.663651390838247
4.433987419135287
11.084965000001128
5.865611697278469
7.071067811597781e-06
5.865611697278468
5.865611697278468
5.865612000656879
14.537798286805673
14.537795514219136
12.343695613852846
14.537790362749423
13.485444357285747
14.537784262804632
5.865610110828199
4.433987419135287
2.2169909644042307
13.84511409938719
5.865611697278468
13.845101718198029
9.663642214209402
10.15953409443809
7.9934823939538395
14.537794843381509
8.867975000001408
7.6798808099377425
3.839945000003255
14.537786251649527
11.73121498204896
13.30196225740586
13.30195725740577
13.845114984110822
13.84510767878134
14.537784262804632
7.993479710166906
10.159543248928566
13.485444357285747
3.8399419899068783
6.650983873897906
9.663653106007581
13.485435315341139
11.731216256665377
13.301948597151096
3.8399350000032553
2.2169909644042307
11.731214982048963
11.519829629966322
13.845101718198029
11.084960802648334
12.343688623650955
13.485441845673801
13.845116897825385
14.537792186864207
13.845114984110822
13.84510767878134
14.537782457020397
11.731214366844126
5.86561539617541
13.84511409938719
2.2169946246326355
11.51984329022101
13.845101718198029
8.86796500000141
7.9934821120866975
5.865611697278468
5.865612000656879
10.159546676956113
14.537798286805673
14.537791701756152
14.537794843381509
10.159543248928566
9.663646986663473
5.865615396175409
9.663642214209402
7.6798808099377425
7.9934821120866975
8.867968008143128
11.084960802648334
9.663646986663473
13.84510767878134
4.433985000002819
10.159545138747601
10.159545138747601
11.731224431160202
11.731223900934205
13.485439654102864
11.084964462904244
11.084960802648334
13.301953597154442
13.301948597151096
7.679885000001628
13.845109964072153
7.9934754602019025
11.731216341643776
13.301953597154442
11.731214366844126
10.159543248928566
3.8399350000032553
9.663642214209402
2.21699962463912
4.433987419135287
3.8399419899068783
12.343688623650955
9.663642024932939
13.30196225740586
11.519834629969738
12.343689411867507
13.845105276856872
8.867975000001408
4.4339824191408335
3.839945650168762
9.663642214209402
7.993482393953839
11.51984329022101
13.485439654102864
12.343687068224387
6.650988873893115
13.845124103591488
10.159543543548105
11.519835000001086
14.537792186864207
13.301953597154442
12.343689411867507
11.731223900934207
13.485444357285747
12.343686281287694
8.867975000001408
3.8399350000032553
13.301945000000941
14.537795514219136
14.537782457020397
9.663646986663473
7.679885000001628
10.159532571129933
5.865611697278469
6.650975213639727
2.2169850000056384
2.2169946246326355
4.433987419135287
3.8399419899068783
13.845124103591488
13.485435315341139
5.86561539617541
13.845109964072153
11.731216341643776
13.84511409938719
7.6798808099377425
10.159543543548105
10.15954013042175
12.343695613852846
11.731224186650342
11.519825000001086
9.663643172015924
7.9934823939538395
2.21699962463912
10.159546676956113
14.537798286805673
12.343688623650955
9.663646986663473
13.485435315341139
5.865610110828199
13.845109964072153
3.8399369899062146
5.865610110828198
14.537795514219136
11.731216256665377
11.731216256665377
11.731224431160202
12.343689411867507
8.867968008143128
12.343698501942196
14.537796164056298
7.6798808099377425
7.679894470189677
7.993478619678043
7.993475460201902
13.8451044916985
14.537795514219136
14.537794843381509
4.433985000002819
10.15953531894299
9.663653106007581
11.731226076470014
13.485444357285747
9.663642024932939
5.86561200065688
5.865611697278469
11.084965000001128
13.845109964072153
2.216995000005638
2.2169946246326355
7.679894470189677
12.343697189005002
10.15954013042175
11.731214366844126
13.301948597151096
11.084955802647569
4.4339824191408335
10.159533429122128
7.993475460201902
13.845116897825385
13.845111325888643
7.071067811597781e-06
6.650988873893115
13.485441023676238
14.537791701756152
14.537795514219136
14.537795514219136
14.537790362749423
11.731223900934207
10.159539117669167
11.731216341643776
13.845101718198029
13.845101718198029
11.084955000001129
10.15953531894299
7.679885000001628
13.48543531534114
11.73121498204896
7.993475460201902
13.485435315341139
11.731216341643776
10.15954013042175
12.343698501942196
10.159543248928566
12.343698501942196
10.159545138747601
11.731214982048963
7.6798808099377425
4.433985000002819
3.8399506501581495
5.865605947065487
10.159546676956113
12.343697189005002
14.537795514219136
12.343698501942196
7.679885000001628
5.86561539617541
12.343698501942196
5.865602673796616
9.663646986663473
10.159533429122128
10.15953531894299
13.485435315341139
10.15954013042175
14.537792186864207
13.30195725740577
13.301953597154442
13.845117169841865
12.343689411867507
4.433985000002819
5.865602673796616
4.433985000002819
5.865610110828198
10.15953531894299
7.993475846179182
10.15954013042175
14.537782457020397
12.343689411867507
7.993479710166906
8.867975000001408
10.159543248928566
12.343698501942196
11.731224431160202
9.663642024932939
13.485435315341139
13.485441845673801
13.845105276856872
8.867968008143128
7.993475846179183
11.731224431160202
10.159533429122128
3.839945000003255
10.15953531894299
12.343695613852846
11.731216341643776
11.084960802648334
11.731223900934207
14.537798286805673
13.845124103591488
12.343689411867507
11.519835000001086
13.845116897825385
11.731214366844126
9.663646986663473
2.216995000005638
13.48543531534114
13.485439654102864
11.084955000001129
5.865605947065487
14.537786251649527
11.731226076470014
14.537790362749423
9.663642024932939
12.343698501942196
5.86561200065688
10.159543248928566
2.216995000005638
11.731214982048963
2.2169850000056384
11.084960802648334
13.845124103591488
13.845124103591488
14.537791701756152
13.845105276856872
2.2169909644042307
7.9934821120866975
9.663646986663473
4.4339824191408335
10.15953531894299
13.485441023676238
14.537795514219136
5.86561200065688
4.433987419135287
6.6509802136414455
6.6509802136414455
10.159543248928566
7.9934754602019025
6.650975213639727
13.485444357285747
7.993478619678043
14.537786251649527
7.993475846179182
13.845111325888643
5.86561200065688
8.867975000001408
9.663646986663473
3.8399369899062146
13.485439654102864
11.084955000001129
10.159546676956113
14.537790362749423
11.731223900934207
11.519838290221353
14.537786251649527
14.537798286805673
14.537798286805673
11.731226076470014
10.159543543548105
14.537794843381509
11.084955802647569
5.865610110828199
4.433987419135287
13.485439654102864
12.343697189005002
10.159543543548105
13.845109964072153
10.159545138747601
11.731224431160202
4.433987419135287
11.084955000001129
9.663642024932939
14.537795514219136
10.159532571129933
10.159545138747601
4.4339824191408335
3.839945000003255
14.537798286805673
11.73121498204896
9.663653106007581
12.343695613852846
11.084965000001128
11.731214982048963
9.663646986663473
11.519834629969738
11.084964462904244
11.731224431160202
8.867968008143128
7.993479710166906
13.485431434153304
9.663646986663473
11.084955000001129
13.485439654102866
9.663642024932939
11.731224431160202
7.679885000001628
6.650985000001879
7.6798808099377425
8.86796500000141
11.084960802648334
10.159543248928566
4.4339824191408335
3.8399350000032553
2.216995000005638
10.159545138747601
11.731224431160202
7.9934821120866975
11.731223900934205
10.159546676956113
12.343695613852846
13.30196225740586
14.537792186864207
8.867975000001408
13.30195500000094
7.9934754602019025
10.159545138747601
13.485444357285747
7.6798808099377425
4.433985000002819
9.663646986663473
13.30195725740577
12.343689411867507
5.865611697278469
14.537796164056298
6.650975213639727
11.51984329022101
3.8399419899068783
12.343697189005002
