19.705057195081924
13.48543187951539
12.343686281287694
13.845111325888643
15.518942001890785
11.73121498204896
18.146861103982967
15.518941520131133
19.705057195081924
10.15953409443809
19.705057308621306
9.663651390838247
13.48543531534114
19.327292938749856
19.705057195081924
15.986957718147941
11.731224431160202
11.084955802647569
17.315264092703003
19.3272895904017
15.518946824473948
12.343686281287694
14.537796164056298
4.433985000002819
10.159546676956113
10.15953531894299
13.845117386033605
17.59682729030577
17.315263452516394
14.537790362749423
17.315261693842515
13.84510767878134
11.731223900934207
15.518950051909117
11.519825000001086
13.845111325888643
8.867975000001408
15.518950805845414
13.48543531534114
18.146861103982967
15.986960656449055
19.327286978353946
15.518941391655876
19.705059027479464
18.94199130159894
9.663651390838247
15.35976478974369
2.21699962463912
3.8399506501581495
19.327292938749856
6.650983873897906
10.159543543548105
11.519834629969738
14.537792186864207
13.845114984110822
19.705057195081924
15.986957718147941
18.941991435449705
17.596830332484597
10.159532571129933
7.9934754602019025
17.315261693842515
11.519835000001086
13.30195725740577
18.146865493529454
18.146870877538365
18.146870877538365
11.731224431160202
5.865610110828199
17.315261693842515
9.663642214209402
4.433987419135287
15.986964923913794
17.596842042112275
18.941988158655626
17.735937846413705
13.301948597151096
5.865612000656879
7.993478619678043
6.650988873893115
18.146871552536265
12.343695613852846
11.519835000001086
18.941991435449705
13.485441023676238
15.518950051909117
12.343686281287694
10.159543248928566
6.650975213639727
7.9934821120866975
9.663651390838247
19.952944301171446
15.98695799016342
13.30195725740577
16.737927360765134
18.94199401071202
19.199717270029005
11.519825000001086
6.650975213639727
7.9934821120866975
4.433987419135287
6.650988873893115
15.518950051909117
13.485431434153304
17.315261693842515
17.315257466149614
15.518950051909117
13.485441023676238
13.485444357285747
16.73791933121468
4.433987419135287
7.679889470197471
13.485444357285747
19.19970860977452
5.865605947065487
13.301945000000941
11.731226076470014
13.485441023676238
17.315261693842515
19.3272895904017
17.315261693842515
15.518950805845414
15.98695816958467
19.705057308621306
15.986950784394441
5.865615396175409
19.327287029933867
10.159533429122128
19.95292500000063
11.519835000001086
19.199715000000648
15.518949859035242
15.518949859035242
11.731216256665377
7.9934823939538395
11.731224431160202
12.343698501942196
16.73792792518387
19.705059027479464
7.9934754602019025
17.596836739415696
5.865611697278468
7.993475460201902
7.993475460201902
13.845116897825385
19.952939301171895
17.735942846413607
19.199717270029005
15.518946824473948
13.845105276856872
14.537794843381509
10.159532571129933
7.6798808099377425
3.8399369899062146
9.663646986663473
16.73793332116155
14.537792186864207
17.596832222307796
17.596833466145267
5.865611697278469
19.32729620656366
5.865611697278468
7.993475460201902
19.327287029933867
17.596830332484597
11.731224431160202
12.343698501942196
17.596820986009092
15.986964923913794
17.315261693842515
19.19971360977684
17.596830332484597
7.9934823939538395
11.084965000001128
15.518941520131133
11.084955000001129
13.485431434153304
19.705057195081924
17.315264092703003
15.359773449997562
10.159530821167383
4.433985000002819
4.433987419135287
19.705059027479464
5.865611697278468
15.518950051909117
19.3272895904017
7.9934823939538395
12.343695613852846
16.737917991191434
13.845117386033605
17.59682729030577
19.3272895904017
18.941988158655626
11.731216256665377
15.35977844999888
15.986964923913794
13.30195725740577
14.537791701756152
13.845114984110822
11.519838290221353
13.30195500000094
6.650988873893115
19.705064621691804
15.518950051909117
13.485444357285747
18.146870877538365
19.705059027479464
9.663646986663473
15.518949859035242
17.596835091835406
11.519834629969738
16.737925692906213
15.518948253043762
13.845117169841865
9.663642024932939
7.993475846179183
13.485435315341139
19.19972500000065
15.359765000000813
13.48543187951539
13.485439654102866
19.95293064091714
7.993478619678044
7.9934823939538395
19.32729620656366
11.731223900934205
15.98695816958467
13.845101718198029
17.735935000000705
11.73121498204896
13.485441023676238
19.3272895904017
12.343686281287694
12.343689411867507
7.9934754602019025
7.9934821120866975
16.73793332116155
15.986960656449055
18.14686483321706
7.679885000001628
14.537796164056298
9.663646986663473
7.679894470189677
19.199722270029064
6.650975000001879
19.95292500000063
13.485441023676238
13.845117386033605
15.986960656449055
6.6509802136414455
3.8399350000032553
7.9934821120866975
5.865602673796616
19.327292938749856
7.993475460201902
15.986960656449055
18.941991435449705
13.84510767878134
7.993475846179183
7.9934754602019025
6.650988873893115
13.845124103591488
10.159543543548105
17.315264092703003
15.986960656449057
14.537795514219136
16.73792529161395
11.731216256665377
19.705057308621306
11.084955802647569
17.315257466149614
19.327287029933867
5.865612000656879
19.705057308621306
13.845105276856872
11.731214366844126
11.519838290221353
5.865611697278469
19.327287029933867
18.146861103982967
11.73121498204896
18.941991435449705
17.596832222307796
15.986960656449057
11.731214366844126
7.679889470197471
11.084965000001128
19.19970860977452
11.51984329022101
10.159543543548105
17.596840152290127
13.485441023676238
15.359765000000813
17.735945000000708
10.159543248928566
2.216994624632636
5.865615396175409
11.731214982048963
18.146871552536265
14.537795514219136
15.98695816958467
15.359775000000813
18.146865493529454
19.952935640918856
11.731216256665377
6.650975213639727
4.4339824191408335
7.679894470189677
13.30196225740586
18.94199401071202
15.98695816958467
19.705059027479464
13.485444357285747
11.084955802647569
8.867968008143128
12.343698501942196
2.21699962463912
19.3272895904017
19.327288443324115
15.518949859035242
14.537782457020397
19.327286978353946
2.21699962463912
7.679895000001627
13.485431434153304
19.327292938749856
17.596833466145267
10.159530821167383
15.98695816958467
16.73792792518387
5.865611697278468
12.343695613852846
11.084964462904244
14.537792186864207
17.315263452516394
16.737916516276748
2.2169909644042307
15.518950805845414
3.8399369899062146
15.518945000000807
9.663646986663473
18.146861103982967
11.731216341643776
16.737927360765134
18.14686243929374
19.327286978353946
16.73792048987717
11.731224431160202
4.433985000002819
9.663642024932939
18.146861103982967
13.485431434153304
19.327287029933867
17.315261693842515
17.315263452516394
12.343689411867507
5.865611697278469
5.865615396175409
13.84511409938719
4.433985000002819
8.86796500000141
6.650983873897906
18.146861103982967
19.952935640918856
16.737916516276748
4.433987419135287
6.650975213639727
17.596836739415696
11.519829629966322
11.731216341643776
13.845109964072153
10.159532571129933
8.867968008143128
13.845116897825385
19.199715000000648
15.359773449997562
17.735937846413705
5.865615396175409
19.705059027479464
18.146861103982967
13.845101718198029
10.159546676956113
12.343688623650955
10.15953531894299
14.537792186864207
19.705057195081924
17.315263452516394
15.518949859035242
18.94198815865563
13.845105276856872
17.735945000000708
16.73791933121468
19.705059027479464
4.4339824191408335
7.9934821120866975
18.94199028799376
13.485441845673801
15.51894825304376
14.537792186864207
17.315263452516394
19.327286978353946
19.199717270029005
16.737916516276748
14.537794843381509
5.865602673796616
2.21699962463912
7.993482393953839
15.98695816958467
5.865605947065487
6.650988873893115
16.737917991191434
10.15954013042175
19.327287029933867
19.705059027479464
13.301948597151096
10.159543248928566
3.839945650168762
4.433985000002819
11.731226076470014
15.98695816958467
9.663651390838247
13.485444357285747
5.865612000656879
14.537786251649527
18.146861103982967
15.98695816958467
17.59682729030577
17.596832222307796
16.737916516276748
17.735945000000708
16.73792792518387
4.433987419135287
17.735935000000705
19.952939301171895
17.315264092703003
17.596833466145267
17.735937846413705
11.731214366844126
17.315261693842515
11.731214982048963
7.679894470189677
12.343687068224387
9.663642214209402
19.95292500000063
11.519834629969738
11.731216341643776
13.845116897825385
17.315263452516394
17.315263452516394
13.485444357285747
13.845109964072153
11.731216341643776
19.705059027479464
15.986964923913794
13.485431434153304
19.705057195081924
19.19971360977684
18.14686483321706
13.84510767878134
15.518950805845414
8.867968008143128
4.433987419135287
11.084955000001129
15.518945000000807
16.73793332116155
15.98695799016342
17.735937846413705
13.845111325888643
19.952935000000622
7.993479710166906
15.518942001890785
13.845109964072153
9.663646986663473
7.6798808099377425
7.071067811597781e-06
5.865610110828198
8.867968008143128
16.737917991191434
15.986960656449055
19.705057195081924
11.519838290221353
7.679885000001628
10.159545138747601
6.650988873893115
16.737916844113247
13.485435315341139
15.359775000000813
19.199715000000648
17.596830332484597
9.663651390838247
11.731224431160202
18.146861103982967
5.865610110828198
11.731226076470014
10.159543543548105
12.343695613852846
19.327292938749856
19.952939301171895
16.737916516276748
7.993478619678044
4.433985000002819
5.865615396175409
15.518950805845414
9.663642214209402
3.839945000003255
18.94199028799376
12.343695613852846
18.94199401071202
10.159530821167383
6.650985000001879
9.663651390838247
11.519829629966322
19.19971360977684
18.941991435449705
19.952935640918856
17.596833466145267
10.159543248928566
7.993475846179182
18.94199401071202
8.867968008143128
7.679889470197471
19.327287029933867
9.663646986663473
9.663646986663473
6.650988873893115
18.146871552536265
12.343695613852846
13.8451044916985
11.731224186650342
13.845116897825385
19.705057195081924
15.518948253043762
12.343689411867507
17.596824017033583
19.3272895904017
15.986957718147941
17.315261693842515
18.941991435449705
11.731216256665377
18.146870877538365
7.679894470189677
12.343697189005002
11.519834629969738
16.737929666504456
19.327292938749856
18.941991435449705
11.084965000001128
17.596820986009092
11.731216341643776
5.865611697278469
17.735935000000705
15.518946824473947
17.735937846413705
14.537790362749423
11.731224431160202
19.705057308621306
6.650985000001879
11.084960802648334
15.98695816958467
18.941991435449705
18.14686243929374
18.941991435449705
11.084955802647569
4.433987419135287
5.865611697278469
15.35976478974369
7.071067811597781e-06
14.537786251649527
14.537791701756152
19.327288443324115
14.537795514219136
15.518941391655876
15.518950051909117
19.952935000000622
6.650985000001879
2.2169850000056384
19.327288443324115
19.19972500000065
15.986957718147941
13.485441023676238
12.343689411867507
11.731214366844126
9.663642024932939
10.159530821167383
4.4339824191408335
13.301945000000941
17.315264092703003
17.596842042112275
19.705057195081924
19.327288443324115
13.84510767878134
13.301953597154442
9.663646986663473
14.537784262804632
13.30195500000094
13.485444357285747
5.865610110828198
17.596833466145267
10.159530821167383
17.315261693842515
19.327287029933867
9.663642024932939
18.94199130159894
16.737929666504456
18.941988158655626
17.735942846413607
13.845117169841865
9.663642024932939
12.343698501942196
13.845111325888643
14.537794843381509
16.73792792518387
3.8399350000032553
10.159533429122128
5.865605947065487
17.735942846413604
19.3272895904017
19.3272895904017
15.986960656449057
2.216994624632636
13.485444357285747
15.518941520131133
11.084960802648334
7.679895000001627
17.315257466149614
13.30195725740577
7.993478619678044
17.735945000000708
18.94199130159894
15.518942001890785
11.731223900934205
11.084955000001129
5.865605947065487
15.518941520131133
17.596835091835406
15.518950051909117
13.8451044916985
18.146865493529454
16.73792529161395
11.731214366844126
5.86561539617541
19.327286978353946
11.519835000001086
17.315263452516394
13.845117169841865
13.485444357285747
9.663646986663473
15.35976478974369
4.433985000002819
18.94199130159894
17.315261693842515
18.14686483321706
9.663642024932939
7.9934754602019025
11.731214982048963
9.663642214209402
19.327292938749856
13.845117386033605
16.737929666504456
15.518948253043762
15.359765000000813
15.518945000000807
14.537784262804632
14.537796164056298
3.8399350000032553
11.084960802648334
7.993475846179182
15.518941520131133
18.146865493529454
16.73792529161395
19.95293064091714
12.343686281287694
5.86561200065688
8.867975000001408
9.663646986663473
6.650975213639727
9.663651390838247
15.98695816958467
13.845101718198029
18.94199028799376
17.735935000000705
6.650983873897906
11.731224186650342
18.941991435449705
12.343686281287694
13.30195500000094
13.845109964072153
9.663646986663473
7.679885809935588
11.519835000001086
19.705057195081924
7.9934754602019025
2.216995000005638
13.485444357285747
15.518950805845414
7.993482393953839
13.485435315341139
13.485441023676238
14.537791701756152
19.705057195081924
18.941991435449705
15.986960656449057
18.146870877538365
5.86561200065688
2.21699962463912
13.485439654102864
8.86796500000141
16.737916844113247
18.94199401071202
19.3272895904017
18.146870877538365
12.343686281287694
13.845105276856872
9.663642024932939
5.865615396175409
4.433987419135287
8.86796500000141
3.8399419899068783
19.95292500000063
19.952944301171446
15.98695799016342
17.596828545299008
12.343689411867507
12.343688623650955
19.95292500000063
14.537792186864207
13.485441023676238
19.327287029933867
19.19970860977452
17.31527133270657
11.084955000001129
7.993475846179182
7.679895000001627
15.359775000000813
18.94198815865563
14.537784262804632
7.679885000001628
8.867975000001408
6.650975213639727
15.35976478974369
9.663642214209402
7.993482393953839
17.596835091835406
14.537792186864207
15.986960656449055
13.845111325888643
11.084965000001128
13.30195500000094
13.84511409938719
13.84511409938719
2.2169850000056384
10.159546676956113
18.94199028799376
17.735942846413604
17.735937846413705
15.986960656449057
15.986960656449057
8.867975000001408
11.084955000001129
11.084960802648334
11.73121498204896
9.663642024932939
18.146865493529454
16.73792529161395
15.518950805845414
7.993475846179183
4.4339824191408335
2.216994624632636
4.433985000002819
3.8399369899062146
2.2169946246326355
14.537798286805673
12.343688623650955
13.845117386033605
17.315257466149614
13.485441023676238
13.48543187951539
13.845105276856872
2.216995000005638
11.731214982048963
9.663642214209402
18.146871552536265
13.301945000000941
15.518950051909117
12.343695613852846
15.986960656449055
14.537782457020397
16.73791933121468
11.731216341643776
7.9934754602019025
9.663642214209402
10.159546676956113
14.537798286805673
17.735942846413604
14.537791701756152
15.986960656449057
13.301953597154442
13.845105276856872
11.731214366844126
8.867968008143128
13.485444357285747
5.865612000656879
17.596835091835406
19.705064621691804
13.845116897825385
19.705057308621306
19.32729620656366
15.986960656449057
11.731214366844126
6.6509802136414455
8.867975000001408
15.518942001890785
11.731216341643776
7.993482393953839
5.865610110828198
12.343695613852846
11.519835000001086
17.59682729030577
15.518948187788048
17.596842042112275
16.737927360765134
11.519838290221353
6.650985000001879
7.679894470189677
15.518945000000807
13.485441023676238
13.845114984110822
19.19972500000065
16.73792529161395
17.596830332484597
11.519825000001086
14.537784262804632
10.159543248928566
12.343698501942196
16.73792792518387
5.865611697278469
7.9934821120866975
5.865610110828198
13.485435315341139
15.98695799016342
13.30195725740577
18.14686483321706
17.596830332484597
8.867968008143128
7.993475846179183
5.865611697278469
17.596836739415696
19.19970860977452
3.8399506501581495
18.146861103982967
7.9934821120866975
18.146871552536265
14.537795514219136
11.731224186650342
15.518948253043762
13.485444357285747
11.731214366844126
19.705064621691804
18.941991435449705
15.986950784394441
3.839945650168762
11.731214982048963
10.159543543548105
15.518948187788048
15.359775000000813
